{"/home/kayky/Documentos/testeGraphql/Library-NEST-REACT-GRAPHQL/src/api.ts": {"path":"/home/kayky/Documentos/testeGraphql/Library-NEST-REACT-GRAPHQL/src/api.ts","statementMap":{"0":{"start":{"line":1,"column":0},"end":{"line":1,"column":26}},"1":{"start":{"line":3,"column":12},"end":{"line":3,"column":26}},"2":{"start":{"line":5,"column":0},"end":{"line":17,"column":2}},"3":{"start":{"line":7,"column":18},"end":{"line":7,"column":47}},"4":{"start":{"line":8,"column":4},"end":{"line":13,"column":5}},"5":{"start":{"line":9,"column":6},"end":{"line":11,"column":7}},"6":{"start":{"line":10,"column":9},"end":{"line":10,"column":37}},"7":{"start":{"line":12,"column":7},"end":{"line":12,"column":64}},"8":{"start":{"line":14,"column":4},"end":{"line":14,"column":18}},"9":{"start":{"line":16,"column":13},"end":{"line":16,"column":34}},"10":{"start":{"line":19,"column":0},"end":{"line":34,"column":2}},"11":{"start":{"line":20,"column":16},"end":{"line":20,"column":24}},"12":{"start":{"line":22,"column":19},"end":{"line":22,"column":42}},"13":{"start":{"line":23,"column":16},"end":{"line":23,"column":34}},"14":{"start":{"line":25,"column":4},"end":{"line":31,"column":5}},"15":{"start":{"line":26,"column":6},"end":{"line":26,"column":39}},"16":{"start":{"line":27,"column":6},"end":{"line":27,"column":38}},"17":{"start":{"line":28,"column":6},"end":{"line":30,"column":7}},"18":{"start":{"line":29,"column":8},"end":{"line":29,"column":35}},"19":{"start":{"line":32,"column":4},"end":{"line":32,"column":33}},"20":{"start":{"line":36,"column":0},"end":{"line":36,"column":19}}},"fnMap":{"0":{"name":"(anonymous_1)","decl":{"start":{"line":6,"column":2},"end":{"line":6,"column":3}},"loc":{"start":{"line":6,"column":13},"end":{"line":15,"column":3}}},"1":{"name":"(anonymous_2)","decl":{"start":{"line":16,"column":2},"end":{"line":16,"column":3}},"loc":{"start":{"line":16,"column":13},"end":{"line":16,"column":34}}},"2":{"name":"(anonymous_3)","decl":{"start":{"line":20,"column":2},"end":{"line":20,"column":3}},"loc":{"start":{"line":20,"column":16},"end":{"line":20,"column":24}}},"3":{"name":"(anonymous_4)","decl":{"start":{"line":21,"column":2},"end":{"line":21,"column":3}},"loc":{"start":{"line":21,"column":12},"end":{"line":33,"column":3}}}},"branchMap":{"0":{"loc":{"start":{"line":8,"column":4},"end":{"line":13,"column":5}},"type":"if","locations":[{"start":{"line":8,"column":4},"end":{"line":13,"column":5}}]},"1":{"loc":{"start":{"line":9,"column":6},"end":{"line":11,"column":7}},"type":"if","locations":[{"start":{"line":9,"column":6},"end":{"line":11,"column":7}}]},"2":{"loc":{"start":{"line":22,"column":19},"end":{"line":22,"column":42}},"type":"cond-expr","locations":[{"start":{"line":22,"column":34},"end":{"line":22,"column":36}},{"start":{"line":22,"column":34},"end":{"line":22,"column":42}}]},"3":{"loc":{"start":{"line":22,"column":19},"end":{"line":22,"column":36}},"type":"binary-expr","locations":[{"start":{"line":22,"column":19},"end":{"line":22,"column":36}},{"start":{"line":22,"column":34},"end":{"line":22,"column":36}}]},"4":{"loc":{"start":{"line":22,"column":19},"end":{"line":22,"column":34}},"type":"cond-expr","locations":[{"start":{"line":22,"column":24},"end":{"line":22,"column":26}},{"start":{"line":22,"column":19},"end":{"line":22,"column":34}}]},"5":{"loc":{"start":{"line":22,"column":19},"end":{"line":22,"column":26}},"type":"binary-expr","locations":[{"start":{"line":22,"column":19},"end":{"line":22,"column":26}},{"start":{"line":22,"column":19},"end":{"line":22,"column":26}}]},"6":{"loc":{"start":{"line":23,"column":16},"end":{"line":23,"column":34}},"type":"cond-expr","locations":[{"start":{"line":23,"column":29},"end":{"line":23,"column":31}},{"start":{"line":23,"column":29},"end":{"line":23,"column":34}}]},"7":{"loc":{"start":{"line":23,"column":16},"end":{"line":23,"column":31}},"type":"binary-expr","locations":[{"start":{"line":23,"column":16},"end":{"line":23,"column":31}},{"start":{"line":23,"column":29},"end":{"line":23,"column":31}}]},"8":{"loc":{"start":{"line":23,"column":16},"end":{"line":23,"column":29}},"type":"cond-expr","locations":[{"start":{"line":23,"column":21},"end":{"line":23,"column":23}},{"start":{"line":23,"column":16},"end":{"line":23,"column":29}}]},"9":{"loc":{"start":{"line":23,"column":16},"end":{"line":23,"column":23}},"type":"binary-expr","locations":[{"start":{"line":23,"column":16},"end":{"line":23,"column":23}},{"start":{"line":23,"column":16},"end":{"line":23,"column":23}}]},"10":{"loc":{"start":{"line":25,"column":4},"end":{"line":31,"column":5}},"type":"if","locations":[{"start":{"line":25,"column":4},"end":{"line":31,"column":5}}]},"11":{"loc":{"start":{"line":25,"column":8},"end":{"line":25,"column":72}},"type":"binary-expr","locations":[{"start":{"line":25,"column":9},"end":{"line":25,"column":23}},{"start":{"line":25,"column":27},"end":{"line":25,"column":41}},{"start":{"line":25,"column":46},"end":{"line":25,"column":72}}]},"12":{"loc":{"start":{"line":25,"column":47},"end":{"line":25,"column":70}},"type":"cond-expr","locations":[{"start":{"line":25,"column":50},"end":{"line":25,"column":52}},{"start":{"line":25,"column":47},"end":{"line":25,"column":70}}]},"13":{"loc":{"start":{"line":25,"column":47},"end":{"line":25,"column":52}},"type":"binary-expr","locations":[{"start":{"line":25,"column":47},"end":{"line":25,"column":52}},{"start":{"line":25,"column":47},"end":{"line":25,"column":52}}]},"14":{"loc":{"start":{"line":28,"column":6},"end":{"line":30,"column":7}},"type":"if","locations":[{"start":{"line":28,"column":6},"end":{"line":30,"column":7}}]}},"s":{"0":0,"1":0,"2":0,"3":0,"4":0,"5":0,"6":0,"7":0,"8":0,"9":0,"10":0,"11":0,"12":0,"13":0,"14":0,"15":0,"16":0,"17":0,"18":0,"19":0,"20":0},"f":{"0":0,"1":0,"2":0,"3":0},"b":{"0":[0],"1":[0],"2":[0,0],"3":[0,0],"4":[0,0],"5":[0,0],"6":[0,0],"7":[0,0],"8":[0,0],"9":[0,0],"10":[0],"11":[0,0,0],"12":[0,0],"13":[0,0],"14":[0]}}
,"/home/kayky/Documentos/testeGraphql/Library-NEST-REACT-GRAPHQL/src/common/exceptions/custom.exception.ts": {"path":"/home/kayky/Documentos/testeGraphql/Library-NEST-REACT-GRAPHQL/src/common/exceptions/custom.exception.ts","statementMap":{"0":{"start":{"line":1,"column":0},"end":{"line":1,"column":59}},"1":{"start":{"line":5,"column":4},"end":{"line":13,"column":6}},"2":{"start":{"line":3,"column":0},"end":{"line":3,"column":13}},"3":{"start":{"line":19,"column":4},"end":{"line":27,"column":6}},"4":{"start":{"line":17,"column":0},"end":{"line":17,"column":13}},"5":{"start":{"line":33,"column":4},"end":{"line":41,"column":6}},"6":{"start":{"line":31,"column":0},"end":{"line":31,"column":13}},"7":{"start":{"line":47,"column":4},"end":{"line":56,"column":6}},"8":{"start":{"line":45,"column":0},"end":{"line":45,"column":13}}},"fnMap":{"0":{"name":"(anonymous_0)","decl":{"start":{"line":4,"column":2},"end":{"line":4,"column":14}},"loc":{"start":{"line":4,"column":28},"end":{"line":14,"column":3}}},"1":{"name":"(anonymous_1)","decl":{"start":{"line":18,"column":2},"end":{"line":18,"column":14}},"loc":{"start":{"line":18,"column":30},"end":{"line":28,"column":3}}},"2":{"name":"(anonymous_2)","decl":{"start":{"line":32,"column":2},"end":{"line":32,"column":14}},"loc":{"start":{"line":32,"column":28},"end":{"line":42,"column":3}}},"3":{"name":"(anonymous_3)","decl":{"start":{"line":46,"column":2},"end":{"line":46,"column":14}},"loc":{"start":{"line":46,"column":49},"end":{"line":57,"column":3}}}},"branchMap":{"0":{"loc":{"start":{"line":52,"column":17},"end":{"line":52,"column":60}},"type":"binary-expr","locations":[{"start":{"line":52,"column":17},"end":{"line":52,"column":24}},{"start":{"line":52,"column":28},"end":{"line":52,"column":60}}]}},"s":{"0":0,"1":0,"2":0,"3":0,"4":0,"5":0,"6":0,"7":0,"8":0},"f":{"0":0,"1":0,"2":0,"3":0},"b":{"0":[0,0]}}
,"/home/kayky/Documentos/testeGraphql/Library-NEST-REACT-GRAPHQL/src/common/exceptions/index.ts": {"path":"/home/kayky/Documentos/testeGraphql/Library-NEST-REACT-GRAPHQL/src/common/exceptions/index.ts","statementMap":{"0":{"start":{"line":1,"column":0},"end":{"line":1,"column":35}}},"fnMap":{},"branchMap":{},"s":{"0":0},"f":{},"b":{}}
,"/home/kayky/Documentos/testeGraphql/Library-NEST-REACT-GRAPHQL/src/common/guards/admin.guard.ts": {"path":"/home/kayky/Documentos/testeGraphql/Library-NEST-REACT-GRAPHQL/src/common/guards/admin.guard.ts","statementMap":{"0":{"start":{"line":1,"column":0},"end":{"line":1,"column":null}},"1":{"start":{"line":7,"column":0},"end":{"line":7,"column":62}},"2":{"start":{"line":10,"column":7},"end":{"line":26,"column":null}},"3":{"start":{"line":12,"column":24},"end":{"line":12,"column":56}},"4":{"start":{"line":13,"column":4},"end":{"line":15,"column":5}},"5":{"start":{"line":14,"column":6},"end":{"line":14,"column":19}},"6":{"start":{"line":17,"column":20},"end":{"line":17,"column":55}},"7":{"start":{"line":18,"column":17},"end":{"line":18,"column":29}},"8":{"start":{"line":20,"column":4},"end":{"line":22,"column":5}},"9":{"start":{"line":21,"column":6},"end":{"line":21,"column":72}},"10":{"start":{"line":24,"column":4},"end":{"line":24,"column":16}},"11":{"start":{"line":10,"column":13},"end":{"line":10,"column":23}},"12":{"start":{"line":10,"column":13},"end":{"line":26,"column":null}}},"fnMap":{"0":{"name":"(anonymous_8)","decl":{"start":{"line":11,"column":8},"end":{"line":11,"column":19}},"loc":{"start":{"line":11,"column":45},"end":{"line":25,"column":null}}}},"branchMap":{"0":{"loc":{"start":{"line":13,"column":4},"end":{"line":15,"column":5}},"type":"if","locations":[{"start":{"line":13,"column":4},"end":{"line":15,"column":5}}]},"1":{"loc":{"start":{"line":20,"column":4},"end":{"line":22,"column":5}},"type":"if","locations":[{"start":{"line":20,"column":4},"end":{"line":22,"column":5}}]},"2":{"loc":{"start":{"line":20,"column":8},"end":{"line":20,"column":18}},"type":"cond-expr","locations":[{"start":{"line":20,"column":12},"end":{"line":20,"column":14}},{"start":{"line":20,"column":8},"end":{"line":20,"column":18}}]},"3":{"loc":{"start":{"line":20,"column":8},"end":{"line":20,"column":14}},"type":"binary-expr","locations":[{"start":{"line":20,"column":8},"end":{"line":20,"column":14}},{"start":{"line":20,"column":8},"end":{"line":20,"column":14}}]}},"s":{"0":0,"1":0,"2":0,"3":0,"4":0,"5":0,"6":0,"7":0,"8":0,"9":0,"10":0,"11":0,"12":0},"f":{"0":0},"b":{"0":[0],"1":[0],"2":[0,0],"3":[0,0]}}
,"/home/kayky/Documentos/testeGraphql/Library-NEST-REACT-GRAPHQL/src/common/guards/gql-admin.guard.ts": {"path":"/home/kayky/Documentos/testeGraphql/Library-NEST-REACT-GRAPHQL/src/common/guards/gql-admin.guard.ts","statementMap":{"0":{"start":{"line":1,"column":0},"end":{"line":1,"column":62}},"1":{"start":{"line":2,"column":0},"end":{"line":2,"column":54}},"2":{"start":{"line":3,"column":0},"end":{"line":3,"column":45}},"3":{"start":{"line":6,"column":7},"end":{"line":24,"column":null}},"4":{"start":{"line":8,"column":16},"end":{"line":8,"column":51}},"5":{"start":{"line":9,"column":4},"end":{"line":9,"column":32}},"6":{"start":{"line":13,"column":24},"end":{"line":13,"column":56}},"7":{"start":{"line":14,"column":4},"end":{"line":16,"column":5}},"8":{"start":{"line":15,"column":6},"end":{"line":15,"column":19}},"9":{"start":{"line":18,"column":16},"end":{"line":18,"column":51}},"10":{"start":{"line":19,"column":20},"end":{"line":19,"column":40}},"11":{"start":{"line":20,"column":17},"end":{"line":20,"column":29}},"12":{"start":{"line":22,"column":4},"end":{"line":22,"column":41}},"13":{"start":{"line":6,"column":13},"end":{"line":6,"column":26}},"14":{"start":{"line":6,"column":13},"end":{"line":24,"column":null}}},"fnMap":{"0":{"name":"(anonymous_8)","decl":{"start":{"line":7,"column":2},"end":{"line":7,"column":12}},"loc":{"start":{"line":7,"column":38},"end":{"line":10,"column":3}}},"1":{"name":"(anonymous_9)","decl":{"start":{"line":12,"column":8},"end":{"line":12,"column":19}},"loc":{"start":{"line":12,"column":45},"end":{"line":23,"column":null}}}},"branchMap":{"0":{"loc":{"start":{"line":14,"column":4},"end":{"line":16,"column":5}},"type":"if","locations":[{"start":{"line":14,"column":4},"end":{"line":16,"column":5}}]},"1":{"loc":{"start":{"line":22,"column":11},"end":{"line":22,"column":40}},"type":"binary-expr","locations":[{"start":{"line":22,"column":11},"end":{"line":22,"column":15}},{"start":{"line":22,"column":19},"end":{"line":22,"column":40}}]}},"s":{"0":0,"1":0,"2":0,"3":0,"4":0,"5":0,"6":0,"7":0,"8":0,"9":0,"10":0,"11":0,"12":0,"13":0,"14":0},"f":{"0":0,"1":0},"b":{"0":[0],"1":[0,0]}}
,"/home/kayky/Documentos/testeGraphql/Library-NEST-REACT-GRAPHQL/src/common/guards/gql-auth.guard.ts": {"path":"/home/kayky/Documentos/testeGraphql/Library-NEST-REACT-GRAPHQL/src/common/guards/gql-auth.guard.ts","statementMap":{"0":{"start":{"line":1,"column":0},"end":{"line":1,"column":62}},"1":{"start":{"line":2,"column":0},"end":{"line":2,"column":45}},"2":{"start":{"line":3,"column":0},"end":{"line":3,"column":54}},"3":{"start":{"line":6,"column":7},"end":{"line":11,"column":null}},"4":{"start":{"line":8,"column":16},"end":{"line":8,"column":51}},"5":{"start":{"line":9,"column":4},"end":{"line":9,"column":32}},"6":{"start":{"line":6,"column":13},"end":{"line":6,"column":25}},"7":{"start":{"line":6,"column":13},"end":{"line":11,"column":null}}},"fnMap":{"0":{"name":"(anonymous_1)","decl":{"start":{"line":7,"column":2},"end":{"line":7,"column":12}},"loc":{"start":{"line":7,"column":38},"end":{"line":10,"column":3}}}},"branchMap":{},"s":{"0":0,"1":0,"2":0,"3":0,"4":0,"5":0,"6":0,"7":0},"f":{"0":0},"b":{}}
,"/home/kayky/Documentos/testeGraphql/Library-NEST-REACT-GRAPHQL/src/common/guards/index.ts": {"path":"/home/kayky/Documentos/testeGraphql/Library-NEST-REACT-GRAPHQL/src/common/guards/index.ts","statementMap":{"0":{"start":{"line":1,"column":0},"end":{"line":1,"column":33}},"1":{"start":{"line":2,"column":0},"end":{"line":2,"column":35}},"2":{"start":{"line":3,"column":0},"end":{"line":3,"column":30}}},"fnMap":{},"branchMap":{},"s":{"0":0,"1":0,"2":0},"f":{},"b":{}}
,"/home/kayky/Documentos/testeGraphql/Library-NEST-REACT-GRAPHQL/src/common/guards/jwt-auth.guard.ts": {"path":"/home/kayky/Documentos/testeGraphql/Library-NEST-REACT-GRAPHQL/src/common/guards/jwt-auth.guard.ts","statementMap":{"0":{"start":{"line":1,"column":0},"end":{"line":1,"column":44}},"1":{"start":{"line":2,"column":0},"end":{"line":2,"column":45}},"2":{"start":{"line":5,"column":7},"end":{"line":5,"column":null}},"3":{"start":{"line":5,"column":13},"end":{"line":5,"column":25}},"4":{"start":{"line":5,"column":13},"end":{"line":5,"column":null}}},"fnMap":{},"branchMap":{},"s":{"0":0,"1":0,"2":0,"3":0,"4":0},"f":{},"b":{}}
,"/home/kayky/Documentos/testeGraphql/Library-NEST-REACT-GRAPHQL/src/common/guards/local-auth.guard.ts": {"path":"/home/kayky/Documentos/testeGraphql/Library-NEST-REACT-GRAPHQL/src/common/guards/local-auth.guard.ts","statementMap":{"0":{"start":{"line":1,"column":0},"end":{"line":1,"column":44}},"1":{"start":{"line":2,"column":0},"end":{"line":2,"column":45}},"2":{"start":{"line":5,"column":7},"end":{"line":5,"column":null}},"3":{"start":{"line":5,"column":13},"end":{"line":5,"column":27}},"4":{"start":{"line":5,"column":13},"end":{"line":5,"column":null}}},"fnMap":{},"branchMap":{},"s":{"0":0,"1":0,"2":0,"3":0,"4":0},"f":{},"b":{}}
,"/home/kayky/Documentos/testeGraphql/Library-NEST-REACT-GRAPHQL/src/common/interfaces/index.ts": {"path":"/home/kayky/Documentos/testeGraphql/Library-NEST-REACT-GRAPHQL/src/common/interfaces/index.ts","statementMap":{"0":{"start":{"line":1,"column":0},"end":{"line":1,"column":33}},"1":{"start":{"line":2,"column":0},"end":{"line":2,"column":35}},"2":{"start":{"line":3,"column":0},"end":{"line":3,"column":37}}},"fnMap":{},"branchMap":{},"s":{"0":0,"1":0,"2":0},"f":{},"b":{}}
,"/home/kayky/Documentos/testeGraphql/Library-NEST-REACT-GRAPHQL/src/common/scalars/upload.scalar.ts": {"path":"/home/kayky/Documentos/testeGraphql/Library-NEST-REACT-GRAPHQL/src/common/scalars/upload.scalar.ts","statementMap":{"0":{"start":{"line":1,"column":0},"end":{"line":1,"column":55}},"1":{"start":{"line":3,"column":0},"end":{"line":3,"column":39}},"2":{"start":{"line":13,"column":7},"end":{"line":27,"column":null}},"3":{"start":{"line":14,"column":2},"end":{"line":14,"column":44}},"4":{"start":{"line":17,"column":4},"end":{"line":17,"column":17}},"5":{"start":{"line":21,"column":4},"end":{"line":21,"column":17}},"6":{"start":{"line":25,"column":4},"end":{"line":25,"column":73}},"7":{"start":{"line":13,"column":13},"end":{"line":13,"column":19}},"8":{"start":{"line":13,"column":13},"end":{"line":27,"column":null}}},"fnMap":{"0":{"name":"(anonymous_1)","decl":{"start":{"line":13,"column":7},"end":{"line":13,"column":13}},"loc":{"start":{"line":13,"column":7},"end":{"line":27,"column":1}}},"1":{"name":"(anonymous_2)","decl":{"start":{"line":16,"column":2},"end":{"line":16,"column":12}},"loc":{"start":{"line":16,"column":23},"end":{"line":18,"column":3}}},"2":{"name":"(anonymous_3)","decl":{"start":{"line":20,"column":2},"end":{"line":20,"column":11}},"loc":{"start":{"line":20,"column":29},"end":{"line":22,"column":3}}},"3":{"name":"(anonymous_4)","decl":{"start":{"line":24,"column":2},"end":{"line":24,"column":14}},"loc":{"start":{"line":24,"column":29},"end":{"line":26,"column":3}}}},"branchMap":{},"s":{"0":0,"1":0,"2":0,"3":0,"4":0,"5":0,"6":0,"7":0,"8":0},"f":{"0":0,"1":0,"2":0,"3":0},"b":{}}
,"/home/kayky/Documentos/testeGraphql/Library-NEST-REACT-GRAPHQL/src/common/services/cloudinary.service.ts": {"path":"/home/kayky/Documentos/testeGraphql/Library-NEST-REACT-GRAPHQL/src/common/services/cloudinary.service.ts","statementMap":{"0":{"start":{"line":1,"column":0},"end":{"line":1,"column":44}},"1":{"start":{"line":2,"column":0},"end":{"line":2,"column":47}},"2":{"start":{"line":3,"column":0},"end":{"line":3,"column":46}},"3":{"start":{"line":5,"column":25},"end":{"line":37,"column":2}},"4":{"start":{"line":40,"column":7},"end":{"line":246,"column":null}},"5":{"start":{"line":41,"column":22},"end":{"line":41,"column":37}},"6":{"start":{"line":42,"column":4},"end":{"line":46,"column":7}},"7":{"start":{"line":50,"column":4},"end":{"line":77,"column":null}},"8":{"start":{"line":54,"column":4},"end":{"line":76,"column":5}},"9":{"start":{"line":55,"column":24},"end":{"line":55,"column":34}},"10":{"start":{"line":56,"column":23},"end":{"line":56,"column":65}},"11":{"start":{"line":57,"column":23},"end":{"line":57,"column":79}},"12":{"start":{"line":59,"column":21},"end":{"line":70,"column":null}},"13":{"start":{"line":73,"column":6},"end":{"line":73,"column":31}},"14":{"start":{"line":75,"column":6},"end":{"line":75,"column":80}},"15":{"start":{"line":80,"column":4},"end":{"line":105,"column":null}},"16":{"start":{"line":84,"column":4},"end":{"line":104,"column":5}},"17":{"start":{"line":85,"column":33},"end":{"line":93,"column":8}},"18":{"start":{"line":95,"column":6},"end":{"line":98,"column":7}},"19":{"start":{"line":96,"column":8},"end":{"line":96,"column":58}},"20":{"start":{"line":97,"column":8},"end":{"line":97,"column":39}},"21":{"start":{"line":100,"column":21},"end":{"line":100,"column":78}},"22":{"start":{"line":101,"column":6},"end":{"line":101,"column":31}},"23":{"start":{"line":103,"column":6},"end":{"line":103,"column":89}},"24":{"start":{"line":111,"column":4},"end":{"line":135,"column":5}},"25":{"start":{"line":112,"column":24},"end":{"line":112,"column":34}},"26":{"start":{"line":113,"column":23},"end":{"line":113,"column":65}},"27":{"start":{"line":114,"column":27},"end":{"line":114,"column":78}},"28":{"start":{"line":116,"column":33},"end":{"line":125,"column":8}},"29":{"start":{"line":127,"column":21},"end":{"line":129,"column":null}},"30":{"start":{"line":132,"column":6},"end":{"line":132,"column":31}},"31":{"start":{"line":134,"column":6},"end":{"line":134,"column":88}},"32":{"start":{"line":139,"column":4},"end":{"line":177,"column":5}},"33":{"start":{"line":140,"column":6},"end":{"line":145,"column":7}},"34":{"start":{"line":141,"column":8},"end":{"line":144,"column":10}},"35":{"start":{"line":147,"column":6},"end":{"line":157,"column":7}},"36":{"start":{"line":148,"column":8},"end":{"line":148,"column":48}},"37":{"start":{"line":150,"column":8},"end":{"line":155,"column":9}},"38":{"start":{"line":151,"column":10},"end":{"line":154,"column":12}},"39":{"start":{"line":156,"column":8},"end":{"line":156,"column":20}},"40":{"start":{"line":159,"column":21},"end":{"line":159,"column":64}},"41":{"start":{"line":161,"column":6},"end":{"line":171,"column":7}},"42":{"start":{"line":162,"column":8},"end":{"line":165,"column":10}},"43":{"start":{"line":167,"column":8},"end":{"line":170,"column":10}},"44":{"start":{"line":173,"column":6},"end":{"line":176,"column":8}},"45":{"start":{"line":181,"column":4},"end":{"line":181,"column":47}},"46":{"start":{"line":185,"column":26},"end":{"line":189,"column":6}},"47":{"start":{"line":190,"column":4},"end":{"line":190,"column":31}},"48":{"start":{"line":194,"column":4},"end":{"line":196,"column":5}},"49":{"start":{"line":195,"column":6},"end":{"line":195,"column":44}},"50":{"start":{"line":198,"column":14},"end":{"line":198,"column":16}},"51":{"start":{"line":200,"column":4},"end":{"line":211,"column":5}},"52":{"start":{"line":201,"column":6},"end":{"line":201,"column":18}},"53":{"start":{"line":202,"column":11},"end":{"line":211,"column":5}},"54":{"start":{"line":203,"column":6},"end":{"line":203,"column":114}},"55":{"start":{"line":204,"column":11},"end":{"line":211,"column":5}},"56":{"start":{"line":205,"column":21},"end":{"line":205,"column":85}},"57":{"start":{"line":206,"column":6},"end":{"line":206,"column":124}},"58":{"start":{"line":207,"column":11},"end":{"line":211,"column":5}},"59":{"start":{"line":208,"column":6},"end":{"line":208,"column":16}},"60":{"start":{"line":210,"column":6},"end":{"line":210,"column":32}},"61":{"start":{"line":213,"column":4},"end":{"line":216,"column":5}},"62":{"start":{"line":214,"column":24},"end":{"line":214,"column":53}},"63":{"start":{"line":215,"column":6},"end":{"line":215,"column":43}},"64":{"start":{"line":218,"column":4},"end":{"line":218,"column":15}},"65":{"start":{"line":223,"column":18},"end":{"line":223,"column":42}},"66":{"start":{"line":224,"column":24},"end":{"line":224,"column":66}},"67":{"start":{"line":224,"column":48},"end":{"line":224,"column":65}},"68":{"start":{"line":225,"column":4},"end":{"line":227,"column":5}},"69":{"start":{"line":226,"column":6},"end":{"line":226,"column":66}},"70":{"start":{"line":228,"column":21},"end":{"line":228,"column":44}},"71":{"start":{"line":229,"column":4},"end":{"line":229,"column":34}},"72":{"start":{"line":233,"column":50},"end":{"line":233,"column":52}},"73":{"start":{"line":235,"column":4},"end":{"line":242,"column":5}},"74":{"start":{"line":236,"column":6},"end":{"line":241,"column":7}},"75":{"start":{"line":237,"column":25},"end":{"line":237,"column":64}},"76":{"start":{"line":238,"column":8},"end":{"line":238,"column":51}},"77":{"start":{"line":240,"column":8},"end":{"line":240,"column":69}},"78":{"start":{"line":244,"column":4},"end":{"line":244,"column":22}},"79":{"start":{"line":40,"column":13},"end":{"line":40,"column":30}},"80":{"start":{"line":40,"column":13},"end":{"line":246,"column":null}}},"fnMap":{"0":{"name":"(anonymous_9)","decl":{"start":{"line":41,"column":2},"end":{"line":41,"column":22}},"loc":{"start":{"line":41,"column":50},"end":{"line":47,"column":3}}},"1":{"name":"(anonymous_10)","decl":{"start":{"line":49,"column":8},"end":{"line":49,"column":19}},"loc":{"start":{"line":49,"column":19},"end":{"line":77,"column":null}}},"2":{"name":"(anonymous_11)","decl":{"start":{"line":50,"column":4},"end":{"line":50,"column":29}},"loc":{"start":{"line":52,"column":27},"end":{"line":77,"column":3}}},"3":{"name":"(anonymous_12)","decl":{"start":{"line":79,"column":8},"end":{"line":79,"column":26}},"loc":{"start":{"line":79,"column":26},"end":{"line":105,"column":null}}},"4":{"name":"(anonymous_13)","decl":{"start":{"line":80,"column":4},"end":{"line":80,"column":20}},"loc":{"start":{"line":82,"column":41},"end":{"line":105,"column":3}}},"5":{"name":"(anonymous_14)","decl":{"start":{"line":107,"column":8},"end":{"line":107,"column":26}},"loc":{"start":{"line":109,"column":21},"end":{"line":136,"column":null}}},"6":{"name":"(anonymous_16)","decl":{"start":{"line":138,"column":8},"end":{"line":138,"column":23}},"loc":{"start":{"line":138,"column":40},"end":{"line":178,"column":null}}},"7":{"name":"(anonymous_18)","decl":{"start":{"line":180,"column":2},"end":{"line":180,"column":18}},"loc":{"start":{"line":180,"column":35},"end":{"line":182,"column":3}}},"8":{"name":"(anonymous_19)","decl":{"start":{"line":184,"column":2},"end":{"line":184,"column":21}},"loc":{"start":{"line":184,"column":66},"end":{"line":191,"column":3}}},"9":{"name":"(anonymous_20)","decl":{"start":{"line":193,"column":2},"end":{"line":193,"column":13}},"loc":{"start":{"line":193,"column":123},"end":{"line":219,"column":3}}},"10":{"name":"(anonymous_21)","decl":{"start":{"line":222,"column":2},"end":{"line":222,"column":17}},"loc":{"start":{"line":222,"column":39},"end":{"line":230,"column":3}}},"11":{"name":"(anonymous_22)","decl":{"start":{"line":224,"column":40},"end":{"line":224,"column":44}},"loc":{"start":{"line":224,"column":48},"end":{"line":224,"column":65}}},"12":{"name":"(anonymous_23)","decl":{"start":{"line":232,"column":8},"end":{"line":232,"column":29}},"loc":{"start":{"line":232,"column":29},"end":{"line":245,"column":null}}}},"branchMap":{"0":{"loc":{"start":{"line":51,"column":4},"end":{"line":51,"column":41}},"type":"default-arg","locations":[{"start":{"line":51,"column":21},"end":{"line":51,"column":41}}]},"1":{"loc":{"start":{"line":57,"column":23},"end":{"line":57,"column":79}},"type":"binary-expr","locations":[{"start":{"line":57,"column":23},"end":{"line":57,"column":37}},{"start":{"line":57,"column":41},"end":{"line":57,"column":79}}]},"2":{"loc":{"start":{"line":60,"column":8},"end":{"line":60,"column":85}},"type":"binary-expr","locations":[{"start":{"line":60,"column":8},"end":{"line":60,"column":17}},{"start":{"line":60,"column":21},"end":{"line":60,"column":85}}]},"3":{"loc":{"start":{"line":82,"column":4},"end":{"line":82,"column":41}},"type":"default-arg","locations":[{"start":{"line":82,"column":21},"end":{"line":82,"column":41}}]},"4":{"loc":{"start":{"line":95,"column":6},"end":{"line":98,"column":7}},"type":"if","locations":[{"start":{"line":95,"column":6},"end":{"line":98,"column":7}}]},"5":{"loc":{"start":{"line":114,"column":27},"end":{"line":114,"column":78}},"type":"binary-expr","locations":[{"start":{"line":114,"column":27},"end":{"line":114,"column":35}},{"start":{"line":114,"column":39},"end":{"line":114,"column":78}}]},"6":{"loc":{"start":{"line":128,"column":8},"end":{"line":128,"column":85}},"type":"binary-expr","locations":[{"start":{"line":128,"column":8},"end":{"line":128,"column":17}},{"start":{"line":128,"column":21},"end":{"line":128,"column":85}}]},"7":{"loc":{"start":{"line":140,"column":6},"end":{"line":145,"column":7}},"type":"if","locations":[{"start":{"line":140,"column":6},"end":{"line":145,"column":7}}]},"8":{"loc":{"start":{"line":150,"column":8},"end":{"line":155,"column":9}},"type":"if","locations":[{"start":{"line":150,"column":8},"end":{"line":155,"column":9}}]},"9":{"loc":{"start":{"line":161,"column":6},"end":{"line":171,"column":7}},"type":"if","locations":[{"start":{"line":161,"column":6},"end":{"line":171,"column":7}},{"start":{"line":166,"column":13},"end":{"line":171,"column":7}}]},"10":{"loc":{"start":{"line":184,"column":22},"end":{"line":184,"column":66}},"type":"default-arg","locations":[{"start":{"line":184,"column":60},"end":{"line":184,"column":66}}]},"11":{"loc":{"start":{"line":193,"column":48},"end":{"line":193,"column":92}},"type":"default-arg","locations":[{"start":{"line":193,"column":86},"end":{"line":193,"column":92}}]},"12":{"loc":{"start":{"line":193,"column":94},"end":{"line":193,"column":123}},"type":"default-arg","locations":[{"start":{"line":193,"column":118},"end":{"line":193,"column":123}}]},"13":{"loc":{"start":{"line":194,"column":4},"end":{"line":196,"column":5}},"type":"if","locations":[{"start":{"line":194,"column":4},"end":{"line":196,"column":5}}]},"14":{"loc":{"start":{"line":200,"column":4},"end":{"line":211,"column":5}},"type":"if","locations":[{"start":{"line":200,"column":4},"end":{"line":211,"column":5}},{"start":{"line":202,"column":11},"end":{"line":211,"column":5}}]},"15":{"loc":{"start":{"line":202,"column":11},"end":{"line":211,"column":5}},"type":"if","locations":[{"start":{"line":202,"column":11},"end":{"line":211,"column":5}},{"start":{"line":204,"column":11},"end":{"line":211,"column":5}}]},"16":{"loc":{"start":{"line":202,"column":15},"end":{"line":202,"column":76}},"type":"binary-expr","locations":[{"start":{"line":202,"column":15},"end":{"line":202,"column":41}},{"start":{"line":202,"column":45},"end":{"line":202,"column":76}}]},"17":{"loc":{"start":{"line":204,"column":11},"end":{"line":211,"column":5}},"type":"if","locations":[{"start":{"line":204,"column":11},"end":{"line":211,"column":5}},{"start":{"line":207,"column":11},"end":{"line":211,"column":5}}]},"18":{"loc":{"start":{"line":204,"column":15},"end":{"line":204,"column":71}},"type":"binary-expr","locations":[{"start":{"line":204,"column":15},"end":{"line":204,"column":40}},{"start":{"line":204,"column":44},"end":{"line":204,"column":71}}]},"19":{"loc":{"start":{"line":205,"column":21},"end":{"line":205,"column":85}},"type":"cond-expr","locations":[{"start":{"line":205,"column":39},"end":{"line":205,"column":59}},{"start":{"line":205,"column":62},"end":{"line":205,"column":85}}]},"20":{"loc":{"start":{"line":207,"column":11},"end":{"line":211,"column":5}},"type":"if","locations":[{"start":{"line":207,"column":11},"end":{"line":211,"column":5}},{"start":{"line":209,"column":11},"end":{"line":211,"column":5}}]},"21":{"loc":{"start":{"line":213,"column":4},"end":{"line":216,"column":5}},"type":"if","locations":[{"start":{"line":213,"column":4},"end":{"line":216,"column":5}}]},"22":{"loc":{"start":{"line":214,"column":24},"end":{"line":214,"column":53}},"type":"cond-expr","locations":[{"start":{"line":214,"column":44},"end":{"line":214,"column":47}},{"start":{"line":214,"column":50},"end":{"line":214,"column":53}}]},"23":{"loc":{"start":{"line":225,"column":4},"end":{"line":227,"column":5}},"type":"if","locations":[{"start":{"line":225,"column":4},"end":{"line":227,"column":5}}]},"24":{"loc":{"start":{"line":225,"column":8},"end":{"line":225,"column":60}},"type":"binary-expr","locations":[{"start":{"line":225,"column":8},"end":{"line":225,"column":26}},{"start":{"line":225,"column":30},"end":{"line":225,"column":60}}]}},"s":{"0":0,"1":0,"2":0,"3":0,"4":0,"5":0,"6":0,"7":0,"8":0,"9":0,"10":0,"11":0,"12":0,"13":0,"14":0,"15":0,"16":0,"17":0,"18":0,"19":0,"20":0,"21":0,"22":0,"23":0,"24":0,"25":0,"26":0,"27":0,"28":0,"29":0,"30":0,"31":0,"32":0,"33":0,"34":0,"35":0,"36":0,"37":0,"38":0,"39":0,"40":0,"41":0,"42":0,"43":0,"44":0,"45":0,"46":0,"47":0,"48":0,"49":0,"50":0,"51":0,"52":0,"53":0,"54":0,"55":0,"56":0,"57":0,"58":0,"59":0,"60":0,"61":0,"62":0,"63":0,"64":0,"65":0,"66":0,"67":0,"68":0,"69":0,"70":0,"71":0,"72":0,"73":0,"74":0,"75":0,"76":0,"77":0,"78":0,"79":0,"80":0},"f":{"0":0,"1":0,"2":0,"3":0,"4":0,"5":0,"6":0,"7":0,"8":0,"9":0,"10":0,"11":0,"12":0},"b":{"0":[0],"1":[0,0],"2":[0,0],"3":[0],"4":[0],"5":[0,0],"6":[0,0],"7":[0],"8":[0],"9":[0,0],"10":[0],"11":[0],"12":[0],"13":[0],"14":[0,0],"15":[0,0],"16":[0,0],"17":[0,0],"18":[0,0],"19":[0,0],"20":[0,0],"21":[0],"22":[0,0],"23":[0],"24":[0,0]}}
,"/home/kayky/Documentos/testeGraphql/Library-NEST-REACT-GRAPHQL/src/common/strategies/index.ts": {"path":"/home/kayky/Documentos/testeGraphql/Library-NEST-REACT-GRAPHQL/src/common/strategies/index.ts","statementMap":{"0":{"start":{"line":1,"column":0},"end":{"line":1,"column":31}},"1":{"start":{"line":2,"column":0},"end":{"line":2,"column":33}}},"fnMap":{},"branchMap":{},"s":{"0":0,"1":0},"f":{},"b":{}}
,"/home/kayky/Documentos/testeGraphql/Library-NEST-REACT-GRAPHQL/src/common/strategies/jwt.strategy.ts": {"path":"/home/kayky/Documentos/testeGraphql/Library-NEST-REACT-GRAPHQL/src/common/strategies/jwt.strategy.ts","statementMap":{"0":{"start":{"line":1,"column":0},"end":{"line":1,"column":52}},"1":{"start":{"line":2,"column":0},"end":{"line":2,"column":52}},"2":{"start":{"line":3,"column":0},"end":{"line":3,"column":44}},"3":{"start":{"line":6,"column":7},"end":{"line":22,"column":null}},"4":{"start":{"line":8,"column":4},"end":{"line":12,"column":7}},"5":{"start":{"line":16,"column":4},"end":{"line":20,"column":6}},"6":{"start":{"line":6,"column":13},"end":{"line":6,"column":24}},"7":{"start":{"line":6,"column":13},"end":{"line":22,"column":null}}},"fnMap":{"0":{"name":"(anonymous_9)","decl":{"start":{"line":7,"column":2},"end":{"line":7,"column":null}},"loc":{"start":{"line":7,"column":2},"end":{"line":13,"column":3}}},"1":{"name":"(anonymous_10)","decl":{"start":{"line":15,"column":8},"end":{"line":15,"column":16}},"loc":{"start":{"line":15,"column":29},"end":{"line":21,"column":null}}}},"branchMap":{"0":{"loc":{"start":{"line":11,"column":19},"end":{"line":11,"column":62}},"type":"binary-expr","locations":[{"start":{"line":11,"column":19},"end":{"line":11,"column":41}},{"start":{"line":11,"column":45},"end":{"line":11,"column":62}}]}},"s":{"0":0,"1":0,"2":0,"3":0,"4":0,"5":0,"6":0,"7":0},"f":{"0":0,"1":0},"b":{"0":[0,0]}}
,"/home/kayky/Documentos/testeGraphql/Library-NEST-REACT-GRAPHQL/src/common/strategies/local.strategy.ts": {"path":"/home/kayky/Documentos/testeGraphql/Library-NEST-REACT-GRAPHQL/src/common/strategies/local.strategy.ts","statementMap":{"0":{"start":{"line":1,"column":0},"end":{"line":1,"column":42}},"1":{"start":{"line":2,"column":0},"end":{"line":2,"column":52}},"2":{"start":{"line":3,"column":0},"end":{"line":3,"column":67}},"3":{"start":{"line":4,"column":0},"end":{"line":4,"column":58}},"4":{"start":{"line":7,"column":7},"end":{"line":19,"column":null}},"5":{"start":{"line":9,"column":4},"end":{"line":9,"column":12}},"6":{"start":{"line":8,"column":22},"end":{"line":8,"column":35}},"7":{"start":{"line":13,"column":17},"end":{"line":13,"column":72}},"8":{"start":{"line":14,"column":4},"end":{"line":16,"column":5}},"9":{"start":{"line":15,"column":6},"end":{"line":15,"column":40}},"10":{"start":{"line":17,"column":4},"end":{"line":17,"column":16}},"11":{"start":{"line":7,"column":13},"end":{"line":7,"column":26}},"12":{"start":{"line":7,"column":13},"end":{"line":19,"column":null}}},"fnMap":{"0":{"name":"(anonymous_9)","decl":{"start":{"line":8,"column":2},"end":{"line":8,"column":22}},"loc":{"start":{"line":8,"column":46},"end":{"line":10,"column":3}}},"1":{"name":"(anonymous_10)","decl":{"start":{"line":12,"column":8},"end":{"line":12,"column":16}},"loc":{"start":{"line":12,"column":51},"end":{"line":18,"column":null}}}},"branchMap":{"0":{"loc":{"start":{"line":14,"column":4},"end":{"line":16,"column":5}},"type":"if","locations":[{"start":{"line":14,"column":4},"end":{"line":16,"column":5}}]}},"s":{"0":0,"1":0,"2":0,"3":0,"4":0,"5":0,"6":0,"7":0,"8":0,"9":0,"10":0,"11":0,"12":0},"f":{"0":0,"1":0},"b":{"0":[0]}}
,"/home/kayky/Documentos/testeGraphql/Library-NEST-REACT-GRAPHQL/src/graphql/apollo-client.ts": {"path":"/home/kayky/Documentos/testeGraphql/Library-NEST-REACT-GRAPHQL/src/graphql/apollo-client.ts","statementMap":{"0":{"start":{"line":1,"column":0},"end":{"line":1,"column":83}},"1":{"start":{"line":2,"column":0},"end":{"line":2,"column":57}},"2":{"start":{"line":3,"column":0},"end":{"line":3,"column":52}},"3":{"start":{"line":5,"column":17},"end":{"line":7,"column":2}},"4":{"start":{"line":9,"column":17},"end":{"line":17,"column":2}},"5":{"start":{"line":10,"column":16},"end":{"line":10,"column":45}},"6":{"start":{"line":11,"column":2},"end":{"line":16,"column":4}},"7":{"start":{"line":19,"column":18},"end":{"line":37,"column":2}},"8":{"start":{"line":20,"column":2},"end":{"line":26,"column":3}},"9":{"start":{"line":21,"column":4},"end":{"line":25,"column":6}},"10":{"start":{"line":22,"column":6},"end":{"line":23,"column":null}},"11":{"start":{"line":27,"column":2},"end":{"line":36,"column":3}},"12":{"start":{"line":28,"column":4},"end":{"line":28,"column":54}},"13":{"start":{"line":29,"column":4},"end":{"line":35,"column":5}},"14":{"start":{"line":30,"column":6},"end":{"line":30,"column":39}},"15":{"start":{"line":31,"column":6},"end":{"line":31,"column":38}},"16":{"start":{"line":32,"column":6},"end":{"line":34,"column":7}},"17":{"start":{"line":33,"column":8},"end":{"line":33,"column":35}},"18":{"start":{"line":39,"column":15},"end":{"line":47,"column":2}},"19":{"start":{"line":49,"column":0},"end":{"line":49,"column":22}}},"fnMap":{"0":{"name":"(anonymous_0)","decl":{"start":{"line":9,"column":28},"end":{"line":9,"column":29}},"loc":{"start":{"line":9,"column":47},"end":{"line":17,"column":1}}},"1":{"name":"(anonymous_1)","decl":{"start":{"line":19,"column":26},"end":{"line":19,"column":27}},"loc":{"start":{"line":19,"column":62},"end":{"line":37,"column":1}}},"2":{"name":"(anonymous_2)","decl":{"start":{"line":21,"column":26},"end":{"line":21,"column":27}},"loc":{"start":{"line":22,"column":6},"end":{"line":23,"column":null}}}},"branchMap":{"0":{"loc":{"start":{"line":14,"column":21},"end":{"line":14,"column":51}},"type":"cond-expr","locations":[{"start":{"line":14,"column":29},"end":{"line":14,"column":46}},{"start":{"line":14,"column":49},"end":{"line":14,"column":51}}]},"1":{"loc":{"start":{"line":20,"column":2},"end":{"line":26,"column":3}},"type":"if","locations":[{"start":{"line":20,"column":2},"end":{"line":26,"column":3}}]},"2":{"loc":{"start":{"line":27,"column":2},"end":{"line":36,"column":3}},"type":"if","locations":[{"start":{"line":27,"column":2},"end":{"line":36,"column":3}}]},"3":{"loc":{"start":{"line":29,"column":4},"end":{"line":35,"column":5}},"type":"if","locations":[{"start":{"line":29,"column":4},"end":{"line":35,"column":5}}]},"4":{"loc":{"start":{"line":29,"column":8},"end":{"line":29,"column":108}},"type":"binary-expr","locations":[{"start":{"line":29,"column":8},"end":{"line":29,"column":36}},{"start":{"line":29,"column":41},"end":{"line":29,"column":72}},{"start":{"line":29,"column":76},"end":{"line":29,"column":107}}]},"5":{"loc":{"start":{"line":32,"column":6},"end":{"line":34,"column":7}},"type":"if","locations":[{"start":{"line":32,"column":6},"end":{"line":34,"column":7}}]}},"s":{"0":0,"1":0,"2":0,"3":0,"4":0,"5":0,"6":0,"7":0,"8":0,"9":0,"10":0,"11":0,"12":0,"13":0,"14":0,"15":0,"16":0,"17":0,"18":0,"19":0},"f":{"0":0,"1":0,"2":0},"b":{"0":[0,0],"1":[0],"2":[0],"3":[0],"4":[0,0,0],"5":[0]}}
,"/home/kayky/Documentos/testeGraphql/Library-NEST-REACT-GRAPHQL/src/graphql/queries/auth.ts": {"path":"/home/kayky/Documentos/testeGraphql/Library-NEST-REACT-GRAPHQL/src/graphql/queries/auth.ts","statementMap":{"0":{"start":{"line":1,"column":0},"end":{"line":1,"column":37}},"1":{"start":{"line":3,"column":13},"end":{"line":17,"column":2}},"2":{"start":{"line":19,"column":13},"end":{"line":30,"column":2}},"3":{"start":{"line":32,"column":13},"end":{"line":44,"column":2}},"4":{"start":{"line":46,"column":13},"end":{"line":58,"column":2}}},"fnMap":{},"branchMap":{},"s":{"0":0,"1":0,"2":0,"3":0,"4":0},"f":{},"b":{}}
,"/home/kayky/Documentos/testeGraphql/Library-NEST-REACT-GRAPHQL/src/graphql/queries/authors.ts": {"path":"/home/kayky/Documentos/testeGraphql/Library-NEST-REACT-GRAPHQL/src/graphql/queries/authors.ts","statementMap":{"0":{"start":{"line":1,"column":0},"end":{"line":1,"column":37}},"1":{"start":{"line":3,"column":13},"end":{"line":13,"column":2}},"2":{"start":{"line":15,"column":13},"end":{"line":31,"column":2}},"3":{"start":{"line":33,"column":13},"end":{"line":37,"column":2}},"4":{"start":{"line":39,"column":13},"end":{"line":48,"column":2}},"5":{"start":{"line":50,"column":13},"end":{"line":59,"column":2}},"6":{"start":{"line":61,"column":13},"end":{"line":65,"column":2}},"7":{"start":{"line":67,"column":13},"end":{"line":71,"column":2}}},"fnMap":{},"branchMap":{},"s":{"0":0,"1":0,"2":0,"3":0,"4":0,"5":0,"6":0,"7":0},"f":{},"b":{}}
,"/home/kayky/Documentos/testeGraphql/Library-NEST-REACT-GRAPHQL/src/graphql/queries/books.ts": {"path":"/home/kayky/Documentos/testeGraphql/Library-NEST-REACT-GRAPHQL/src/graphql/queries/books.ts","statementMap":{"0":{"start":{"line":1,"column":0},"end":{"line":1,"column":37}},"1":{"start":{"line":3,"column":13},"end":{"line":19,"column":2}},"2":{"start":{"line":21,"column":13},"end":{"line":39,"column":2}},"3":{"start":{"line":41,"column":13},"end":{"line":45,"column":2}},"4":{"start":{"line":47,"column":13},"end":{"line":57,"column":2}},"5":{"start":{"line":59,"column":13},"end":{"line":69,"column":2}},"6":{"start":{"line":71,"column":13},"end":{"line":75,"column":2}},"7":{"start":{"line":77,"column":13},"end":{"line":81,"column":2}},"8":{"start":{"line":83,"column":13},"end":{"line":101,"column":2}}},"fnMap":{},"branchMap":{},"s":{"0":0,"1":0,"2":0,"3":0,"4":0,"5":0,"6":0,"7":0,"8":0},"f":{},"b":{}}
,"/home/kayky/Documentos/testeGraphql/Library-NEST-REACT-GRAPHQL/src/graphql/queries/favorites.ts": {"path":"/home/kayky/Documentos/testeGraphql/Library-NEST-REACT-GRAPHQL/src/graphql/queries/favorites.ts","statementMap":{"0":{"start":{"line":1,"column":0},"end":{"line":1,"column":37}},"1":{"start":{"line":3,"column":13},"end":{"line":10,"column":2}},"2":{"start":{"line":12,"column":13},"end":{"line":26,"column":2}}},"fnMap":{},"branchMap":{},"s":{"0":0,"1":0,"2":0},"f":{},"b":{}}
,"/home/kayky/Documentos/testeGraphql/Library-NEST-REACT-GRAPHQL/src/graphql/queries/loans.ts": {"path":"/home/kayky/Documentos/testeGraphql/Library-NEST-REACT-GRAPHQL/src/graphql/queries/loans.ts","statementMap":{"0":{"start":{"line":1,"column":0},"end":{"line":1,"column":37}},"1":{"start":{"line":3,"column":13},"end":{"line":15,"column":2}},"2":{"start":{"line":17,"column":13},"end":{"line":21,"column":2}},"3":{"start":{"line":23,"column":13},"end":{"line":40,"column":2}},"4":{"start":{"line":42,"column":13},"end":{"line":56,"column":2}},"5":{"start":{"line":58,"column":13},"end":{"line":71,"column":2}},"6":{"start":{"line":73,"column":13},"end":{"line":89,"column":2}},"7":{"start":{"line":91,"column":13},"end":{"line":100,"column":2}}},"fnMap":{},"branchMap":{},"s":{"0":0,"1":0,"2":0,"3":0,"4":0,"5":0,"6":0,"7":0},"f":{},"b":{}}
,"/home/kayky/Documentos/testeGraphql/Library-NEST-REACT-GRAPHQL/src/graphql/queries/reviews.ts": {"path":"/home/kayky/Documentos/testeGraphql/Library-NEST-REACT-GRAPHQL/src/graphql/queries/reviews.ts","statementMap":{"0":{"start":{"line":1,"column":0},"end":{"line":1,"column":37}},"1":{"start":{"line":3,"column":13},"end":{"line":16,"column":2}},"2":{"start":{"line":18,"column":13},"end":{"line":31,"column":2}},"3":{"start":{"line":33,"column":13},"end":{"line":40,"column":2}},"4":{"start":{"line":42,"column":13},"end":{"line":51,"column":2}}},"fnMap":{},"branchMap":{},"s":{"0":0,"1":0,"2":0,"3":0,"4":0},"f":{},"b":{}}
,"/home/kayky/Documentos/testeGraphql/Library-NEST-REACT-GRAPHQL/src/hooks/useLoginModal.ts": {"path":"/home/kayky/Documentos/testeGraphql/Library-NEST-REACT-GRAPHQL/src/hooks/useLoginModal.ts","statementMap":{"0":{"start":{"line":1,"column":0},"end":{"line":1,"column":46}},"1":{"start":{"line":10,"column":29},"end":{"line":30,"column":1}},"2":{"start":{"line":11,"column":30},"end":{"line":11,"column":45}},"3":{"start":{"line":12,"column":32},"end":{"line":12,"column":62}},"4":{"start":{"line":14,"column":20},"end":{"line":17,"column":8}},"5":{"start":{"line":15,"column":4},"end":{"line":15,"column":30}},"6":{"start":{"line":16,"column":4},"end":{"line":16,"column":20}},"7":{"start":{"line":19,"column":20},"end":{"line":22,"column":8}},"8":{"start":{"line":20,"column":4},"end":{"line":20,"column":21}},"9":{"start":{"line":21,"column":4},"end":{"line":21,"column":26}},"10":{"start":{"line":24,"column":2},"end":{"line":29,"column":4}},"11":{"start":{"line":10,"column":13},"end":{"line":10,"column":29}}},"fnMap":{"0":{"name":"(anonymous_0)","decl":{"start":{"line":10,"column":29},"end":{"line":10,"column":53}},"loc":{"start":{"line":10,"column":55},"end":{"line":30,"column":1}}},"1":{"name":"(anonymous_1)","decl":{"start":{"line":14,"column":32},"end":{"line":14,"column":33}},"loc":{"start":{"line":14,"column":59},"end":{"line":17,"column":3}}},"2":{"name":"(anonymous_2)","decl":{"start":{"line":19,"column":32},"end":{"line":19,"column":35}},"loc":{"start":{"line":19,"column":37},"end":{"line":22,"column":3}}}},"branchMap":{},"s":{"0":0,"1":0,"2":0,"3":0,"4":0,"5":0,"6":0,"7":0,"8":0,"9":0,"10":0,"11":0},"f":{"0":0,"1":0,"2":0},"b":{}}
,"/home/kayky/Documentos/testeGraphql/Library-NEST-REACT-GRAPHQL/src/infrastructure/uploads.controller.ts": {"path":"/home/kayky/Documentos/testeGraphql/Library-NEST-REACT-GRAPHQL/src/infrastructure/uploads.controller.ts","statementMap":{"0":{"start":{"line":1,"column":0},"end":{"line":1,"column":61}},"1":{"start":{"line":3,"column":0},"end":{"line":3,"column":28}},"2":{"start":{"line":4,"column":0},"end":{"line":4,"column":45}},"3":{"start":{"line":7,"column":7},"end":{"line":63,"column":null}},"4":{"start":{"line":10,"column":20},"end":{"line":10,"column":62}},"5":{"start":{"line":11,"column":31},"end":{"line":11,"column":33}},"6":{"start":{"line":12,"column":4},"end":{"line":12,"column":43}},"7":{"start":{"line":14,"column":18},"end":{"line":14,"column":40}},"8":{"start":{"line":15,"column":4},"end":{"line":23,"column":5}},"9":{"start":{"line":16,"column":6},"end":{"line":16,"column":73}},"10":{"start":{"line":17,"column":6},"end":{"line":17,"column":72}},"11":{"start":{"line":18,"column":6},"end":{"line":18,"column":73}},"12":{"start":{"line":19,"column":11},"end":{"line":23,"column":5}},"13":{"start":{"line":20,"column":6},"end":{"line":20,"column":73}},"14":{"start":{"line":21,"column":6},"end":{"line":21,"column":73}},"15":{"start":{"line":22,"column":6},"end":{"line":22,"column":74}},"16":{"start":{"line":25,"column":16},"end":{"line":25,"column":49}},"17":{"start":{"line":25,"column":35},"end":{"line":25,"column":48}},"18":{"start":{"line":27,"column":4},"end":{"line":48,"column":5}},"19":{"start":{"line":28,"column":6},"end":{"line":47,"column":16}},"20":{"start":{"line":29,"column":21},"end":{"line":34,"column":17}},"21":{"start":{"line":29,"column":36},"end":{"line":34,"column":17}},"22":{"start":{"line":35,"column":24},"end":{"line":35,"column":68}},"23":{"start":{"line":36,"column":22},"end":{"line":36,"column":42}},"24":{"start":{"line":37,"column":26},"end":{"line":43,"column":10}},"25":{"start":{"line":38,"column":23},"end":{"line":38,"column":69}},"26":{"start":{"line":39,"column":10},"end":{"line":39,"column":34}},"27":{"start":{"line":41,"column":23},"end":{"line":41,"column":69}},"28":{"start":{"line":42,"column":10},"end":{"line":42,"column":66}},"29":{"start":{"line":44,"column":8},"end":{"line":46,"column":9}},"30":{"start":{"line":45,"column":10},"end":{"line":45,"column":43}},"31":{"start":{"line":49,"column":4},"end":{"line":58,"column":5}},"32":{"start":{"line":50,"column":6},"end":{"line":56,"column":7}},"33":{"start":{"line":51,"column":8},"end":{"line":51,"column":127}},"34":{"start":{"line":52,"column":13},"end":{"line":56,"column":7}},"35":{"start":{"line":53,"column":8},"end":{"line":53,"column":129}},"36":{"start":{"line":54,"column":13},"end":{"line":56,"column":7}},"37":{"start":{"line":55,"column":8},"end":{"line":55,"column":124}},"38":{"start":{"line":57,"column":6},"end":{"line":57,"column":47}},"39":{"start":{"line":60,"column":4},"end":{"line":60,"column":47}},"40":{"start":{"line":61,"column":4},"end":{"line":61,"column":31}},"41":{"start":{"line":7,"column":13},"end":{"line":7,"column":30}},"42":{"start":{"line":9,"column":2},"end":{"line":62,"column":null}},"43":{"start":{"line":7,"column":13},"end":{"line":63,"column":null}}},"fnMap":{"0":{"name":"(anonymous_4)","decl":{"start":{"line":9,"column":2},"end":{"line":9,"column":11}},"loc":{"start":{"line":9,"column":69},"end":{"line":62,"column":3}}},"1":{"name":"(anonymous_5)","decl":{"start":{"line":25,"column":30},"end":{"line":25,"column":31}},"loc":{"start":{"line":25,"column":35},"end":{"line":25,"column":48}}},"2":{"name":"(anonymous_6)","decl":{"start":{"line":29,"column":21},"end":{"line":29,"column":22}},"loc":{"start":{"line":29,"column":36},"end":{"line":34,"column":17}}},"3":{"name":"(anonymous_7)","decl":{"start":{"line":37,"column":37},"end":{"line":37,"column":38}},"loc":{"start":{"line":37,"column":41},"end":{"line":40,"column":9}}},"4":{"name":"(anonymous_8)","decl":{"start":{"line":40,"column":25},"end":{"line":40,"column":26}},"loc":{"start":{"line":40,"column":29},"end":{"line":43,"column":9}}}},"branchMap":{"0":{"loc":{"start":{"line":15,"column":4},"end":{"line":23,"column":5}},"type":"if","locations":[{"start":{"line":15,"column":4},"end":{"line":23,"column":5}},{"start":{"line":19,"column":11},"end":{"line":23,"column":5}}]},"1":{"loc":{"start":{"line":19,"column":11},"end":{"line":23,"column":5}},"type":"if","locations":[{"start":{"line":19,"column":11},"end":{"line":23,"column":5}}]},"2":{"loc":{"start":{"line":27,"column":4},"end":{"line":48,"column":5}},"type":"if","locations":[{"start":{"line":27,"column":4},"end":{"line":48,"column":5}}]},"3":{"loc":{"start":{"line":29,"column":37},"end":{"line":29,"column":44}},"type":"binary-expr","locations":[{"start":{"line":29,"column":37},"end":{"line":29,"column":38}},{"start":{"line":29,"column":42},"end":{"line":29,"column":44}}]},"4":{"loc":{"start":{"line":37,"column":26},"end":{"line":43,"column":10}},"type":"binary-expr","locations":[{"start":{"line":37,"column":26},"end":{"line":40,"column":10}},{"start":{"line":40,"column":14},"end":{"line":43,"column":10}}]},"5":{"loc":{"start":{"line":42,"column":17},"end":{"line":42,"column":65}},"type":"binary-expr","locations":[{"start":{"line":42,"column":17},"end":{"line":42,"column":39}},{"start":{"line":42,"column":43},"end":{"line":42,"column":65}}]},"6":{"loc":{"start":{"line":44,"column":8},"end":{"line":46,"column":9}},"type":"if","locations":[{"start":{"line":44,"column":8},"end":{"line":46,"column":9}}]},"7":{"loc":{"start":{"line":49,"column":4},"end":{"line":58,"column":5}},"type":"if","locations":[{"start":{"line":49,"column":4},"end":{"line":58,"column":5}}]},"8":{"loc":{"start":{"line":50,"column":6},"end":{"line":56,"column":7}},"type":"if","locations":[{"start":{"line":50,"column":6},"end":{"line":56,"column":7}},{"start":{"line":52,"column":13},"end":{"line":56,"column":7}}]},"9":{"loc":{"start":{"line":50,"column":10},"end":{"line":50,"column":72}},"type":"binary-expr","locations":[{"start":{"line":50,"column":10},"end":{"line":50,"column":43}},{"start":{"line":50,"column":47},"end":{"line":50,"column":72}}]},"10":{"loc":{"start":{"line":52,"column":13},"end":{"line":56,"column":7}},"type":"if","locations":[{"start":{"line":52,"column":13},"end":{"line":56,"column":7}},{"start":{"line":54,"column":13},"end":{"line":56,"column":7}}]},"11":{"loc":{"start":{"line":52,"column":17},"end":{"line":52,"column":83}},"type":"binary-expr","locations":[{"start":{"line":52,"column":17},"end":{"line":52,"column":52}},{"start":{"line":52,"column":56},"end":{"line":52,"column":83}}]},"12":{"loc":{"start":{"line":54,"column":13},"end":{"line":56,"column":7}},"type":"if","locations":[{"start":{"line":54,"column":13},"end":{"line":56,"column":7}}]},"13":{"loc":{"start":{"line":54,"column":17},"end":{"line":54,"column":79}},"type":"binary-expr","locations":[{"start":{"line":54,"column":17},"end":{"line":54,"column":50}},{"start":{"line":54,"column":54},"end":{"line":54,"column":79}}]}},"s":{"0":0,"1":0,"2":0,"3":0,"4":0,"5":0,"6":0,"7":0,"8":0,"9":0,"10":0,"11":0,"12":0,"13":0,"14":0,"15":0,"16":0,"17":0,"18":0,"19":0,"20":0,"21":0,"22":0,"23":0,"24":0,"25":0,"26":0,"27":0,"28":0,"29":0,"30":0,"31":0,"32":0,"33":0,"34":0,"35":0,"36":0,"37":0,"38":0,"39":0,"40":0,"41":0,"42":0,"43":0},"f":{"0":0,"1":0,"2":0,"3":0,"4":0},"b":{"0":[0,0],"1":[0],"2":[0],"3":[0,0],"4":[0,0],"5":[0,0],"6":[0],"7":[0],"8":[0,0],"9":[0,0],"10":[0,0],"11":[0,0],"12":[0],"13":[0,0]}}
,"/home/kayky/Documentos/testeGraphql/Library-NEST-REACT-GRAPHQL/src/infrastructure/mail/mail.service.ts": {"path":"/home/kayky/Documentos/testeGraphql/Library-NEST-REACT-GRAPHQL/src/infrastructure/mail/mail.service.ts","statementMap":{"0":{"start":{"line":1,"column":0},"end":{"line":1,"column":44}},"1":{"start":{"line":2,"column":0},"end":{"line":2,"column":55}},"2":{"start":{"line":3,"column":0},"end":{"line":3,"column":41}},"3":{"start":{"line":4,"column":0},"end":{"line":4,"column":27}},"4":{"start":{"line":5,"column":0},"end":{"line":5,"column":28}},"5":{"start":{"line":8,"column":7},"end":{"line":86,"column":null}},"6":{"start":{"line":9,"column":31},"end":{"line":9,"column":39}},"7":{"start":{"line":12,"column":4},"end":{"line":23,"column":5}},"8":{"start":{"line":13,"column":19},"end":{"line":18,"column":8}},"9":{"start":{"line":19,"column":22},"end":{"line":19,"column":56}},"10":{"start":{"line":20,"column":6},"end":{"line":20,"column":53}},"11":{"start":{"line":22,"column":6},"end":{"line":22,"column":16}},"12":{"start":{"line":32,"column":4},"end":{"line":43,"column":5}},"13":{"start":{"line":33,"column":19},"end":{"line":38,"column":8}},"14":{"start":{"line":39,"column":22},"end":{"line":39,"column":56}},"15":{"start":{"line":40,"column":6},"end":{"line":40,"column":53}},"16":{"start":{"line":42,"column":6},"end":{"line":42,"column":16}},"17":{"start":{"line":50,"column":25},"end":{"line":56,"column":null}},"18":{"start":{"line":59,"column":4},"end":{"line":84,"column":5}},"19":{"start":{"line":60,"column":19},"end":{"line":60,"column":57}},"20":{"start":{"line":62,"column":19},"end":{"line":67,"column":8}},"21":{"start":{"line":69,"column":22},"end":{"line":69,"column":56}},"22":{"start":{"line":71,"column":6},"end":{"line":71,"column":53}},"23":{"start":{"line":73,"column":6},"end":{"line":73,"column":89}},"24":{"start":{"line":75,"column":20},"end":{"line":79,"column":8}},"25":{"start":{"line":81,"column":23},"end":{"line":81,"column":58}},"26":{"start":{"line":83,"column":6},"end":{"line":83,"column":64}},"27":{"start":{"line":8,"column":13},"end":{"line":8,"column":24}},"28":{"start":{"line":8,"column":13},"end":{"line":86,"column":null}}},"fnMap":{"0":{"name":"(anonymous_18)","decl":{"start":{"line":9,"column":2},"end":{"line":9,"column":31}},"loc":{"start":{"line":9,"column":52},"end":{"line":9,"column":56}}},"1":{"name":"(anonymous_19)","decl":{"start":{"line":11,"column":8},"end":{"line":11,"column":24}},"loc":{"start":{"line":11,"column":66},"end":{"line":24,"column":null}}},"2":{"name":"(anonymous_21)","decl":{"start":{"line":26,"column":8},"end":{"line":26,"column":19}},"loc":{"start":{"line":30,"column":32},"end":{"line":44,"column":null}}},"3":{"name":"(anonymous_23)","decl":{"start":{"line":46,"column":8},"end":{"line":46,"column":30}},"loc":{"start":{"line":48,"column":52},"end":{"line":85,"column":null}}}},"branchMap":{"0":{"loc":{"start":{"line":20,"column":26},"end":{"line":20,"column":41}},"type":"cond-expr","locations":[{"start":{"line":20,"column":30},"end":{"line":20,"column":32}},{"start":{"line":20,"column":26},"end":{"line":20,"column":41}}]},"1":{"loc":{"start":{"line":20,"column":26},"end":{"line":20,"column":32}},"type":"binary-expr","locations":[{"start":{"line":20,"column":26},"end":{"line":20,"column":32}},{"start":{"line":20,"column":26},"end":{"line":20,"column":32}}]},"2":{"loc":{"start":{"line":40,"column":26},"end":{"line":40,"column":41}},"type":"cond-expr","locations":[{"start":{"line":40,"column":30},"end":{"line":40,"column":32}},{"start":{"line":40,"column":26},"end":{"line":40,"column":41}}]},"3":{"loc":{"start":{"line":40,"column":26},"end":{"line":40,"column":32}},"type":"binary-expr","locations":[{"start":{"line":40,"column":26},"end":{"line":40,"column":32}},{"start":{"line":40,"column":26},"end":{"line":40,"column":32}}]},"4":{"loc":{"start":{"line":71,"column":26},"end":{"line":71,"column":41}},"type":"cond-expr","locations":[{"start":{"line":71,"column":30},"end":{"line":71,"column":32}},{"start":{"line":71,"column":26},"end":{"line":71,"column":41}}]},"5":{"loc":{"start":{"line":71,"column":26},"end":{"line":71,"column":32}},"type":"binary-expr","locations":[{"start":{"line":71,"column":26},"end":{"line":71,"column":32}},{"start":{"line":71,"column":26},"end":{"line":71,"column":32}}]},"6":{"loc":{"start":{"line":73,"column":75},"end":{"line":73,"column":87}},"type":"cond-expr","locations":[{"start":{"line":73,"column":78},"end":{"line":73,"column":80}},{"start":{"line":73,"column":75},"end":{"line":73,"column":87}}]},"7":{"loc":{"start":{"line":73,"column":75},"end":{"line":73,"column":80}},"type":"binary-expr","locations":[{"start":{"line":73,"column":75},"end":{"line":73,"column":80}},{"start":{"line":73,"column":75},"end":{"line":73,"column":80}}]},"8":{"loc":{"start":{"line":83,"column":26},"end":{"line":83,"column":42}},"type":"cond-expr","locations":[{"start":{"line":83,"column":31},"end":{"line":83,"column":33}},{"start":{"line":83,"column":26},"end":{"line":83,"column":42}}]},"9":{"loc":{"start":{"line":83,"column":26},"end":{"line":83,"column":33}},"type":"binary-expr","locations":[{"start":{"line":83,"column":26},"end":{"line":83,"column":33}},{"start":{"line":83,"column":26},"end":{"line":83,"column":33}}]}},"s":{"0":0,"1":0,"2":0,"3":0,"4":0,"5":0,"6":0,"7":0,"8":0,"9":0,"10":0,"11":0,"12":0,"13":0,"14":0,"15":0,"16":0,"17":0,"18":0,"19":0,"20":0,"21":0,"22":0,"23":0,"24":0,"25":0,"26":0,"27":0,"28":0},"f":{"0":0,"1":0,"2":0,"3":0},"b":{"0":[0,0],"1":[0,0],"2":[0,0],"3":[0,0],"4":[0,0],"5":[0,0],"6":[0,0],"7":[0,0],"8":[0,0],"9":[0,0]}}
,"/home/kayky/Documentos/testeGraphql/Library-NEST-REACT-GRAPHQL/src/infrastructure/prisma/prisma.service.ts": {"path":"/home/kayky/Documentos/testeGraphql/Library-NEST-REACT-GRAPHQL/src/infrastructure/prisma/prisma.service.ts","statementMap":{"0":{"start":{"line":1,"column":0},"end":{"line":1,"column":58}},"1":{"start":{"line":2,"column":0},"end":{"line":2,"column":46}},"2":{"start":{"line":5,"column":7},"end":{"line":13,"column":null}},"3":{"start":{"line":7,"column":4},"end":{"line":7,"column":26}},"4":{"start":{"line":11,"column":4},"end":{"line":11,"column":29}},"5":{"start":{"line":5,"column":13},"end":{"line":5,"column":26}},"6":{"start":{"line":5,"column":13},"end":{"line":13,"column":null}}},"fnMap":{"0":{"name":"(anonymous_8)","decl":{"start":{"line":6,"column":8},"end":{"line":6,"column":20}},"loc":{"start":{"line":6,"column":20},"end":{"line":8,"column":null}}},"1":{"name":"(anonymous_10)","decl":{"start":{"line":10,"column":8},"end":{"line":10,"column":23}},"loc":{"start":{"line":10,"column":23},"end":{"line":12,"column":null}}}},"branchMap":{},"s":{"0":0,"1":0,"2":0,"3":0,"4":0,"5":0,"6":0},"f":{"0":0,"1":0},"b":{}}
,"/home/kayky/Documentos/testeGraphql/Library-NEST-REACT-GRAPHQL/src/modules/auth/auth.controller.ts": {"path":"/home/kayky/Documentos/testeGraphql/Library-NEST-REACT-GRAPHQL/src/modules/auth/auth.controller.ts","statementMap":{"0":{"start":{"line":1,"column":0},"end":{"line":1,"column":null}},"1":{"start":{"line":10,"column":0},"end":{"line":10,"column":45}},"2":{"start":{"line":12,"column":0},"end":{"line":12,"column":62}},"3":{"start":{"line":13,"column":0},"end":{"line":13,"column":43}},"4":{"start":{"line":14,"column":0},"end":{"line":14,"column":49}},"5":{"start":{"line":15,"column":0},"end":{"line":15,"column":61}},"6":{"start":{"line":16,"column":0},"end":{"line":16,"column":65}},"7":{"start":{"line":17,"column":0},"end":{"line":17,"column":60}},"8":{"start":{"line":18,"column":0},"end":{"line":18,"column":41}},"9":{"start":{"line":21,"column":7},"end":{"line":226,"column":null}},"10":{"start":{"line":23,"column":12},"end":{"line":23,"column":25}},"11":{"start":{"line":24,"column":12},"end":{"line":24,"column":26}},"12":{"start":{"line":25,"column":12},"end":{"line":25,"column":25}},"13":{"start":{"line":26,"column":12},"end":{"line":26,"column":24}},"14":{"start":{"line":31,"column":19},"end":{"line":31,"column":92}},"15":{"start":{"line":33,"column":4},"end":{"line":35,"column":5}},"16":{"start":{"line":34,"column":6},"end":{"line":34,"column":63}},"17":{"start":{"line":37,"column":22},"end":{"line":37,"column":58}},"18":{"start":{"line":38,"column":4},"end":{"line":45,"column":6}},"19":{"start":{"line":50,"column":22},"end":{"line":50,"column":60}},"20":{"start":{"line":51,"column":4},"end":{"line":58,"column":6}},"21":{"start":{"line":63,"column":4},"end":{"line":70,"column":6}},"22":{"start":{"line":75,"column":4},"end":{"line":78,"column":6}},"23":{"start":{"line":83,"column":4},"end":{"line":99,"column":5}},"24":{"start":{"line":84,"column":22},"end":{"line":84,"column":66}},"25":{"start":{"line":86,"column":24},"end":{"line":86,"column":61}},"26":{"start":{"line":87,"column":6},"end":{"line":95,"column":8}},"27":{"start":{"line":97,"column":6},"end":{"line":97,"column":48}},"28":{"start":{"line":98,"column":6},"end":{"line":98,"column":18}},"29":{"start":{"line":104,"column":20},"end":{"line":104,"column":64}},"30":{"start":{"line":106,"column":22},"end":{"line":106,"column":59}},"31":{"start":{"line":107,"column":4},"end":{"line":115,"column":6}},"32":{"start":{"line":121,"column":4},"end":{"line":121,"column":20}},"33":{"start":{"line":127,"column":4},"end":{"line":127,"column":20}},"34":{"start":{"line":133,"column":4},"end":{"line":136,"column":6}},"35":{"start":{"line":142,"column":4},"end":{"line":145,"column":6}},"36":{"start":{"line":150,"column":21},"end":{"line":150,"column":50}},"37":{"start":{"line":152,"column":4},"end":{"line":154,"column":5}},"38":{"start":{"line":153,"column":6},"end":{"line":153,"column":67}},"39":{"start":{"line":156,"column":33},"end":{"line":158,"column":6}},"40":{"start":{"line":160,"column":18},"end":{"line":162,"column":null}},"41":{"start":{"line":164,"column":21},"end":{"line":164,"column":150}},"42":{"start":{"line":166,"column":4},"end":{"line":179,"column":5}},"43":{"start":{"line":167,"column":18},"end":{"line":170,"column":8}},"44":{"start":{"line":172,"column":6},"end":{"line":175,"column":7}},"45":{"start":{"line":173,"column":8},"end":{"line":173,"column":46}},"46":{"start":{"line":174,"column":8},"end":{"line":174,"column":50}},"47":{"start":{"line":177,"column":6},"end":{"line":177,"column":54}},"48":{"start":{"line":178,"column":6},"end":{"line":178,"column":68}},"49":{"start":{"line":181,"column":4},"end":{"line":181,"column":27}},"50":{"start":{"line":186,"column":24},"end":{"line":186,"column":55}},"51":{"start":{"line":187,"column":4},"end":{"line":189,"column":5}},"52":{"start":{"line":188,"column":6},"end":{"line":188,"column":64}},"53":{"start":{"line":191,"column":19},"end":{"line":191,"column":61}},"54":{"start":{"line":192,"column":18},"end":{"line":192,"column":43}},"55":{"start":{"line":194,"column":4},"end":{"line":204,"column":5}},"56":{"start":{"line":195,"column":6},"end":{"line":203,"column":7}},"57":{"start":{"line":196,"column":29},"end":{"line":196,"column":58}},"58":{"start":{"line":197,"column":8},"end":{"line":199,"column":9}},"59":{"start":{"line":198,"column":10},"end":{"line":198,"column":58}},"60":{"start":{"line":200,"column":8},"end":{"line":200,"column":59}},"61":{"start":{"line":202,"column":8},"end":{"line":202,"column":68}},"62":{"start":{"line":206,"column":4},"end":{"line":208,"column":5}},"63":{"start":{"line":207,"column":6},"end":{"line":207,"column":70}},"64":{"start":{"line":210,"column":4},"end":{"line":224,"column":5}},"65":{"start":{"line":211,"column":19},"end":{"line":211,"column":67}},"66":{"start":{"line":212,"column":6},"end":{"line":217,"column":7}},"67":{"start":{"line":213,"column":8},"end":{"line":216,"column":10}},"68":{"start":{"line":219,"column":6},"end":{"line":219,"column":68}},"69":{"start":{"line":221,"column":6},"end":{"line":221,"column":67}},"70":{"start":{"line":223,"column":6},"end":{"line":223,"column":66}},"71":{"start":{"line":21,"column":13},"end":{"line":21,"column":27}},"72":{"start":{"line":30,"column":8},"end":{"line":46,"column":null}},"73":{"start":{"line":49,"column":8},"end":{"line":59,"column":null}},"74":{"start":{"line":62,"column":8},"end":{"line":71,"column":null}},"75":{"start":{"line":74,"column":8},"end":{"line":79,"column":null}},"76":{"start":{"line":82,"column":8},"end":{"line":100,"column":null}},"77":{"start":{"line":103,"column":8},"end":{"line":116,"column":null}},"78":{"start":{"line":120,"column":2},"end":{"line":122,"column":null}},"79":{"start":{"line":126,"column":2},"end":{"line":128,"column":null}},"80":{"start":{"line":132,"column":2},"end":{"line":137,"column":null}},"81":{"start":{"line":141,"column":2},"end":{"line":146,"column":null}},"82":{"start":{"line":149,"column":8},"end":{"line":182,"column":null}},"83":{"start":{"line":185,"column":8},"end":{"line":225,"column":null}},"84":{"start":{"line":21,"column":13},"end":{"line":226,"column":null}}},"fnMap":{"0":{"name":"(anonymous_11)","decl":{"start":{"line":22,"column":2},"end":{"line":22,"column":null}},"loc":{"start":{"line":26,"column":34},"end":{"line":27,"column":6}}},"1":{"name":"(anonymous_12)","decl":{"start":{"line":30,"column":8},"end":{"line":30,"column":13}},"loc":{"start":{"line":30,"column":40},"end":{"line":46,"column":null}}},"2":{"name":"(anonymous_14)","decl":{"start":{"line":49,"column":8},"end":{"line":49,"column":16}},"loc":{"start":{"line":49,"column":59},"end":{"line":59,"column":null}}},"3":{"name":"(anonymous_16)","decl":{"start":{"line":62,"column":8},"end":{"line":62,"column":22}},"loc":{"start":{"line":62,"column":22},"end":{"line":71,"column":null}}},"4":{"name":"(anonymous_18)","decl":{"start":{"line":74,"column":8},"end":{"line":74,"column":23}},"loc":{"start":{"line":74,"column":41},"end":{"line":79,"column":null}}},"5":{"name":"(anonymous_20)","decl":{"start":{"line":82,"column":8},"end":{"line":82,"column":16}},"loc":{"start":{"line":82,"column":49},"end":{"line":100,"column":null}}},"6":{"name":"(anonymous_22)","decl":{"start":{"line":103,"column":8},"end":{"line":103,"column":19}},"loc":{"start":{"line":103,"column":52},"end":{"line":116,"column":null}}},"7":{"name":"(anonymous_24)","decl":{"start":{"line":120,"column":2},"end":{"line":120,"column":12}},"loc":{"start":{"line":120,"column":27},"end":{"line":122,"column":3}}},"8":{"name":"(anonymous_25)","decl":{"start":{"line":126,"column":2},"end":{"line":126,"column":15}},"loc":{"start":{"line":126,"column":30},"end":{"line":128,"column":3}}},"9":{"name":"(anonymous_26)","decl":{"start":{"line":132,"column":2},"end":{"line":132,"column":13}},"loc":{"start":{"line":132,"column":28},"end":{"line":137,"column":3}}},"10":{"name":"(anonymous_27)","decl":{"start":{"line":141,"column":2},"end":{"line":141,"column":16}},"loc":{"start":{"line":141,"column":31},"end":{"line":146,"column":3}}},"11":{"name":"(anonymous_28)","decl":{"start":{"line":149,"column":8},"end":{"line":149,"column":22}},"loc":{"start":{"line":149,"column":57},"end":{"line":182,"column":null}}},"12":{"name":"(anonymous_30)","decl":{"start":{"line":185,"column":8},"end":{"line":185,"column":21}},"loc":{"start":{"line":185,"column":67},"end":{"line":225,"column":null}}}},"branchMap":{"0":{"loc":{"start":{"line":33,"column":4},"end":{"line":35,"column":5}},"type":"if","locations":[{"start":{"line":33,"column":4},"end":{"line":35,"column":5}}]},"1":{"loc":{"start":{"line":150,"column":22},"end":{"line":150,"column":42}},"type":"binary-expr","locations":[{"start":{"line":150,"column":22},"end":{"line":150,"column":36}},{"start":{"line":150,"column":40},"end":{"line":150,"column":42}}]},"2":{"loc":{"start":{"line":150,"column":22},"end":{"line":150,"column":36}},"type":"cond-expr","locations":[{"start":{"line":150,"column":26},"end":{"line":150,"column":28}},{"start":{"line":150,"column":22},"end":{"line":150,"column":36}}]},"3":{"loc":{"start":{"line":150,"column":22},"end":{"line":150,"column":28}},"type":"binary-expr","locations":[{"start":{"line":150,"column":22},"end":{"line":150,"column":28}},{"start":{"line":150,"column":22},"end":{"line":150,"column":28}}]},"4":{"loc":{"start":{"line":152,"column":4},"end":{"line":154,"column":5}},"type":"if","locations":[{"start":{"line":152,"column":4},"end":{"line":154,"column":5}}]},"5":{"loc":{"start":{"line":164,"column":24},"end":{"line":164,"column":77}},"type":"binary-expr","locations":[{"start":{"line":164,"column":24},"end":{"line":164,"column":50}},{"start":{"line":164,"column":54},"end":{"line":164,"column":77}}]},"6":{"loc":{"start":{"line":172,"column":6},"end":{"line":175,"column":7}},"type":"if","locations":[{"start":{"line":172,"column":6},"end":{"line":175,"column":7}}]},"7":{"loc":{"start":{"line":172,"column":10},"end":{"line":172,"column":22}},"type":"cond-expr","locations":[{"start":{"line":172,"column":13},"end":{"line":172,"column":15}},{"start":{"line":172,"column":10},"end":{"line":172,"column":22}}]},"8":{"loc":{"start":{"line":172,"column":10},"end":{"line":172,"column":15}},"type":"binary-expr","locations":[{"start":{"line":172,"column":10},"end":{"line":172,"column":15}},{"start":{"line":172,"column":10},"end":{"line":172,"column":15}}]},"9":{"loc":{"start":{"line":178,"column":30},"end":{"line":178,"column":67}},"type":"binary-expr","locations":[{"start":{"line":178,"column":30},"end":{"line":178,"column":44}},{"start":{"line":178,"column":48},"end":{"line":178,"column":67}}]},"10":{"loc":{"start":{"line":178,"column":30},"end":{"line":178,"column":44}},"type":"cond-expr","locations":[{"start":{"line":178,"column":35},"end":{"line":178,"column":37}},{"start":{"line":178,"column":30},"end":{"line":178,"column":44}}]},"11":{"loc":{"start":{"line":178,"column":30},"end":{"line":178,"column":37}},"type":"binary-expr","locations":[{"start":{"line":178,"column":30},"end":{"line":178,"column":37}},{"start":{"line":178,"column":30},"end":{"line":178,"column":37}}]},"12":{"loc":{"start":{"line":186,"column":25},"end":{"line":186,"column":47}},"type":"binary-expr","locations":[{"start":{"line":186,"column":25},"end":{"line":186,"column":41}},{"start":{"line":186,"column":45},"end":{"line":186,"column":47}}]},"13":{"loc":{"start":{"line":186,"column":25},"end":{"line":186,"column":41}},"type":"cond-expr","locations":[{"start":{"line":186,"column":28},"end":{"line":186,"column":30}},{"start":{"line":186,"column":25},"end":{"line":186,"column":41}}]},"14":{"loc":{"start":{"line":186,"column":25},"end":{"line":186,"column":30}},"type":"binary-expr","locations":[{"start":{"line":186,"column":25},"end":{"line":186,"column":30}},{"start":{"line":186,"column":25},"end":{"line":186,"column":30}}]},"15":{"loc":{"start":{"line":187,"column":4},"end":{"line":189,"column":5}},"type":"if","locations":[{"start":{"line":187,"column":4},"end":{"line":189,"column":5}}]},"16":{"loc":{"start":{"line":191,"column":20},"end":{"line":191,"column":39}},"type":"binary-expr","locations":[{"start":{"line":191,"column":20},"end":{"line":191,"column":33}},{"start":{"line":191,"column":37},"end":{"line":191,"column":39}}]},"17":{"loc":{"start":{"line":191,"column":20},"end":{"line":191,"column":33}},"type":"cond-expr","locations":[{"start":{"line":191,"column":23},"end":{"line":191,"column":25}},{"start":{"line":191,"column":20},"end":{"line":191,"column":33}}]},"18":{"loc":{"start":{"line":191,"column":20},"end":{"line":191,"column":25}},"type":"binary-expr","locations":[{"start":{"line":191,"column":20},"end":{"line":191,"column":25}},{"start":{"line":191,"column":20},"end":{"line":191,"column":25}}]},"19":{"loc":{"start":{"line":192,"column":19},"end":{"line":192,"column":35}},"type":"binary-expr","locations":[{"start":{"line":192,"column":19},"end":{"line":192,"column":29}},{"start":{"line":192,"column":33},"end":{"line":192,"column":35}}]},"20":{"loc":{"start":{"line":192,"column":19},"end":{"line":192,"column":29}},"type":"cond-expr","locations":[{"start":{"line":192,"column":22},"end":{"line":192,"column":24}},{"start":{"line":192,"column":19},"end":{"line":192,"column":29}}]},"21":{"loc":{"start":{"line":192,"column":19},"end":{"line":192,"column":24}},"type":"binary-expr","locations":[{"start":{"line":192,"column":19},"end":{"line":192,"column":24}},{"start":{"line":192,"column":19},"end":{"line":192,"column":24}}]},"22":{"loc":{"start":{"line":194,"column":4},"end":{"line":204,"column":5}},"type":"if","locations":[{"start":{"line":194,"column":4},"end":{"line":204,"column":5}}]},"23":{"loc":{"start":{"line":197,"column":8},"end":{"line":199,"column":9}},"type":"if","locations":[{"start":{"line":197,"column":8},"end":{"line":199,"column":9}}]},"24":{"loc":{"start":{"line":197,"column":12},"end":{"line":197,"column":28}},"type":"cond-expr","locations":[{"start":{"line":197,"column":19},"end":{"line":197,"column":21}},{"start":{"line":197,"column":12},"end":{"line":197,"column":28}}]},"25":{"loc":{"start":{"line":197,"column":12},"end":{"line":197,"column":21}},"type":"binary-expr","locations":[{"start":{"line":197,"column":12},"end":{"line":197,"column":21}},{"start":{"line":197,"column":12},"end":{"line":197,"column":21}}]},"26":{"loc":{"start":{"line":200,"column":20},"end":{"line":200,"column":43}},"type":"binary-expr","locations":[{"start":{"line":200,"column":20},"end":{"line":200,"column":37}},{"start":{"line":200,"column":41},"end":{"line":200,"column":43}}]},"27":{"loc":{"start":{"line":200,"column":20},"end":{"line":200,"column":37}},"type":"cond-expr","locations":[{"start":{"line":200,"column":27},"end":{"line":200,"column":29}},{"start":{"line":200,"column":20},"end":{"line":200,"column":37}}]},"28":{"loc":{"start":{"line":200,"column":20},"end":{"line":200,"column":29}},"type":"binary-expr","locations":[{"start":{"line":200,"column":20},"end":{"line":200,"column":29}},{"start":{"line":200,"column":20},"end":{"line":200,"column":29}}]},"29":{"loc":{"start":{"line":206,"column":4},"end":{"line":208,"column":5}},"type":"if","locations":[{"start":{"line":206,"column":4},"end":{"line":208,"column":5}}]},"30":{"loc":{"start":{"line":212,"column":6},"end":{"line":217,"column":7}},"type":"if","locations":[{"start":{"line":212,"column":6},"end":{"line":217,"column":7}}]}},"s":{"0":0,"1":0,"2":0,"3":0,"4":0,"5":0,"6":0,"7":0,"8":0,"9":0,"10":0,"11":0,"12":0,"13":0,"14":0,"15":0,"16":0,"17":0,"18":0,"19":0,"20":0,"21":0,"22":0,"23":0,"24":0,"25":0,"26":0,"27":0,"28":0,"29":0,"30":0,"31":0,"32":0,"33":0,"34":0,"35":0,"36":0,"37":0,"38":0,"39":0,"40":0,"41":0,"42":0,"43":0,"44":0,"45":0,"46":0,"47":0,"48":0,"49":0,"50":0,"51":0,"52":0,"53":0,"54":0,"55":0,"56":0,"57":0,"58":0,"59":0,"60":0,"61":0,"62":0,"63":0,"64":0,"65":0,"66":0,"67":0,"68":0,"69":0,"70":0,"71":0,"72":0,"73":0,"74":0,"75":0,"76":0,"77":0,"78":0,"79":0,"80":0,"81":0,"82":0,"83":0,"84":0},"f":{"0":0,"1":0,"2":0,"3":0,"4":0,"5":0,"6":0,"7":0,"8":0,"9":0,"10":0,"11":0,"12":0},"b":{"0":[0],"1":[0,0],"2":[0,0],"3":[0,0],"4":[0],"5":[0,0],"6":[0],"7":[0,0],"8":[0,0],"9":[0,0],"10":[0,0],"11":[0,0],"12":[0,0],"13":[0,0],"14":[0,0],"15":[0],"16":[0,0],"17":[0,0],"18":[0,0],"19":[0,0],"20":[0,0],"21":[0,0],"22":[0],"23":[0],"24":[0,0],"25":[0,0],"26":[0,0],"27":[0,0],"28":[0,0],"29":[0],"30":[0]}}
,"/home/kayky/Documentos/testeGraphql/Library-NEST-REACT-GRAPHQL/src/modules/auth/auth.repository.ts": {"path":"/home/kayky/Documentos/testeGraphql/Library-NEST-REACT-GRAPHQL/src/modules/auth/auth.repository.ts","statementMap":{"0":{"start":{"line":1,"column":0},"end":{"line":1,"column":44}},"1":{"start":{"line":2,"column":0},"end":{"line":2,"column":71}},"2":{"start":{"line":4,"column":0},"end":{"line":4,"column":82}},"3":{"start":{"line":7,"column":7},"end":{"line":91,"column":null}},"4":{"start":{"line":8,"column":31},"end":{"line":8,"column":39}},"5":{"start":{"line":11,"column":4},"end":{"line":17,"column":5}},"6":{"start":{"line":12,"column":6},"end":{"line":14,"column":9}},"7":{"start":{"line":16,"column":6},"end":{"line":16,"column":89}},"8":{"start":{"line":21,"column":4},"end":{"line":27,"column":5}},"9":{"start":{"line":22,"column":6},"end":{"line":24,"column":9}},"10":{"start":{"line":26,"column":6},"end":{"line":26,"column":83}},"11":{"start":{"line":31,"column":4},"end":{"line":37,"column":5}},"12":{"start":{"line":32,"column":6},"end":{"line":34,"column":9}},"13":{"start":{"line":36,"column":6},"end":{"line":36,"column":75}},"14":{"start":{"line":41,"column":4},"end":{"line":48,"column":5}},"15":{"start":{"line":42,"column":6},"end":{"line":45,"column":9}},"16":{"start":{"line":47,"column":6},"end":{"line":47,"column":79}},"17":{"start":{"line":52,"column":4},"end":{"line":59,"column":5}},"18":{"start":{"line":53,"column":6},"end":{"line":56,"column":9}},"19":{"start":{"line":58,"column":6},"end":{"line":58,"column":77}},"20":{"start":{"line":63,"column":4},"end":{"line":74,"column":5}},"21":{"start":{"line":64,"column":21},"end":{"line":69,"column":17}},"22":{"start":{"line":71,"column":6},"end":{"line":71,"column":31}},"23":{"start":{"line":73,"column":6},"end":{"line":73,"column":86}},"24":{"start":{"line":78,"column":4},"end":{"line":89,"column":5}},"25":{"start":{"line":79,"column":30},"end":{"line":79,"column":32}},"26":{"start":{"line":80,"column":6},"end":{"line":80,"column":87}},"27":{"start":{"line":80,"column":43},"end":{"line":80,"column":87}},"28":{"start":{"line":81,"column":6},"end":{"line":81,"column":84}},"29":{"start":{"line":81,"column":42},"end":{"line":81,"column":84}},"30":{"start":{"line":83,"column":6},"end":{"line":86,"column":9}},"31":{"start":{"line":88,"column":6},"end":{"line":88,"column":78}},"32":{"start":{"line":7,"column":13},"end":{"line":7,"column":27}},"33":{"start":{"line":7,"column":13},"end":{"line":91,"column":null}}},"fnMap":{"0":{"name":"(anonymous_9)","decl":{"start":{"line":8,"column":2},"end":{"line":8,"column":31}},"loc":{"start":{"line":8,"column":52},"end":{"line":8,"column":56}}},"1":{"name":"(anonymous_10)","decl":{"start":{"line":10,"column":8},"end":{"line":10,"column":22}},"loc":{"start":{"line":10,"column":39},"end":{"line":18,"column":null}}},"2":{"name":"(anonymous_12)","decl":{"start":{"line":20,"column":8},"end":{"line":20,"column":16}},"loc":{"start":{"line":20,"column":27},"end":{"line":28,"column":null}}},"3":{"name":"(anonymous_14)","decl":{"start":{"line":30,"column":8},"end":{"line":30,"column":14}},"loc":{"start":{"line":30,"column":47},"end":{"line":38,"column":null}}},"4":{"name":"(anonymous_16)","decl":{"start":{"line":40,"column":8},"end":{"line":40,"column":14}},"loc":{"start":{"line":40,"column":59},"end":{"line":49,"column":null}}},"5":{"name":"(anonymous_18)","decl":{"start":{"line":51,"column":8},"end":{"line":51,"column":22}},"loc":{"start":{"line":51,"column":57},"end":{"line":60,"column":null}}},"6":{"name":"(anonymous_20)","decl":{"start":{"line":62,"column":8},"end":{"line":62,"column":22}},"loc":{"start":{"line":62,"column":33},"end":{"line":75,"column":null}}},"7":{"name":"(anonymous_22)","decl":{"start":{"line":77,"column":8},"end":{"line":77,"column":21}},"loc":{"start":{"line":77,"column":87},"end":{"line":90,"column":null}}}},"branchMap":{"0":{"loc":{"start":{"line":71,"column":13},"end":{"line":71,"column":30}},"type":"binary-expr","locations":[{"start":{"line":71,"column":13},"end":{"line":71,"column":22}},{"start":{"line":71,"column":26},"end":{"line":71,"column":30}}]},"1":{"loc":{"start":{"line":80,"column":6},"end":{"line":80,"column":87}},"type":"if","locations":[{"start":{"line":80,"column":6},"end":{"line":80,"column":87}}]},"2":{"loc":{"start":{"line":81,"column":6},"end":{"line":81,"column":84}},"type":"if","locations":[{"start":{"line":81,"column":6},"end":{"line":81,"column":84}}]}},"s":{"0":0,"1":0,"2":0,"3":0,"4":0,"5":0,"6":0,"7":0,"8":0,"9":0,"10":0,"11":0,"12"
[...]
:{"start":{"line":9,"column":31},"end":{"line":9,"column":45}},"7":{"start":{"line":17,"column":4},"end":{"line":29,"column":5}},"8":{"start":{"line":18,"column":19},"end":{"line":18,"column":35}},"9":{"start":{"line":19,"column":6},"end":{"line":19,"column":63}},"10":{"start":{"line":20,"column":6},"end":{"line":23,"column":8}},"11":{"start":{"line":25,"column":6},"end":{"line":28,"column":8}},"12":{"start":{"line":35,"column":17},"end":{"line":35,"column":33}},"13":{"start":{"line":36,"column":25},"end":{"line":36,"column":79}},"14":{"start":{"line":37,"column":4},"end":{"line":39,"column":6}},"15":{"start":{"line":8,"column":13},"end":{"line":8,"column":26}},"16":{"start":{"line":13,"column":8},"end":{"line":30,"column":null}},"17":{"start":{"line":12,"column":18},"end":{"line":12,"column":34}},"18":{"start":{"line":14,"column":34},"end":{"line":14,"column":37}},"19":{"start":{"line":34,"column":8},"end":{"line":40,"column":null}},"20":{"start":{"line":33,"column":15},"end":{"line":33,"column":27}},"21":{"start":{"line":8,"column":13},"end":{"line":41,"column":null}}},"fnMap":{"0":{"name":"(anonymous_11)","decl":{"start":{"line":9,"column":2},"end":{"line":9,"column":31}},"loc":{"start":{"line":9,"column":57},"end":{"line":9,"column":61}}},"1":{"name":"(anonymous_12)","decl":{"start":{"line":13,"column":8},"end":{"line":13,"column":22}},"loc":{"start":{"line":15,"column":22},"end":{"line":30,"column":null}}},"2":{"name":"(anonymous_14)","decl":{"start":{"line":34,"column":8},"end":{"line":34,"column":22}},"loc":{"start":{"line":34,"column":41},"end":{"line":40,"column":null}}},"3":{"name":"(anonymous_16)","decl":{"start":{"line":12,"column":12},"end":{"line":12,"column":15}},"loc":{"start":{"line":12,"column":18},"end":{"line":12,"column":34}}},"4":{"name":"(anonymous_17)","decl":{"start":{"line":14,"column":28},"end":{"line":14,"column":31}},"loc":{"start":{"line":14,"column":34},"end":{"line":14,"column":37}}},"5":{"name":"(anonymous_18)","decl":{"start":{"line":33,"column":9},"end":{"line":33,"column":12}},"loc":{"start":{"line":33,"column":15},"end":{"line":33,"column":27}}}},"branchMap":{},"s":{"0":0,"1":0,"2":0,"3":0,"4":0,"5":0,"6":0,"7":0,"8":0,"9":0,"10":0,"11":0,"12":0,"13":0,"14":0,"15":0,"16":0,"17":0,"18":0,"19":0,"20":0,"21":0},"f":{"0":0,"1":0,"2":0,"3":0,"4":0,"5":0},"b":{}}
,"/home/kayky/Documentos/testeGraphql/Library-NEST-REACT-GRAPHQL/src/modules/users/users.service.ts": {"path":"/home/kayky/Documentos/testeGraphql/Library-NEST-REACT-GRAPHQL/src/modules/users/users.service.ts","statementMap":{"0":{"start":{"line":1,"column":0},"end":{"line":1,"column":44}},"1":{"start":{"line":4,"column":0},"end":{"line":4,"column":71}},"2":{"start":{"line":5,"column":0},"end":{"line":5,"column":53}},"3":{"start":{"line":6,"column":0},"end":{"line":6,"column":73}},"4":{"start":{"line":9,"column":7},"end":{"line":154,"column":null}},"5":{"start":{"line":11,"column":12},"end":{"line":11,"column":20}},"6":{"start":{"line":12,"column":12},"end":{"line":12,"column":29}},"7":{"start":{"line":13,"column":12},"end":{"line":13,"column":31}},"8":{"start":{"line":17,"column":25},"end":{"line":17,"column":90}},"9":{"start":{"line":19,"column":4},"end":{"line":21,"column":5}},"10":{"start":{"line":20,"column":6},"end":{"line":20,"column":61}},"11":{"start":{"line":23,"column":20},"end":{"line":30,"column":6}},"12":{"start":{"line":32,"column":4},"end":{"line":39,"column":7}},"13":{"start":{"line":43,"column":4},"end":{"line":43,"column":42}},"14":{"start":{"line":47,"column":17},"end":{"line":47,"column":56}},"15":{"start":{"line":49,"column":4},"end":{"line":49,"column":27}},"16":{"start":{"line":49,"column":15},"end":{"line":49,"column":27}},"17":{"start":{"line":51,"column":4},"end":{"line":56,"column":6}},"18":{"start":{"line":60,"column":4},"end":{"line":60,"column":57}},"19":{"start":{"line":64,"column":4},"end":{"line":64,"column":45}},"20":{"start":{"line":68,"column":4},"end":{"line":74,"column":5}},"21":{"start":{"line":69,"column":27},"end":{"line":69,"column":92}},"22":{"start":{"line":71,"column":6},"end":{"line":73,"column":7}},"23":{"start":{"line":72,"column":8},"end":{"line":72,"column":63}},"24":{"start":{"line":76,"column":4},"end":{"line":78,"column":7}},"25":{"start":{"line":82,"column":4},"end":{"line":82,"column":42}},"26":{"start":{"line":86,"column":17},"end":{"line":91,"column":6}},"27":{"start":{"line":93,"column":4},"end":{"line":95,"column":5}},"28":{"start":{"line":94,"column":6},"end":{"line":94,"column":18}},"29":{"start":{"line":97,"column":4},"end":{"line":102,"column":7}},"30":{"start":{"line":106,"column":4},"end":{"line":108,"column":7}},"31":{"start":{"line":112,"column":4},"end":{"line":114,"column":7}},"32":{"start":{"line":118,"column":21},"end":{"line":118,"column":57}},"33":{"start":{"line":119,"column":25},"end":{"line":119,"column":103}},"34":{"start":{"line":119,"column":47},"end":{"line":119,"column":102}},"35":{"start":{"line":121,"column":4},"end":{"line":123,"column":5}},"36":{"start":{"line":122,"column":6},"end":{"line":122,"column":80}},"37":{"start":{"line":125,"column":4},"end":{"line":127,"column":7}},"38":{"start":{"line":131,"column":4},"end":{"line":138,"column":5}},"39":{"start":{"line":132,"column":28},"end":{"line":132,"column":81}},"40":{"start":{"line":133,"column":6},"end":{"line":135,"column":9}},"41":{"start":{"line":137,"column":6},"end":{"line":137,"column":74}},"42":{"start":{"line":142,"column":19},"end":{"line":142,"column":38}},"43":{"start":{"line":143,"column":27},"end":{"line":143,"column":61}},"44":{"start":{"line":145,"column":17},"end":{"line":145,"column":68}},"45":{"start":{"line":146,"column":4},"end":{"line":148,"column":5}},"46":{"start":{"line":147,"column":6},"end":{"line":147,"column":48}},"47":{"start":{"line":150,"column":4},"end":{"line":152,"column":7}},"48":{"start":{"line":9,"column":13},"end":{"line":9,"column":25}},"49":{"start":{"line":9,"column":13},"end":{"line":154,"column":null}}},"fnMap":{"0":{"name":"(anonymous_9)","decl":{"start":{"line":10,"column":2},"end":{"line":10,"column":null}},"loc":{"start":{"line":13,"column":48},"end":{"line":14,"column":6}}},"1":{"name":"(anonymous_10)","decl":{"start":{"line":16,"column":8},"end":{"line":16,"column":14}},"loc":{"start":{"line":16,"column":43},"end":{"line":40,"column":null}}},"2":{"name":"(anonymous_12)","decl":{"start":{"line":42,"column":8},"end":{"line":42,"column":15}},"loc":{"start":{"line":42,"column":15},"end":{"line":44,"column":null}}},"3":{"name":"(anonymous_14)","decl":{"start":{"line":46,"column":8},"end":{"line":46,"column":15}},"loc":{"start":{"line":46,"column":26},"end":{"line":57,"column":null}}},"4":{"name":"(anonymous_16)","decl":{"start":{"line":59,"column":8},"end":{"line":59,"column":22}},"loc":{"start":{"line":59,"column":39},"end":{"line":61,"column":null}}},"5":{"name":"(anonymous_18)","decl":{"start":{"line":63,"column":8},"end":{"line":63,"column":19}},"loc":{"start":{"line":63,"column":30},"end":{"line":65,"column":null}}},"6":{"name":"(anonymous_20)","decl":{"start":{"line":67,"column":8},"end":{"line":67,"column":14}},"loc":{"start":{"line":67,"column":55},"end":{"line":79,"column":null}}},"7":{"name":"(anonymous_22)","decl":{"start":{"line":81,"column":8},"end":{"line":81,"column":14}},"loc":{"start":{"line":81,"column":25},"end":{"line":83,"column":null}}},"8":{"name":"(anonymous_24)","decl":{"start":{"line":85,"column":8},"end":{"line":85,"column":23}},"loc":{"start":{"line":85,"column":40},"end":{"line":103,"column":null}}},"9":{"name":"(anonymous_26)","decl":{"start":{"line":105,"column":8},"end":{"line":105,"column":23}},"loc":{"start":{"line":105,"column":54},"end":{"line":109,"column":null}}},"10":{"name":"(anonymous_28)","decl":{"start":{"line":111,"column":8},"end":{"line":111,"column":25}},"loc":{"start":{"line":111,"column":61},"end":{"line":115,"column":null}}},"11":{"name":"(anonymous_30)","decl":{"start":{"line":117,"column":8},"end":{"line":117,"column":25}},"loc":{"start":{"line":117,"column":61},"end":{"line":128,"column":null}}},"12":{"name":"(anonymous_32)","decl":{"start":{"line":119,"column":39},"end":{"line":119,"column":43}},"loc":{"start":{"line":119,"column":47},"end":{"line":119,"column":102}}},"13":{"name":"(anonymous_33)","decl":{"start":{"line":130,"column":8},"end":{"line":130,"column":26}},"loc":{"start":{"line":130,"column":68},"end":{"line":139,"column":null}}},"14":{"name":"(anonymous_35)","decl":{"start":{"line":141,"column":8},"end":{"line":141,"column":22}},"loc":{"start":{"line":141,"column":60},"end":{"line":153,"column":null}}}},"branchMap":{"0":{"loc":{"start":{"line":19,"column":4},"end":{"line":21,"column":5}},"type":"if","locations":[{"start":{"line":19,"column":4},"end":{"line":21,"column":5}}]},"1":{"loc":{"start":{"line":49,"column":4},"end":{"line":49,"column":27}},"type":"if","locations":[{"start":{"line":49,"column":4},"end":{"line":49,"column":27}}]},"2":{"loc":{"start":{"line":68,"column":4},"end":{"line":74,"column":5}},"type":"if","locations":[{"start":{"line":68,"column":4},"end":{"line":74,"column":5}}]},"3":{"loc":{"start":{"line":71,"column":6},"end":{"line":73,"column":7}},"type":"if","locations":[{"start":{"line":71,"column":6},"end":{"line":73,"column":7}}]},"4":{"loc":{"start":{"line":71,"column":10},"end":{"line":71,"column":48}},"type":"binary-expr","locations":[{"start":{"line":71,"column":10},"end":{"line":71,"column":22}},{"start":{"line":71,"column":26},"end":{"line":71,"column":48}}]},"5":{"loc":{"start":{"line":93,"column":4},"end":{"line":95,"column":5}},"type":"if","locations":[{"start":{"line":93,"column":4},"end":{"line":95,"column":5}}]},"6":{"loc":{"start":{"line":93,"column":8},"end":{"line":93,"column":39}},"type":"binary-expr","locations":[{"start":{"line":93,"column":8},"end":{"line":93,"column":13}},{"start":{"line":93,"column":17},"end":{"line":93,"column":39}}]},"7":{"loc":{"start":{"line":119,"column":47},"end":{"line":119,"column":102}},"type":"binary-expr","locations":[{"start":{"line":119,"column":47},"end":{"line":119,"column":80}},{"start":{"line":119,"column":84},"end":{"line":119,"column":102}}]},"8":{"loc":{"start":{"line":121,"column":4},"end":{"line":123,"column":5}},"type":"if","locations":[{"start":{"line":121,"column":4},"end":{"line":123,"column":5}}]},"9":{"loc":{"start":{"line":146,"column":4},"end":{"line":148,"column":5}},"type":"if","locations":[{"start":{"line":146,"column":4},"end":{"line":148,"column":5}}]}},"s":{"0":0,"1":0,"2":0,"3":0,"4":0,"5":0,"6":0,"7":0,"8":0,"9":0,"10":0,"11":0,"12":0,"13":0,"14":0,"15":0,"16":0,"17":0,"18":0,"19":0,"20":0,"21":0,"22":0,"23":0,"24":0,"25":0,"26":0,"27":0,"28":0,"29":0,"30":0,"31":0,"32":0,"33":0,"34":0,"35":0,"36":0,"37":0,"38":0,"39":0,"40":0,"41":0,"42":0,"43":0,"44":0,"45":0,"46":0,"47":0,"48":0,"49":0},"f":{"0":0,"1":0,"2":0,"3":0,"4":0,"5":0,"6":0,"7":0,"8":0,"9":0,"10":0,"11":0,"12":0,"13":0,"14":0},"b":{"0":[0],"1":[0],"2":[0],"3":[0],"4":[0,0],"5":[0],"6":[0,0],"7":[0,0],"8":[0],"9":[0]}}
,"/home/kayky/Documentos/testeGraphql/Library-NEST-REACT-GRAPHQL/src/types/css-modules.d.ts": {"path":"/home/kayky/Documentos/testeGraphql/Library-NEST-REACT-GRAPHQL/src/types/css-modules.d.ts","statementMap":{},"fnMap":{},"branchMap":{},"s":{},"f":{},"b":{}}
,"/home/kayky/Documentos/testeGraphql/Library-NEST-REACT-GRAPHQL/src/utils/imageUtils.ts": {"path":"/home/kayky/Documentos/testeGraphql/Library-NEST-REACT-GRAPHQL/src/utils/imageUtils.ts","statementMap":{"0":{"start":{"line":1,"column":27},"end":{"line":40,"column":1}},"1":{"start":{"line":7,"column":2},"end":{"line":12,"column":3}},"2":{"start":{"line":8,"column":24},"end":{"line":8,"column":55}},"3":{"start":{"line":9,"column":4},"end":{"line":11,"column":5}},"4":{"start":{"line":10,"column":6},"end":{"line":10,"column":25}},"5":{"start":{"line":14,"column":2},"end":{"line":16,"column":3}},"6":{"start":{"line":15,"column":4},"end":{"line":15,"column":37}},"7":{"start":{"line":18,"column":12},"end":{"line":18,"column":14}},"8":{"start":{"line":20,"column":2},"end":{"line":32,"column":3}},"9":{"start":{"line":21,"column":4},"end":{"line":21,"column":16}},"10":{"start":{"line":23,"column":7},"end":{"line":32,"column":3}},"11":{"start":{"line":24,"column":19},"end":{"line":24,"column":83}},"12":{"start":{"line":25,"column":4},"end":{"line":25,"column":null}},"13":{"start":{"line":27,"column":7},"end":{"line":32,"column":3}},"14":{"start":{"line":28,"column":4},"end":{"line":28,"column":37}},"15":{"start":{"line":31,"column":4},"end":{"line":31,"column":30}},"16":{"start":{"line":34,"column":2},"end":{"line":37,"column":3}},"17":{"start":{"line":35,"column":22},"end":{"line":35,"column":51}},"18":{"start":{"line":36,"column":4},"end":{"line":36,"column":41}},"19":{"start":{"line":39,"column":2},"end":{"line":39,"column":13}},"20":{"start":{"line":1,"column":13},"end":{"line":1,"column":27}},"21":{"start":{"line":42,"column":35},"end":{"line":49,"column":1}},"22":{"start":{"line":43,"column":24},"end":{"line":47,"column":4}},"23":{"start":{"line":48,"column":2},"end":{"line":48,"column":29}},"24":{"start":{"line":42,"column":13},"end":{"line":42,"column":35}},"25":{"start":{"line":51,"column":35},"end":{"line":93,"column":1}},"26":{"start":{"line":52,"column":25},"end":{"line":54,"column":31}},"27":{"start":{"line":56,"column":2},"end":{"line":81,"column":3}},"28":{"start":{"line":57,"column":52},"end":{"line":78,"column":6}},"29":{"start":{"line":80,"column":4},"end":{"line":80,"column":48}},"30":{"start":{"line":83,"column":2},"end":{"line":90,"column":3}},"31":{"start":{"line":84,"column":54},"end":{"line":87,"column":6}},"32":{"start":{"line":89,"column":4},"end":{"line":89,"column":50}},"33":{"start":{"line":92,"column":2},"end":{"line":92,"column":14}},"34":{"start":{"line":51,"column":13},"end":{"line":51,"column":35}},"35":{"start":{"line":95,"column":31},"end":{"line":103,"column":1}},"36":{"start":{"line":96,"column":16},"end":{"line":96,"column":40}},"37":{"start":{"line":97,"column":22},"end":{"line":97,"column":64}},"38":{"start":{"line":97,"column":46},"end":{"line":97,"column":63}},"39":{"start":{"line":98,"column":2},"end":{"line":100,"column":3}},"40":{"start":{"line":99,"column":4},"end":{"line":99,"column":64}},"41":{"start":{"line":101,"column":19},"end":{"line":101,"column":42}},"42":{"start":{"line":102,"column":2},"end":{"line":102,"column":32}},"43":{"start":{"line":95,"column":13},"end":{"line":95,"column":31}}},"fnMap":{"0":{"name":"(anonymous_0)","decl":{"start":{"line":1,"column":27},"end":{"line":1,"column":null}},"loc":{"start":{"line":6,"column":12},"end":{"line":40,"column":1}}},"1":{"name":"(anonymous_1)","decl":{"start":{"line":42,"column":35},"end":{"line":42,"column":36}},"loc":{"start":{"line":42,"column":92},"end":{"line":49,"column":1}}},"2":{"name":"(anonymous_2)","decl":{"start":{"line":51,"column":35},"end":{"line":51,"column":36}},"loc":{"start":{"line":51,"column":92},"end":{"line":93,"column":1}}},"3":{"name":"(anonymous_3)","decl":{"start":{"line":95,"column":31},"end":{"line":95,"column":32}},"loc":{"start":{"line":95,"column":65},"end":{"line":103,"column":1}}},"4":{"name":"(anonymous_4)","decl":{"start":{"line":97,"column":38},"end":{"line":97,"column":42}},"loc":{"start":{"line":97,"column":46},"end":{"line":97,"column":63}}}},"branchMap":{"0":{"loc":{"start":{"line":3,"column":2},"end":{"line":3,"column":46}},"type":"default-arg","locations":[{"start":{"line":3,"column":40},"end":{"line":3,"column":46}}]},"1":{"loc":{"start":{"line":4,"column":2},"end":{"line":4,"column":31}},"type":"default-arg","locations":[{"start":{"line":4,"column":26},"end":{"line":4,"column":31}}]},"2":{"loc":{"start":{"line":7,"column":2},"end":{"line":12,"column":3}},"type":"if","locations":[{"start":{"line":7,"column":2},"end":{"line":12,"column":3}}]},"3":{"loc":{"start":{"line":7,"column":6},"end":{"line":7,"column":62}},"type":"binary-expr","locations":[{"start":{"line":7,"column":6},"end":{"line":7,"column":12}},{"start":{"line":7,"column":16},"end":{"line":7,"column":20}},{"start":{"line":7,"column":25},"end":{"line":7,"column":40}},{"start":{"line":7,"column":44},"end":{"line":7,"column":61}}]},"4":{"loc":{"start":{"line":9,"column":4},"end":{"line":11,"column":5}},"type":"if","locations":[{"start":{"line":9,"column":4},"end":{"line":11,"column":5}}]},"5":{"loc":{"start":{"line":14,"column":2},"end":{"line":16,"column":3}},"type":"if","locations":[{"start":{"line":14,"column":2},"end":{"line":16,"column":3}}]},"6":{"loc":{"start":{"line":20,"column":2},"end":{"line":32,"column":3}},"type":"if","locations":[{"start":{"line":20,"column":2},"end":{"line":32,"column":3}},{"start":{"line":23,"column":7},"end":{"line":32,"column":3}}]},"7":{"loc":{"start":{"line":23,"column":7},"end":{"line":32,"column":3}},"type":"if","locations":[{"start":{"line":23,"column":7},"end":{"line":32,"column":3}},{"start":{"line":27,"column":7},"end":{"line":32,"column":3}}]},"8":{"loc":{"start":{"line":23,"column":11},"end":{"line":23,"column":67}},"type":"binary-expr","locations":[{"start":{"line":23,"column":11},"end":{"line":23,"column":36}},{"start":{"line":23,"column":40},"end":{"line":23,"column":67}}]},"9":{"loc":{"start":{"line":24,"column":19},"end":{"line":24,"column":83}},"type":"cond-expr","locations":[{"start":{"line":24,"column":37},"end":{"line":24,"column":57}},{"start":{"line":24,"column":60},"end":{"line":24,"column":83}}]},"10":{"loc":{"start":{"line":27,"column":7},"end":{"line":32,"column":3}},"type":"if","locations":[{"start":{"line":27,"column":7},"end":{"line":32,"column":3}},{"start":{"line":30,"column":7},"end":{"line":32,"column":3}}]},"11":{"loc":{"start":{"line":34,"column":2},"end":{"line":37,"column":3}},"type":"if","locations":[{"start":{"line":34,"column":2},"end":{"line":37,"column":3}}]},"12":{"loc":{"start":{"line":35,"column":22},"end":{"line":35,"column":51}},"type":"cond-expr","locations":[{"start":{"line":35,"column":42},"end":{"line":35,"column":45}},{"start":{"line":35,"column":48},"end":{"line":35,"column":51}}]},"13":{"loc":{"start":{"line":42,"column":36},"end":{"line":42,"column":80}},"type":"default-arg","locations":[{"start":{"line":42,"column":74},"end":{"line":42,"column":80}}]},"14":{"loc":{"start":{"line":56,"column":2},"end":{"line":81,"column":3}},"type":"if","locations":[{"start":{"line":56,"column":2},"end":{"line":81,"column":3}}]},"15":{"loc":{"start":{"line":80,"column":11},"end":{"line":80,"column":47}},"type":"binary-expr","locations":[{"start":{"line":80,"column":11},"end":{"line":80,"column":39}},{"start":{"line":80,"column":43},"end":{"line":80,"column":47}}]},"16":{"loc":{"start":{"line":83,"column":2},"end":{"line":90,"column":3}},"type":"if","locations":[{"start":{"line":83,"column":2},"end":{"line":90,"column":3}}]},"17":{"loc":{"start":{"line":89,"column":11},"end":{"line":89,"column":49}},"type":"binary-expr","locations":[{"start":{"line":89,"column":11},"end":{"line":89,"column":41}},{"start":{"line":89,"column":45},"end":{"line":89,"column":49}}]},"18":{"loc":{"start":{"line":98,"column":2},"end":{"line":100,"column":3}},"type":"if","locations":[{"start":{"line":98,"column":2},"end":{"line":100,"column":3}}]},"19":{"loc":{"start":{"line":98,"column":6},"end":{"line":98,"column":58}},"type":"binary-expr","locations":[{"start":{"line":98,"column":6},"end":{"line":98,"column":24}},{"start":{"line":98,"column":28},"end":{"line":98,"column":58}}]}},"s":{"0":0,"1":0,"2":0,"3":0,"4":0,"5":0,"6":0,"7":0,"8":0,"9":0,"10":0,"11":0,"12":0,"13":0,"14":0,"15":0,"16":0,"17":0,"18":0,"19":0,"20":0,"21":0,"22":0,"23":0,"24":0,"25":0,"26":0,"27":0,"28":0,"29":0,"30":0,"31":0,"32":0,"33":0,"34":0,"35":0,"36":0,"37":0,"38":0,"39":0,"40":0,"41":0,"42":0,"43":0},"f":{"0":0,"1":0,"2":0,"3":0,"4":0},"b":{"0":[0],"1":[0],"2":[0],"3":[0,0,0,0],"4":[0],"5":[0],"6":[0,0],"7":[0,0],"8":[0,0],"9":[0,0],"10":[0,0],"11":[0],"12":[0,0],"13":[0],"14":[0],"15":[0,0],"16":[0],"17":[0,0],"18":[0],"19":[0,0]}}
}
