TN:
SF:src/api.ts
FN:6,(anonymous_1)
FN:16,(anonymous_2)
FN:20,(anonymous_3)
FN:21,(anonymous_4)
FNF:4
FNH:0
FNDA:0,(anonymous_1)
FNDA:0,(anonymous_2)
FNDA:0,(anonymous_3)
FNDA:0,(anonymous_4)
DA:1,0
DA:3,0
DA:5,0
DA:7,0
DA:8,0
DA:9,0
DA:10,0
DA:12,0
DA:14,0
DA:16,0
DA:19,0
DA:20,0
DA:22,0
DA:23,0
DA:25,0
DA:26,0
DA:27,0
DA:28,0
DA:29,0
DA:32,0
DA:36,0
LF:21
LH:0
BRDA:8,0,0,0
BRDA:9,1,0,0
BRDA:22,2,0,0
BRDA:22,2,1,0
BRDA:22,3,0,0
BRDA:22,3,1,0
BRDA:22,4,0,0
BRDA:22,4,1,0
BRDA:22,5,0,0
BRDA:22,5,1,0
BRDA:23,6,0,0
BRDA:23,6,1,0
BRDA:23,7,0,0
BRDA:23,7,1,0
BRDA:23,8,0,0
BRDA:23,8,1,0
BRDA:23,9,0,0
BRDA:23,9,1,0
BRDA:25,10,0,0
BRDA:25,11,0,0
BRDA:25,11,1,0
BRDA:25,11,2,0
BRDA:25,12,0,0
BRDA:25,12,1,0
BRDA:25,13,0,0
BRDA:25,13,1,0
BRDA:28,14,0,0
BRF:27
BRH:0
end_of_record
TN:
SF:src/common/exceptions/custom.exception.ts
FN:4,(anonymous_0)
FN:18,(anonymous_1)
FN:32,(anonymous_2)
FN:46,(anonymous_3)
FNF:4
FNH:0
FNDA:0,(anonymous_0)
FNDA:0,(anonymous_1)
FNDA:0,(anonymous_2)
FNDA:0,(anonymous_3)
DA:1,0
DA:3,0
DA:5,0
DA:17,0
DA:19,0
DA:31,0
DA:33,0
DA:45,0
DA:47,0
LF:9
LH:0
BRDA:52,0,0,0
BRDA:52,0,1,0
BRF:2
BRH:0
end_of_record
TN:
SF:src/common/exceptions/index.ts
FNF:0
FNH:0
DA:1,0
LF:1
LH:0
BRF:0
BRH:0
end_of_record
TN:
SF:src/common/guards/admin.guard.ts
FN:11,(anonymous_8)
FNF:1
FNH:0
FNDA:0,(anonymous_8)
DA:1,0
DA:7,0
DA:10,0
DA:12,0
DA:13,0
DA:14,0
DA:17,0
DA:18,0
DA:20,0
DA:21,0
DA:24,0
LF:11
LH:0
BRDA:13,0,0,0
BRDA:20,1,0,0
BRDA:20,2,0,0
BRDA:20,2,1,0
BRDA:20,3,0,0
BRDA:20,3,1,0
BRF:6
BRH:0
end_of_record
TN:
SF:src/common/guards/gql-admin.guard.ts
FN:7,(anonymous_8)
FN:12,(anonymous_9)
FNF:2
FNH:0
FNDA:0,(anonymous_8)
FNDA:0,(anonymous_9)
DA:1,0
DA:2,0
DA:3,0
DA:6,0
DA:8,0
DA:9,0
DA:13,0
DA:14,0
DA:15,0
DA:18,0
DA:19,0
DA:20,0
DA:22,0
LF:13
LH:0
BRDA:14,0,0,0
BRDA:22,1,0,0
BRDA:22,1,1,0
BRF:3
BRH:0
end_of_record
TN:
SF:src/common/guards/gql-auth.guard.ts
FN:7,(anonymous_1)
FNF:1
FNH:0
FNDA:0,(anonymous_1)
DA:1,0
DA:2,0
DA:3,0
DA:6,0
DA:8,0
DA:9,0
LF:6
LH:0
BRF:0
BRH:0
end_of_record
TN:
SF:src/common/guards/index.ts
FNF:0
FNH:0
DA:1,0
DA:2,0
DA:3,0
LF:3
LH:0
BRF:0
BRH:0
end_of_record
TN:
SF:src/common/guards/jwt-auth.guard.ts
FNF:0
FNH:0
DA:1,0
DA:2,0
DA:5,0
LF:3
LH:0
BRF:0
BRH:0
end_of_record
TN:
SF:src/common/guards/local-auth.guard.ts
FNF:0
FNH:0
DA:1,0
DA:2,0
DA:5,0
LF:3
LH:0
BRF:0
BRH:0
end_of_record
TN:
SF:src/common/interfaces/index.ts
FNF:0
FNH:0
DA:1,0
DA:2,0
DA:3,0
LF:3
LH:0
BRF:0
BRH:0
end_of_record
TN:
SF:src/common/scalars/upload.scalar.ts
FN:13,(anonymous_1)
FN:16,(anonymous_2)
FN:20,(anonymous_3)
FN:24,(anonymous_4)
FNF:4
FNH:0
FNDA:0,(anonymous_1)
FNDA:0,(anonymous_2)
FNDA:0,(anonymous_3)
FNDA:0,(anonymous_4)
DA:1,0
DA:3,0
DA:13,0
DA:14,0
DA:17,0
DA:21,0
DA:25,0
LF:7
LH:0
BRF:0
BRH:0
end_of_record
TN:
SF:src/common/services/cloudinary.service.ts
FN:41,(anonymous_9)
FN:49,(anonymous_10)
FN:50,(anonymous_11)
FN:79,(anonymous_12)
FN:80,(anonymous_13)
FN:107,(anonymous_14)
FN:138,(anonymous_16)
FN:180,(anonymous_18)
FN:184,(anonymous_19)
FN:193,(anonymous_20)
FN:222,(anonymous_21)
FN:224,(anonymous_22)
FN:232,(anonymous_23)
FNF:13
FNH:0
FNDA:0,(anonymous_9)
FNDA:0,(anonymous_10)
FNDA:0,(anonymous_11)
FNDA:0,(anonymous_12)
FNDA:0,(anonymous_13)
FNDA:0,(anonymous_14)
FNDA:0,(anonymous_16)
FNDA:0,(anonymous_18)
FNDA:0,(anonymous_19)
FNDA:0,(anonymous_20)
FNDA:0,(anonymous_21)
FNDA:0,(anonymous_22)
FNDA:0,(anonymous_23)
DA:1,0
DA:2,0
DA:3,0
DA:5,0
DA:40,0
DA:41,0
DA:42,0
DA:50,0
DA:54,0
DA:55,0
DA:56,0
DA:57,0
DA:59,0
DA:73,0
DA:75,0
DA:80,0
DA:84,0
DA:85,0
DA:95,0
DA:96,0
DA:97,0
DA:100,0
DA:101,0
DA:103,0
DA:111,0
DA:112,0
DA:113,0
DA:114,0
DA:116,0
DA:127,0
DA:132,0
DA:134,0
DA:139,0
DA:140,0
DA:141,0
DA:147,0
DA:148,0
DA:150,0
DA:151,0
DA:156,0
DA:159,0
DA:161,0
DA:162,0
DA:167,0
DA:173,0
DA:181,0
DA:185,0
DA:190,0
DA:194,0
DA:195,0
DA:198,0
DA:200,0
DA:201,0
DA:202,0
DA:203,0
DA:204,0
DA:205,0
DA:206,0
DA:207,0
DA:208,0
DA:210,0
DA:213,0
DA:214,0
DA:215,0
DA:218,0
DA:223,0
DA:224,0
DA:225,0
DA:226,0
DA:228,0
DA:229,0
DA:233,0
DA:235,0
DA:236,0
DA:237,0
DA:238,0
DA:240,0
DA:244,0
LF:78
LH:0
BRDA:51,0,0,0
BRDA:57,1,0,0
BRDA:57,1,1,0
BRDA:60,2,0,0
BRDA:60,2,1,0
BRDA:82,3,0,0
BRDA:95,4,0,0
BRDA:114,5,0,0
BRDA:114,5,1,0
BRDA:128,6,0,0
BRDA:128,6,1,0
BRDA:140,7,0,0
BRDA:150,8,0,0
BRDA:161,9,0,0
BRDA:161,9,1,0
BRDA:184,10,0,0
BRDA:193,11,0,0
BRDA:193,12,0,0
BRDA:194,13,0,0
BRDA:200,14,0,0
BRDA:200,14,1,0
BRDA:202,15,0,0
BRDA:202,15,1,0
BRDA:202,16,0,0
BRDA:202,16,1,0
BRDA:204,17,0,0
BRDA:204,17,1,0
BRDA:204,18,0,0
BRDA:204,18,1,0
BRDA:205,19,0,0
BRDA:205,19,1,0
BRDA:207,20,0,0
BRDA:207,20,1,0
BRDA:213,21,0,0
BRDA:214,22,0,0
BRDA:214,22,1,0
BRDA:225,23,0,0
BRDA:225,24,0,0
BRDA:225,24,1,0
BRF:39
BRH:0
end_of_record
TN:
SF:src/common/strategies/index.ts
FNF:0
FNH:0
DA:1,0
DA:2,0
LF:2
LH:0
BRF:0
BRH:0
end_of_record
TN:
SF:src/common/strategies/jwt.strategy.ts
FN:7,(anonymous_9)
FN:15,(anonymous_10)
FNF:2
FNH:0
FNDA:0,(anonymous_9)
FNDA:0,(anonymous_10)
DA:1,0
DA:2,0
DA:3,0
DA:6,0
DA:8,0
DA:16,0
LF:6
LH:0
BRDA:11,0,0,0
BRDA:11,0,1,0
BRF:2
BRH:0
end_of_record
TN:
SF:src/common/strategies/local.strategy.ts
FN:8,(anonymous_9)
FN:12,(anonymous_10)
FNF:2
FNH:0
FNDA:0,(anonymous_9)
FNDA:0,(anonymous_10)
DA:1,0
DA:2,0
DA:3,0
DA:4,0
DA:7,0
DA:8,0
DA:9,0
DA:13,0
DA:14,0
DA:15,0
DA:17,0
LF:11
LH:0
BRDA:14,0,0,0
BRF:1
BRH:0
end_of_record
TN:
SF:src/graphql/apollo-client.ts
FN:9,(anonymous_0)
FN:19,(anonymous_1)
FN:21,(anonymous_2)
FNF:3
FNH:0
FNDA:0,(anonymous_0)
FNDA:0,(anonymous_1)
FNDA:0,(anonymous_2)
DA:1,0
DA:2,0
DA:3,0
DA:5,0
DA:9,0
DA:10,0
DA:11,0
DA:19,0
DA:20,0
DA:21,0
DA:22,0
DA:27,0
DA:28,0
DA:29,0
DA:30,0
DA:31,0
DA:32,0
DA:33,0
DA:39,0
DA:49,0
LF:20
LH:0
BRDA:14,0,0,0
BRDA:14,0,1,0
BRDA:20,1,0,0
BRDA:27,2,0,0
BRDA:29,3,0,0
BRDA:29,4,0,0
BRDA:29,4,1,0
BRDA:29,4,2,0
BRDA:32,5,0,0
BRF:9
BRH:0
end_of_record
TN:
SF:src/graphql/queries/auth.ts
FNF:0
FNH:0
DA:1,0
DA:3,0
DA:19,0
DA:32,0
DA:46,0
LF:5
LH:0
BRF:0
BRH:0
end_of_record
TN:
SF:src/graphql/queries/authors.ts
FNF:0
FNH:0
DA:1,0
DA:3,0
DA:15,0
DA:33,0
DA:39,0
DA:50,0
DA:61,0
DA:67,0
LF:8
LH:0
BRF:0
BRH:0
end_of_record
TN:
SF:src/graphql/queries/books.ts
FNF:0
FNH:0
DA:1,0
DA:3,0
DA:21,0
DA:41,0
DA:47,0
DA:59,0
DA:71,0
DA:77,0
DA:83,0
LF:9
LH:0
BRF:0
BRH:0
end_of_record
TN:
SF:src/graphql/queries/favorites.ts
FNF:0
FNH:0
DA:1,0
DA:3,0
DA:12,0
LF:3
LH:0
BRF:0
BRH:0
end_of_record
TN:
SF:src/graphql/queries/loans.ts
FNF:0
FNH:0
DA:1,0
DA:3,0
DA:17,0
DA:23,0
DA:42,0
DA:58,0
DA:73,0
DA:91,0
LF:8
LH:0
BRF:0
BRH:0
end_of_record
TN:
SF:src/graphql/queries/reviews.ts
FNF:0
FNH:0
DA:1,0
DA:3,0
DA:18,0
DA:33,0
DA:42,0
LF:5
LH:0
BRF:0
BRH:0
end_of_record
TN:
SF:src/hooks/useLoginModal.ts
FN:10,(anonymous_0)
FN:14,(anonymous_1)
FN:19,(anonymous_2)
FNF:3
FNH:0
FNDA:0,(anonymous_0)
FNDA:0,(anonymous_1)
FNDA:0,(anonymous_2)
DA:1,0
DA:10,0
DA:11,0
DA:12,0
DA:14,0
DA:15,0
DA:16,0
DA:19,0
DA:20,0
DA:21,0
DA:24,0
LF:11
LH:0
BRF:0
BRH:0
end_of_record
TN:
SF:src/infrastructure/uploads.controller.ts
FN:9,(anonymous_4)
FN:25,(anonymous_5)
FN:29,(anonymous_6)
FN:37,(anonymous_7)
FN:40,(anonymous_8)
FNF:5
FNH:0
FNDA:0,(anonymous_4)
FNDA:0,(anonymous_5)
FNDA:0,(anonymous_6)
FNDA:0,(anonymous_7)
FNDA:0,(anonymous_8)
DA:1,0
DA:3,0
DA:4,0
DA:7,0
DA:9,0
DA:10,0
DA:11,0
DA:12,0
DA:14,0
DA:15,0
DA:16,0
DA:17,0
DA:18,0
DA:19,0
DA:20,0
DA:21,0
DA:22,0
DA:25,0
DA:27,0
DA:28,0
DA:29,0
DA:35,0
DA:36,0
DA:37,0
DA:38,0
DA:39,0
DA:41,0
DA:42,0
DA:44,0
DA:45,0
DA:49,0
DA:50,0
DA:51,0
DA:52,0
DA:53,0
DA:54,0
DA:55,0
DA:57,0
DA:60,0
DA:61,0
LF:40
LH:0
BRDA:15,0,0,0
BRDA:15,0,1,0
BRDA:19,1,0,0
BRDA:27,2,0,0
BRDA:29,3,0,0
BRDA:29,3,1,0
BRDA:37,4,0,0
BRDA:37,4,1,0
BRDA:42,5,0,0
BRDA:42,5,1,0
BRDA:44,6,0,0
BRDA:49,7,0,0
BRDA:50,8,0,0
BRDA:50,8,1,0
BRDA:50,9,0,0
BRDA:50,9,1,0
BRDA:52,10,0,0
BRDA:52,10,1,0
BRDA:52,11,0,0
BRDA:52,11,1,0
BRDA:54,12,0,0
BRDA:54,13,0,0
BRDA:54,13,1,0
BRF:23
BRH:0
end_of_record
TN:
SF:src/infrastructure/mail/mail.service.ts
FN:9,(anonymous_18)
FN:11,(anonymous_19)
FN:26,(anonymous_21)
FN:46,(anonymous_23)
FNF:4
FNH:0
FNDA:0,(anonymous_18)
FNDA:0,(anonymous_19)
FNDA:0,(anonymous_21)
FNDA:0,(anonymous_23)
DA:1,0
DA:2,0
DA:3,0
DA:4,0
DA:5,0
DA:8,0
DA:9,0
DA:12,0
DA:13,0
DA:19,0
DA:20,0
DA:22,0
DA:32,0
DA:33,0
DA:39,0
DA:40,0
DA:42,0
DA:50,0
DA:59,0
DA:60,0
DA:62,0
DA:69,0
DA:71,0
DA:73,0
DA:75,0
DA:81,0
DA:83,0
LF:27
LH:0
BRDA:20,0,0,0
BRDA:20,0,1,0
BRDA:20,1,0,0
BRDA:20,1,1,0
BRDA:40,2,0,0
BRDA:40,2,1,0
BRDA:40,3,0,0
BRDA:40,3,1,0
BRDA:71,4,0,0
BRDA:71,4,1,0
BRDA:71,5,0,0
BRDA:71,5,1,0
BRDA:73,6,0,0
BRDA:73,6,1,0
BRDA:73,7,0,0
BRDA:73,7,1,0
BRDA:83,8,0,0
BRDA:83,8,1,0
BRDA:83,9,0,0
BRDA:83,9,1,0
BRF:20
BRH:0
end_of_record
TN:
SF:src/infrastructure/prisma/prisma.service.ts
FN:6,(anonymous_8)
FN:10,(anonymous_10)
FNF:2
FNH:0
FNDA:0,(anonymous_8)
FNDA:0,(anonymous_10)
DA:1,0
DA:2,0
DA:5,0
DA:7,0
DA:11,0
LF:5
LH:0
BRF:0
BRH:0
end_of_record
TN:
SF:src/modules/auth/auth.controller.ts
FN:22,(anonymous_11)
FN:30,(anonymous_12)
FN:49,(anonymous_14)
FN:62,(anonymous_16)
FN:74,(anonymous_18)
FN:82,(anonymous_20)
FN:103,(anonymous_22)
FN:120,(anonymous_24)
FN:126,(anonymous_25)
FN:132,(anonymous_26)
FN:141,(anonymous_27)
FN:149,(anonymous_28)
FN:185,(anonymous_30)
FNF:13
FNH:0
FNDA:0,(anonymous_11)
FNDA:0,(anonymous_12)
FNDA:0,(anonymous_14)
FNDA:0,(anonymous_16)
FNDA:0,(anonymous_18)
FNDA:0,(anonymous_20)
FNDA:0,(anonymous_22)
FNDA:0,(anonymous_24)
FNDA:0,(anonymous_25)
FNDA:0,(anonymous_26)
FNDA:0,(anonymous_27)
FNDA:0,(anonymous_28)
FNDA:0,(anonymous_30)
DA:1,0
DA:10,0
DA:12,0
DA:13,0
DA:14,0
DA:15,0
DA:16,0
DA:17,0
DA:18,0
DA:21,0
DA:23,0
DA:24,0
DA:25,0
DA:26,0
DA:30,0
DA:31,0
DA:33,0
DA:34,0
DA:37,0
DA:38,0
DA:49,0
DA:50,0
DA:51,0
DA:62,0
DA:63,0
DA:74,0
DA:75,0
DA:82,0
DA:83,0
DA:84,0
DA:86,0
DA:87,0
DA:97,0
DA:98,0
DA:103,0
DA:104,0
DA:106,0
DA:107,0
DA:120,0
DA:121,0
DA:126,0
DA:127,0
DA:132,0
DA:133,0
DA:141,0
DA:142,0
DA:149,0
DA:150,0
DA:152,0
DA:153,0
DA:156,0
DA:160,0
DA:164,0
DA:166,0
DA:167,0
DA:172,0
DA:173,0
DA:174,0
DA:177,0
DA:178,0
DA:181,0
DA:185,0
DA:186,0
DA:187,0
DA:188,0
DA:191,0
DA:192,0
DA:194,0
DA:195,0
DA:196,0
DA:197,0
DA:198,0
DA:200,0
DA:202,0
DA:206,0
DA:207,0
DA:210,0
DA:211,0
DA:212,0
DA:213,0
DA:219,0
DA:221,0
DA:223,0
LF:83
LH:0
BRDA:33,0,0,0
BRDA:150,1,0,0
BRDA:150,1,1,0
BRDA:150,2,0,0
BRDA:150,2,1,0
BRDA:150,3,0,0
BRDA:150,3,1,0
BRDA:152,4,0,0
BRDA:164,5,0,0
BRDA:164,5,1,0
BRDA:172,6,0,0
BRDA:172,7,0,0
BRDA:172,7,1,0
BRDA:172,8,0,0
BRDA:172,8,1,0
BRDA:178,9,0,0
BRDA:178,9,1,0
BRDA:178,10,0,0
BRDA:178,10,1,0
BRDA:178,11,0,0
BRDA:178,11,1,0
BRDA:186,12,0,0
BRDA:186,12,1,0
BRDA:186,13,0,0
BRDA:186,13,1,0
BRDA:186,14,0,0
BRDA:186,14,1,0
BRDA:187,15,0,0
BRDA:191,16,0,0
BRDA:191,16,1,0
BRDA:191,17,0,0
BRDA:191,17,1,0
BRDA:191,18,0,0
BRDA:191,18,1,0
BRDA:192,19,0,0
BRDA:192,19,1,0
BRDA:192,20,0,0
BRDA:192,20,1,0
BRDA:192,21,0,0
BRDA:192,21,1,0
BRDA:194,22,0,0
BRDA:197,23,0,0
BRDA:197,24,0,0
BRDA:197,24,1,0
BRDA:197,25,0,0
BRDA:197,25,1,0
BRDA:200,26,0,0
BRDA:200,26,1,0
BRDA:200,27,0,0
BRDA:200,27,1,0
BRDA:200,28,0,0
BRDA:200,28,1,0
BRDA:206,29,0,0
BRDA:212,30,0,0
BRF:54
BRH:0
end_of_record
TN:
SF:src/modules/auth/auth.repository.ts
FN:8,(anonymous_9)
FN:10,(anonymous_10)
FN:20,(anonymous_12)
FN:30,(anonymous_14)
FN:40,(anonymous_16)
FN:51,(anonymous_18)
FN:62,(anonymous_20)
FN:77,(anonymous_22)
FNF:8
FNH:0
FNDA:0,(anonymous_9)
FNDA:0,(anonymous_10)
FNDA:0,(anonymous_12)
FNDA:0,(anonymous_14)
FNDA:0,(anonymous_16)
FNDA:0,(anonymous_18)
FNDA:0,(anonymous_20)
FNDA:0,(anonymous_22)
DA:1,0
DA:2,0
DA:4,0
DA:7,0
DA:8,0
DA:11,0
DA:12,0
DA:16,0
DA:21,0
DA:22,0
DA:26,0
DA:31,0
DA:32,0
DA:36,0
DA:41,0
DA:42,0
DA:47,0
DA:52,0
DA:53,0
DA:58,0
DA:63,0
DA:64,0
DA:71,0
DA:73,0
DA:78,0
DA:79,0
DA:80,0
DA:81,0
DA:83,0
DA:88,0
LF:30
LH:0
BRDA:71,0,0,0
BRDA:71,0,1,0
BRDA:80,1,0,0
BRDA:81,2,0,0
BRF:4
BRH:0
end_of_record
TN:
SF:src/modules/auth/auth.resolver.ts
FN:12,(anonymous_11)
FN:19,(anonymous_12)
FN:50,(anonymous_14)
FN:78,(anonymous_16)
FN:108,(anonymous_18)
FN:18,(anonymous_20)
FN:49,(anonymous_21)
FN:77,(anonymous_22)
FN:107,(anonymous_23)
FNF:9
FNH:0
FNDA:0,(anonymous_11)
FNDA:0,(anonymous_12)
FNDA:0,(anonymous_14)
FNDA:0,(anonymous_16)
FNDA:0,(anonymous_18)
FNDA:0,(anonymous_20)
FNDA:0,(anonymous_21)
FNDA:0,(anonymous_22)
FNDA:0,(anonymous_23)
DA:1,0
DA:2,0
DA:3,0
DA:4,0
DA:5,0
DA:6,0
DA:7,0
DA:8,0
DA:11,0
DA:13,0
DA:14,0
DA:15,0
DA:18,0
DA:19,0
DA:20,0
DA:22,0
DA:23,0
DA:26,0
DA:33,0
DA:35,0
DA:36,0
DA:49,0
DA:50,0
DA:51,0
DA:57,0
DA:64,0
DA:66,0
DA:77,0
DA:78,0
DA:79,0
DA:80,0
DA:82,0
DA:83,0
DA:86,0
DA:93,0
DA:95,0
DA:107,0
DA:108,0
DA:112,0
DA:114,0
DA:115,0
DA:118,0
DA:119,0
DA:122,0
DA:124,0
DA:131,0
DA:133,0
LF:47
LH:0
BRDA:22,0,0,0
BRDA:43,1,0,0
BRDA:43,1,1,0
BRDA:43,2,0,0
BRDA:43,2,1,0
BRDA:44,3,0,0
BRDA:44,3,1,0
BRDA:44,4,0,0
BRDA:44,4,1,0
BRDA:54,5,0,0
BRDA:54,5,1,0
BRDA:71,6,0,0
BRDA:71,6,1,0
BRDA:71,7,0,0
BRDA:71,7,1,0
BRDA:72,8,0,0
BRDA:72,8,1,0
BRDA:72,9,0,0
BRDA:72,9,1,0
BRDA:82,10,0,0
BRDA:100,11,0,0
BRDA:100,11,1,0
BRDA:100,12,0,0
BRDA:100,12,1,0
BRDA:100,13,0,0
BRDA:100,13,1,0
BRDA:101,14,0,0
BRDA:101,14,1,0
BRDA:102,15,0,0
BRDA:102,15,1,0
BRDA:102,16,0,0
BRDA:102,16,1,0
BRDA:102,17,0,0
BRDA:102,17,1,0
BRDA:114,18,0,0
BRDA:118,19,0,0
BRDA:138,20,0,0
BRDA:138,20,1,0
BRDA:138,21,0,0
BRDA:138,21,1,0
BRDA:138,22,0,0
BRDA:138,22,1,0
BRDA:139,23,0,0
BRDA:139,23,1,0
BRDA:140,24,0,0
BRDA:140,24,1,0
BRDA:140,25,0,0
BRDA:140,25,1,0
BRDA:140,26,0,0
BRDA:140,26,1,0
BRF:50
BRH:0
end_of_record
TN:
SF:src/modules/auth/auth.service.ts
FN:14,(anonymous_18)
FN:19,(anonymous_19)
FN:43,(anonymous_21)
FN:53,(anonymous_23)
FNF:4
FNH:0
FNDA:0,(anonymous_18)
FNDA:0,(anonymous_19)
FNDA:0,(anonymous_21)
FNDA:0,(anonymous_23)
DA:1,0
DA:6,0
DA:7,0
DA:10,0
DA:13,0
DA:15,0
DA:16,0
DA:20,0
DA:22,0
DA:23,0
DA:26,0
DA:28,0
DA:29,0
DA:32,0
DA:40,0
DA:44,0
DA:45,0
DA:54,0
DA:57,0
DA:58,0
DA:61,0
DA:63,0
DA:69,0
DA:75,0
LF:24
LH:0
BRDA:22,0,0,0
BRDA:28,1,0,0
BRDA:57,2,0,0
BRF:3
BRH:0
end_of_record
TN:
SF:src/modules/authors/authors.controller.ts
FN:24,(anonymous_11)
FN:27,(anonymous_12)
FN:33,(anonymous_14)
FN:39,(anonymous_16)
FN:53,(anonymous_18)
FN:58,(anonymous_20)
FN:72,(anonymous_22)
FN:73,(anonymous_23)
FN:84,(anonymous_24)
FN:89,(anonymous_26)
FN:94,(anonymous_28)
FN:102,(anonymous_30)
FN:110,(anonymous_32)
FN:116,(anonymous_34)
FN:122,(anonymous_36)
FN:128,(anonymous_38)
FN:156,(anonymous_40)
FN:190,(anonymous_42)
FN:137,(anonymous_44)
FN:141,(anonymous_45)
FN:147,(anonymous_46)
FN:171,(anonymous_47)
FN:175,(anonymous_48)
FN:181,(anonymous_49)
FNF:24
FNH:0
FNDA:0,(anonymous_11)
FNDA:0,(anonymous_12)
FNDA:0,(anonymous_14)
FNDA:0,(anonymous_16)
FNDA:0,(anonymous_18)
FNDA:0,(anonymous_20)
FNDA:0,(anonymous_22)
FNDA:0,(anonymous_23)
FNDA:0,(anonymous_24)
FNDA:0,(anonymous_26)
FNDA:0,(anonymous_28)
FNDA:0,(anonymous_30)
FNDA:0,(anonymous_32)
FNDA:0,(anonymous_34)
FNDA:0,(anonymous_36)
FNDA:0,(anonymous_38)
FNDA:0,(anonymous_40)
FNDA:0,(anonymous_42)
FNDA:0,(anonymous_44)
FNDA:0,(anonymous_45)
FNDA:0,(anonymous_46)
FNDA:0,(anonymous_47)
FNDA:0,(anonymous_48)
FNDA:0,(anonymous_49)
DA:1,0
DA:14,0
DA:15,0
DA:16,0
DA:18,0
DA:19,0
DA:20,0
DA:23,0
DA:24,0
DA:27,0
DA:28,0
DA:29,0
DA:33,0
DA:34,0
DA:35,0
DA:39,0
DA:40,0
DA:42,0
DA:43,0
DA:47,0
DA:48,0
DA:53,0
DA:54,0
DA:58,0
DA:59,0
DA:61,0
DA:62,0
DA:66,0
DA:67,0
DA:72,0
DA:73,0
DA:77,0
DA:78,0
DA:80,0
DA:84,0
DA:85,0
DA:89,0
DA:90,0
DA:94,0
DA:98,0
DA:102,0
DA:106,0
DA:110,0
DA:111,0
DA:112,0
DA:116,0
DA:117,0
DA:118,0
DA:122,0
DA:123,0
DA:124,0
DA:128,0
DA:129,0
DA:130,0
DA:138,0
DA:139,0
DA:142,0
DA:148,0
DA:149,0
DA:151,0
DA:156,0
DA:160,0
DA:161,0
DA:163,0
DA:164,0
DA:172,0
DA:173,0
DA:176,0
DA:182,0
DA:183,0
DA:185,0
DA:190,0
DA:194,0
DA:195,0
DA:197,0
DA:198,0
DA:199,0
DA:201,0
LF:78
LH:0
BRDA:40,0,0,0
BRDA:40,0,1,0
BRDA:42,1,0,0
BRDA:42,1,1,0
BRDA:59,2,0,0
BRDA:59,2,1,0
BRDA:61,3,0,0
BRDA:61,3,1,0
BRDA:66,4,0,0
BRDA:66,4,1,0
BRDA:73,5,0,0
BRDA:74,6,0,0
BRDA:80,7,0,0
BRDA:80,7,1,0
BRDA:160,8,0,0
BRDA:194,9,0,0
BRDA:148,10,0,0
BRDA:182,11,0,0
BRF:18
BRH:0
end_of_record
TN:
SF:src/modules/authors/authors.repository.ts
FN:8,(anonymous_9)
FN:10,(anonymous_10)
FN:18,(anonymous_12)
FN:31,(anonymous_14)
FN:41,(anonymous_16)
FN:52,(anonymous_18)
FN:63,(anonymous_20)
FN:74,(anonymous_22)
FN:82,(anonymous_24)
FNF:9
FNH:0
FNDA:0,(anonymous_9)
FNDA:0,(anonymous_10)
FNDA:0,(anonymous_12)
FNDA:0,(anonymous_14)
FNDA:0,(anonymous_16)
FNDA:0,(anonymous_18)
FNDA:0,(anonymous_20)
FNDA:0,(anonymous_22)
FNDA:0,(anonymous_24)
DA:1,0
DA:2,0
DA:4,0
DA:7,0
DA:8,0
DA:11,0
DA:12,0
DA:14,0
DA:24,0
DA:25,0
DA:27,0
DA:32,0
DA:33,0
DA:37,0
DA:42,0
DA:43,0
DA:48,0
DA:53,0
DA:54,0
DA:59,0
DA:64,0
DA:65,0
DA:70,0
DA:75,0
DA:76,0
DA:78,0
DA:83,0
DA:84,0
DA:89,0
LF:29
LH:0
BRF:0
BRH:0
end_of_record
TN:
SF:src/modules/authors/authors.resolver.ts
FN:10,(anonymous_11)
FN:16,(anonymous_12)
FN:26,(anonymous_14)
FN:31,(anonymous_16)
FN:36,(anonymous_18)
FN:41,(anonymous_20)
FN:49,(anonymous_22)
FN:55,(anonymous_24)
FN:61,(anonymous_26)
FN:15,(anonymous_28)
FN:17,(anonymous_29)
FN:18,(anonymous_30)
FN:25,(anonymous_31)
FN:26,(anonymous_32)
FN:30,(anonymous_33)
FN:35,(anonymous_34)
FN:40,(anonymous_35)
FN:42,(anonymous_36)
FN:48,(anonymous_37)
FN:49,(anonymous_38)
FN:54,(anonymous_39)
FN:55,(anonymous_40)
FN:60,(anonymous_41)
FN:8,(anonymous_42)
FNF:24
FNH:0
FNDA:0,(anonymous_11)
FNDA:0,(anonymous_12)
FNDA:0,(anonymous_14)
FNDA:0,(anonymous_16)
FNDA:0,(anonymous_18)
FNDA:0,(anonymous_20)
FNDA:0,(anonymous_22)
FNDA:0,(anonymous_24)
FNDA:0,(anonymous_26)
FNDA:0,(anonymous_28)
FNDA:0,(anonymous_29)
FNDA:0,(anonymous_30)
FNDA:0,(anonymous_31)
FNDA:0,(anonymous_32)
FNDA:0,(anonymous_33)
FNDA:0,(anonymous_34)
FNDA:0,(anonymous_35)
FNDA:0,(anonymous_36)
FNDA:0,(anonymous_37)
FNDA:0,(anonymous_38)
FNDA:0,(anonymous_39)
FNDA:0,(anonymous_40)
FNDA:0,(anonymous_41)
FNDA:0,(anonymous_42)
DA:1,0
DA:2,0
DA:3,0
DA:4,0
DA:5,0
DA:6,0
DA:8,0
DA:9,0
DA:11,0
DA:12,0
DA:15,0
DA:16,0
DA:17,0
DA:18,0
DA:21,0
DA:22,0
DA:25,0
DA:26,0
DA:27,0
DA:30,0
DA:31,0
DA:32,0
DA:35,0
DA:36,0
DA:37,0
DA:40,0
DA:41,0
DA:42,0
DA:45,0
DA:48,0
DA:49,0
DA:50,0
DA:51,0
DA:54,0
DA:55,0
DA:56,0
DA:57,0
DA:60,0
DA:61,0
DA:62,0
LF:40
LH:0
BRF:0
BRH:0
end_of_record
TN:
SF:src/modules/authors/authors.service.ts
FN:9,(anonymous_9)
FN:14,(anonymous_10)
FN:18,(anonymous_12)
FN:18,(anonymous_13)
FN:55,(anonymous_14)
FN:59,(anonymous_16)
FN:67,(anonymous_18)
FN:77,(anonymous_20)
FN:83,(anonymous_22)
FN:92,(anonymous_24)
FNF:10
FNH:0
FNDA:0,(anonymous_9)
FNDA:0,(anonymous_10)
FNDA:0,(anonymous_12)
FNDA:0,(anonymous_13)
FNDA:0,(anonymous_14)
FNDA:0,(anonymous_16)
FNDA:0,(anonymous_18)
FNDA:0,(anonymous_20)
FNDA:0,(anonymous_22)
FNDA:0,(anonymous_24)
DA:1,0
DA:2,0
DA:5,0
DA:8,0
DA:10,0
DA:11,0
DA:15,0
DA:18,0
DA:19,0
DA:20,0
DA:21,0
DA:23,0
DA:33,0
DA:42,0
DA:46,0
DA:56,0
DA:60,0
DA:61,0
DA:62,0
DA:64,0
DA:68,0
DA:70,0
DA:71,0
DA:74,0
DA:78,0
DA:84,0
DA:85,0
DA:86,0
DA:88,0
DA:93,0
DA:95,0
DA:96,0
DA:99,0
LF:33
LH:0
BRDA:18,0,0,0
BRDA:19,1,0,0
BRDA:19,1,1,0
BRDA:20,2,0,0
BRDA:20,3,0,0
BRDA:20,3,1,0
BRDA:20,3,2,0
BRDA:20,3,3,0
BRDA:61,4,0,0
BRDA:70,5,0,0
BRDA:95,6,0,0
BRF:11
BRH:0
end_of_record
TN:
SF:src/modules/books/books.controller.ts
FN:27,(anonymous_11)
FN:29,(anonymous_12)
FN:35,(anonymous_14)
FN:41,(anonymous_16)
FN:55,(anonymous_18)
FN:61,(anonymous_20)
FN:67,(anonymous_22)
FN:90,(anonymous_24)
FN:91,(anonymous_25)
FN:106,(anonymous_26)
FN:111,(anonymous_28)
FN:116,(anonymous_30)
FN:121,(anonymous_32)
FN:126,(anonymous_34)
FN:134,(anonymous_36)
FN:140,(anonymous_38)
FN:179,(anonymous_40)
FN:214,(anonymous_42)
FN:248,(anonymous_44)
FN:160,(anonymous_46)
FN:164,(anonymous_47)
FN:170,(anonymous_48)
FN:195,(anonymous_49)
FN:199,(anonymous_50)
FN:205,(anonymous_51)
FN:234,(anonymous_52)
FN:239,(anonymous_53)
FNF:27
FNH:0
FNDA:0,(anonymous_11)
FNDA:0,(anonymous_12)
FNDA:0,(anonymous_14)
FNDA:0,(anonymous_16)
FNDA:0,(anonymous_18)
FNDA:0,(anonymous_20)
FNDA:0,(anonymous_22)
FNDA:0,(anonymous_24)
FNDA:0,(anonymous_25)
FNDA:0,(anonymous_26)
FNDA:0,(anonymous_28)
FNDA:0,(anonymous_30)
FNDA:0,(anonymous_32)
FNDA:0,(anonymous_34)
FNDA:0,(anonymous_36)
FNDA:0,(anonymous_38)
FNDA:0,(anonymous_40)
FNDA:0,(anonymous_42)
FNDA:0,(anonymous_44)
FNDA:0,(anonymous_46)
FNDA:0,(anonymous_47)
FNDA:0,(anonymous_48)
FNDA:0,(anonymous_49)
FNDA:0,(anonymous_50)
FNDA:0,(anonymous_51)
FNDA:0,(anonymous_52)
FNDA:0,(anonymous_53)
DA:1,0
DA:16,0
DA:17,0
DA:18,0
DA:19,0
DA:21,0
DA:22,0
DA:23,0
DA:26,0
DA:27,0
DA:29,0
DA:30,0
DA:31,0
DA:35,0
DA:36,0
DA:37,0
DA:41,0
DA:42,0
DA:44,0
DA:45,0
DA:49,0
DA:50,0
DA:55,0
DA:56,0
DA:57,0
DA:61,0
DA:62,0
DA:63,0
DA:67,0
DA:75,0
DA:77,0
DA:78,0
DA:82,0
DA:83,0
DA:84,0
DA:85,0
DA:90,0
DA:91,0
DA:97,0
DA:98,0
DA:99,0
DA:101,0
DA:102,0
DA:106,0
DA:107,0
DA:111,0
DA:112,0
DA:116,0
DA:117,0
DA:121,0
DA:122,0
DA:126,0
DA:130,0
DA:134,0
DA:135,0
DA:136,0
DA:140,0
DA:141,0
DA:142,0
DA:143,0
DA:145,0
DA:146,0
DA:152,0
DA:161,0
DA:162,0
DA:165,0
DA:171,0
DA:172,0
DA:174,0
DA:179,0
DA:183,0
DA:184,0
DA:187,0
DA:188,0
DA:196,0
DA:197,0
DA:200,0
DA:206,0
DA:207,0
DA:209,0
DA:214,0
DA:218,0
DA:219,0
DA:221,0
DA:222,0
DA:223,0
DA:225,0
DA:235,0
DA:236,0
DA:240,0
DA:241,0
DA:243,0
DA:248,0
DA:252,0
DA:253,0
DA:255,0
DA:256,0
DA:257,0
DA:263,0
LF:99
LH:0
BRDA:42,0,0,0
BRDA:42,0,1,0
BRDA:44,1,0,0
BRDA:44,1,1,0
BRDA:75,2,0,0
BRDA:75,2,1,0
BRDA:77,3,0,0
BRDA:77,3,1,0
BRDA:82,4,0,0
BRDA:82,4,1,0
BRDA:83,5,0,0
BRDA:83,5,1,0
BRDA:84,6,0,0
BRDA:84,6,1,0
BRDA:91,7,0,0
BRDA:92,8,0,0
BRDA:99,9,0,0
BRDA:99,9,1,0
BRDA:101,10,0,0
BRDA:101,10,1,0
BRDA:145,11,0,0
BRDA:183,12,0,0
BRDA:218,13,0,0
BRDA:252,14,0,0
BRDA:171,15,0,0
BRDA:206,16,0,0
BRDA:240,17,0,0
BRDA:240,17,1,0
BRF:28
BRH:0
end_of_record
TN:
SF:src/modules/books/books.repository.ts
FN:8,(anonymous_9)
FN:10,(anonymous_10)
FN:23,(anonymous_12)
FN:41,(anonymous_14)
FN:64,(anonymous_16)
FN:78,(anonymous_18)
FN:89,(anonymous_20)
FN:100,(anonymous_22)
FN:108,(anonymous_24)
FNF:9
FNH:0
FNDA:0,(anonymous_9)
FNDA:0,(anonymous_10)
FNDA:0,(anonymous_12)
FNDA:0,(anonymous_14)
FNDA:0,(anonymous_16)
FNDA:0,(anonymous_18)
FNDA:0,(anonymous_20)
FNDA:0,(anonymous_22)
FNDA:0,(anonymous_24)
DA:1,0
DA:2,0
DA:4,0
DA:7,0
DA:8,0
DA:11,0
DA:12,0
DA:19,0
DA:29,0
DA:30,0
DA:37,0
DA:42,0
DA:43,0
DA:60,0
DA:65,0
DA:66,0
DA:74,0
DA:79,0
DA:80,0
DA:85,0
DA:90,0
DA:91,0
DA:96,0
DA:101,0
DA:102,0
DA:104,0
DA:109,0
DA:110,0
DA:115,0
LF:29
LH:0
BRF:0
BRH:0
end_of_record
TN:
SF:src/modules/books/books.resolver.ts
FN:16,(anonymous_11)
FN:23,(anonymous_12)
FN:34,(anonymous_14)
FN:39,(anonymous_16)
FN:45,(anonymous_18)
FN:51,(anonymous_20)
FN:60,(anonymous_22)
FN:67,(anonymous_24)
FN:74,(anonymous_26)
FN:136,(anonymous_28)
FN:22,(anonymous_30)
FN:24,(anonymous_31)
FN:25,(anonymous_32)
FN:33,(anonymous_33)
FN:34,(anonymous_34)
FN:38,(anonymous_35)
FN:44,(anonymous_36)
FN:50,(anonymous_37)
FN:52,(anonymous_38)
FN:59,(anonymous_39)
FN:60,(anonymous_40)
FN:66,(anonymous_41)
FN:67,(anonymous_42)
FN:73,(anonymous_43)
FN:75,(anonymous_44)
FN:135,(anonymous_45)
FN:14,(anonymous_46)
FNF:27
FNH:0
FNDA:0,(anonymous_11)
FNDA:0,(anonymous_12)
FNDA:0,(anonymous_14)
FNDA:0,(anonymous_16)
FNDA:0,(anonymous_18)
FNDA:0,(anonymous_20)
FNDA:0,(anonymous_22)
FNDA:0,(anonymous_24)
FNDA:0,(anonymous_26)
FNDA:0,(anonymous_28)
FNDA:0,(anonymous_30)
FNDA:0,(anonymous_31)
FNDA:0,(anonymous_32)
FNDA:0,(anonymous_33)
FNDA:0,(anonymous_34)
FNDA:0,(anonymous_35)
FNDA:0,(anonymous_36)
FNDA:0,(anonymous_37)
FNDA:0,(anonymous_38)
FNDA:0,(anonymous_39)
FNDA:0,(anonymous_40)
FNDA:0,(anonymous_41)
FNDA:0,(anonymous_42)
FNDA:0,(anonymous_43)
FNDA:0,(anonymous_44)
FNDA:0,(anonymous_45)
FNDA:0,(anonymous_46)
DA:1,0
DA:2,0
DA:3,0
DA:4,0
DA:5,0
DA:6,0
DA:7,0
DA:8,0
DA:9,0
DA:10,0
DA:12,0
DA:14,0
DA:15,0
DA:17,0
DA:18,0
DA:19,0
DA:22,0
DA:23,0
DA:24,0
DA:25,0
DA:29,0
DA:30,0
DA:33,0
DA:34,0
DA:35,0
DA:38,0
DA:39,0
DA:40,0
DA:44,0
DA:45,0
DA:46,0
DA:50,0
DA:51,0
DA:52,0
DA:55,0
DA:59,0
DA:60,0
DA:61,0
DA:62,0
DA:66,0
DA:67,0
DA:68,0
DA:69,0
DA:73,0
DA:74,0
DA:75,0
DA:79,0
DA:80,0
DA:83,0
DA:84,0
DA:87,0
DA:88,0
DA:89,0
DA:90,0
DA:93,0
DA:94,0
DA:96,0
DA:102,0
DA:103,0
DA:107,0
DA:115,0
DA:131,0
DA:135,0
DA:136,0
DA:137,0
DA:138,0
LF:66
LH:0
BRDA:79,0,0,0
BRDA:83,1,0,0
BRDA:89,2,0,0
BRDA:122,3,0,0
BRDA:122,3,1,0
BRDA:137,4,0,0
BRF:6
BRH:0
end_of_record
TN:
SF:src/modules/books/books.service.ts
FN:8,(anonymous_9)
FN:10,(anonymous_10)
FN:19,(anonymous_12)
FN:19,(anonymous_13)
FN:47,(anonymous_14)
FN:69,(anonymous_15)
FN:88,(anonymous_17)
FN:89,(anonymous_18)
FN:93,(anonymous_19)
FN:106,(anonymous_21)
FN:116,(anonymous_23)
FN:122,(anonymous_25)
FN:126,(anonymous_27)
FN:136,(anonymous_29)
FNF:14
FNH:0
FNDA:0,(anonymous_9)
FNDA:0,(anonymous_10)
FNDA:0,(anonymous_12)
FNDA:0,(anonymous_13)
FNDA:0,(anonymous_14)
FNDA:0,(anonymous_15)
FNDA:0,(anonymous_17)
FNDA:0,(anonymous_18)
FNDA:0,(anonymous_19)
FNDA:0,(anonymous_21)
FNDA:0,(anonymous_23)
FNDA:0,(anonymous_25)
FNDA:0,(anonymous_27)
FNDA:0,(anonymous_29)
DA:1,0
DA:2,0
DA:7,0
DA:8,0
DA:11,0
DA:19,0
DA:20,0
DA:21,0
DA:22,0
DA:24,0
DA:36,0
DA:45,0
DA:47,0
DA:63,0
DA:70,0
DA:72,0
DA:74,0
DA:88,0
DA:89,0
DA:94,0
DA:95,0
DA:96,0
DA:98,0
DA:107,0
DA:109,0
DA:110,0
DA:113,0
DA:117,0
DA:123,0
DA:127,0
DA:129,0
DA:130,0
DA:133,0
DA:137,0
DA:160,0
LF:35
LH:0
BRDA:19,0,0,0
BRDA:20,1,0,0
BRDA:20,1,1,0
BRDA:21,2,0,0
BRDA:21,2,1,0
BRDA:25,3,0,0
BRDA:25,3,1,0
BRDA:26,4,0,0
BRDA:26,4,1,0
BRDA:33,5,0,0
BRDA:33,5,1,0
BRDA:54,6,0,0
BRDA:54,6,1,0
BRDA:72,7,0,0
BRDA:81,8,0,0
BRDA:81,8,1,0
BRDA:88,9,0,0
BRDA:88,9,1,0
BRDA:88,10,0,0
BRDA:88,10,1,0
BRDA:88,11,0,0
BRDA:88,11,1,0
BRDA:89,12,0,0
BRDA:89,12,1,0
BRDA:89,13,0,0
BRDA:89,13,1,0
BRDA:89,14,0,0
BRDA:89,14,1,0
BRDA:95,15,0,0
BRDA:100,16,0,0
BRDA:100,16,1,0
BRDA:109,17,0,0
BRDA:129,18,0,0
BRDA:160,19,0,0
BRDA:160,19,1,0
BRF:35
BRH:0
end_of_record
TN:
SF:src/modules/loans/loans.controller.ts
FN:21,(anonymous_11)
FN:28,(anonymous_12)
FN:49,(anonymous_14)
FN:55,(anonymous_16)
FN:83,(anonymous_18)
FN:88,(anonymous_20)
FN:93,(anonymous_22)
FN:105,(anonymous_24)
FN:145,(anonymous_26)
FN:162,(anonymous_28)
FN:173,(anonymous_30)
FNF:11
FNH:0
FNDA:0,(anonymous_11)
FNDA:0,(anonymous_12)
FNDA:0,(anonymous_14)
FNDA:0,(anonymous_16)
FNDA:0,(anonymous_18)
FNDA:0,(anonymous_20)
FNDA:0,(anonymous_22)
FNDA:0,(anonymous_24)
FNDA:0,(anonymous_26)
FNDA:0,(anonymous_28)
FNDA:0,(anonymous_30)
DA:1,0
DA:14,0
DA:15,0
DA:16,0
DA:17,0
DA:20,0
DA:22,0
DA:23,0
DA:28,0
DA:29,0
DA:30,0
DA:34,0
DA:36,0
DA:37,0
DA:39,0
DA:49,0
DA:50,0
DA:55,0
DA:56,0
DA:57,0
DA:58,0
DA:61,0
DA:63,0
DA:64,0
DA:67,0
DA:68,0
DA:71,0
DA:73,0
DA:83,0
DA:84,0
DA:88,0
DA:89,0
DA:93,0
DA:94,0
DA:95,0
DA:96,0
DA:105,0
DA:106,0
DA:107,0
DA:108,0
DA:109,0
DA:116,0
DA:117,0
DA:118,0
DA:119,0
DA:121,0
DA:131,0
DA:136,0
DA:145,0
DA:146,0
DA:147,0
DA:148,0
DA:153,0
DA:162,0
DA:163,0
DA:164,0
DA:165,0
DA:167,0
DA:168,0
DA:173,0
DA:174,0
DA:175,0
DA:176,0
DA:178,0
DA:180,0
LF:65
LH:0
BRDA:36,0,0,0
BRDA:57,1,0,0
BRDA:63,2,0,0
BRDA:63,3,0,0
BRDA:63,3,1,0
BRDA:67,4,0,0
BRDA:67,5,0,0
BRDA:67,5,1,0
BRDA:77,6,0,0
BRDA:77,6,1,0
BRDA:77,7,0,0
BRDA:77,7,1,0
BRDA:77,8,0,0
BRDA:77,8,1,0
BRDA:108,9,0,0
BRDA:108,10,0,0
BRDA:108,10,1,0
BRDA:117,11,0,0
BRDA:117,11,1,0
BRDA:117,12,0,0
BRDA:117,12,1,0
BRDA:118,13,0,0
BRDA:118,13,1,0
BRDA:118,14,0,0
BRDA:118,14,1,0
BRDA:119,15,0,0
BRDA:119,15,1,0
BRDA:119,15,2,0
BRDA:164,16,0,0
BRDA:175,17,0,0
BRF:30
BRH:0
end_of_record
TN:
SF:src/modules/loans/loans.repository.ts
FN:8,(anonymous_9)
FN:10,(anonymous_10)
FN:27,(anonymous_12)
FN:46,(anonymous_14)
FN:69,(anonymous_16)
FN:86,(anonymous_18)
FN:107,(anonymous_20)
FN:127,(anonymous_22)
FN:147,(anonymous_24)
FN:165,(anonymous_26)
FN:175,(anonymous_28)
FNF:11
FNH:0
FNDA:0,(anonymous_9)
FNDA:0,(anonymous_10)
FNDA:0,(anonymous_12)
FNDA:0,(anonymous_14)
FNDA:0,(anonymous_16)
FNDA:0,(anonymous_18)
FNDA:0,(anonymous_20)
FNDA:0,(anonymous_22)
FNDA:0,(anonymous_24)
FNDA:0,(anonymous_26)
FNDA:0,(anonymous_28)
DA:1,0
DA:2,0
DA:4,0
DA:7,0
DA:8,0
DA:11,0
DA:12,0
DA:23,0
DA:28,0
DA:29,0
DA:42,0
DA:47,0
DA:48,0
DA:65,0
DA:70,0
DA:71,0
DA:82,0
DA:87,0
DA:88,0
DA:103,0
DA:108,0
DA:109,0
DA:123,0
DA:128,0
DA:129,0
DA:143,0
DA:148,0
DA:149,0
DA:161,0
DA:166,0
DA:167,0
DA:171,0
DA:176,0
DA:177,0
DA:196,0
LF:35
LH:0
BRF:0
BRH:0
end_of_record
TN:
SF:src/modules/loans/loans.resolver.ts
FN:10,(anonymous_11)
FN:14,(anonymous_12)
FN:50,(anonymous_14)
FN:57,(anonymous_16)
FN:64,(anonymous_18)
FN:69,(anonymous_20)
FN:95,(anonymous_22)
FN:103,(anonymous_24)
FN:148,(anonymous_25)
FN:151,(anonymous_27)
FN:13,(anonymous_28)
FN:15,(anonymous_29)
FN:49,(anonymous_30)
FN:50,(anonymous_31)
FN:56,(anonymous_32)
FN:63,(anonymous_33)
FN:68,(anonymous_34)
FN:69,(anonymous_35)
FN:94,(anonymous_36)
FN:96,(anonymous_37)
FN:147,(anonymous_38)
FN:8,(anonymous_39)
FNF:22
FNH:0
FNDA:0,(anonymous_11)
FNDA:0,(anonymous_12)
FNDA:0,(anonymous_14)
FNDA:0,(anonymous_16)
FNDA:0,(anonymous_18)
FNDA:0,(anonymous_20)
FNDA:0,(anonymous_22)
FNDA:0,(anonymous_24)
FNDA:0,(anonymous_25)
FNDA:0,(anonymous_27)
FNDA:0,(anonymous_28)
FNDA:0,(anonymous_29)
FNDA:0,(anonymous_30)
FNDA:0,(anonymous_31)
FNDA:0,(anonymous_32)
FNDA:0,(anonymous_33)
FNDA:0,(anonymous_34)
FNDA:0,(anonymous_35)
FNDA:0,(anonymous_36)
FNDA:0,(anonymous_37)
FNDA:0,(anonymous_38)
FNDA:0,(anonymous_39)
DA:1,0
DA:2,0
DA:3,0
DA:4,0
DA:5,0
DA:6,0
DA:8,0
DA:9,0
DA:10,0
DA:13,0
DA:14,0
DA:15,0
DA:18,0
DA:20,0
DA:21,0
DA:23,0
DA:28,0
DA:49,0
DA:50,0
DA:51,0
DA:52,0
DA:56,0
DA:57,0
DA:58,0
DA:59,0
DA:63,0
DA:64,0
DA:65,0
DA:68,0
DA:69,0
DA:70,0
DA:71,0
DA:94,0
DA:95,0
DA:96,0
DA:99,0
DA:100,0
DA:101,0
DA:104,0
DA:105,0
DA:106,0
DA:107,0
DA:108,0
DA:109,0
DA:111,0
DA:112,0
DA:113,0
DA:115,0
DA:116,0
DA:117,0
DA:120,0
DA:125,0
DA:147,0
DA:148,0
DA:149,0
DA:150,0
DA:151,0
LF:57
LH:0
BRDA:20,0,0,0
BRDA:42,1,0,0
BRDA:42,1,1,0
BRDA:42,2,0,0
BRDA:42,2,1,0
BRDA:42,3,0,0
BRDA:42,3,1,0
BRDA:43,4,0,0
BRDA:43,4,1,0
BRDA:43,5,0,0
BRDA:43,5,1,0
BRDA:44,6,0,0
BRDA:44,6,1,0
BRDA:44,7,0,0
BRDA:44,7,1,0
BRDA:73,8,0,0
BRDA:73,8,1,0
BRDA:83,9,0,0
BRDA:83,9,1,0
BRDA:86,10,0,0
BRDA:86,10,1,0
BRDA:86,11,0,0
BRDA:86,11,1,0
BRDA:86,12,0,0
BRDA:86,12,1,0
BRDA:87,13,0,0
BRDA:87,13,1,0
BRDA:87,14,0,0
BRDA:87,14,1,0
BRDA:88,15,0,0
BRDA:88,15,1,0
BRDA:88,16,0,0
BRDA:88,16,1,0
BRDA:103,17,0,0
BRDA:103,17,1,0
BRDA:115,18,0,0
BRDA:120,19,0,0
BRDA:120,19,1,0
BRDA:121,20,0,0
BRDA:121,20,1,0
BRDA:122,21,0,0
BRDA:122,21,1,0
BRDA:123,22,0,0
BRDA:123,22,1,0
BRDA:123,23,0,0
BRDA:123,23,1,0
BRDA:131,24,0,0
BRDA:131,24,1,0
BRDA:131,25,0,0
BRDA:131,25,1,0
BRDA:131,26,0,0
BRDA:131,26,1,0
BRDA:132,27,0,0
BRDA:132,27,1,0
BRDA:132,28,0,0
BRDA:132,28,1,0
BRDA:133,29,0,0
BRDA:133,29,1,0
BRDA:133,30,0,0
BRDA:133,30,1,0
BRDA:136,31,0,0
BRDA:136,31,1,0
BRF:62
BRH:0
end_of_record
TN:
SF:src/modules/loans/loans.service.ts
FN:10,(anonymous_9)
FN:12,(anonymous_10)
FN:69,(anonymous_12)
FN:97,(anonymous_14)
FN:126,(anonymous_15)
FN:150,(anonymous_17)
FN:150,(anonymous_18)
FN:192,(anonymous_19)
FN:211,(anonymous_21)
FN:229,(anonymous_23)
FN:273,(anonymous_25)
FN:298,(anonymous_27)
FN:313,(anonymous_29)
FN:337,(anonymous_31)
FN:350,(anonymous_32)
FN:361,(anonymous_34)
FN:372,(anonymous_36)
FNF:17
FNH:0
FNDA:0,(anonymous_9)
FNDA:0,(anonymous_10)
FNDA:0,(anonymous_12)
FNDA:0,(anonymous_14)
FNDA:0,(anonymous_15)
FNDA:0,(anonymous_17)
FNDA:0,(anonymous_18)
FNDA:0,(anonymous_19)
FNDA:0,(anonymous_21)
FNDA:0,(anonymous_23)
FNDA:0,(anonymous_25)
FNDA:0,(anonymous_27)
FNDA:0,(anonymous_29)
FNDA:0,(anonymous_31)
FNDA:0,(anonymous_32)
FNDA:0,(anonymous_34)
FNDA:0,(anonymous_36)
DA:1,0
DA:6,0
DA:9,0
DA:10,0
DA:13,0
DA:17,0
DA:18,0
DA:21,0
DA:28,0
DA:29,0
DA:32,0
DA:40,0
DA:41,0
DA:44,0
DA:45,0
DA:47,0
DA:66,0
DA:70,0
DA:71,0
DA:75,0
DA:76,0
DA:79,0
DA:96,0
DA:97,0
DA:98,0
DA:99,0
DA:100,0
DA:101,0
DA:102,0
DA:104,0
DA:120,0
DA:122,0
DA:127,0
DA:128,0
DA:149,0
DA:150,0
DA:151,0
DA:152,0
DA:153,0
DA:154,0
DA:155,0
DA:157,0
DA:164,0
DA:165,0
DA:166,0
DA:167,0
DA:169,0
DA:186,0
DA:188,0
DA:193,0
DA:194,0
DA:207,0
DA:212,0
DA:213,0
DA:225,0
DA:230,0
DA:231,0
DA:241,0
DA:243,0
DA:247,0
DA:248,0
DA:249,0
DA:256,0
DA:257,0
DA:258,0
DA:264,0
DA:269,0
DA:274,0
DA:275,0
DA:279,0
DA:280,0
DA:283,0
DA:294,0
DA:299,0
DA:300,0
DA:309,0
DA:314,0
DA:315,0
DA:319,0
DA:320,0
DA:323,0
DA:324,0
DA:337,0
DA:344,0
DA:346,0
DA:351,0
DA:352,0
DA:357,0
DA:362,0
DA:363,0
DA:368,0
DA:373,0
DA:374,0
DA:375,0
DA:377,0
DA:378,0
DA:379,0
DA:382,0
DA:383,0
DA:384,0
DA:385,0
DA:386,0
DA:387,0
DA:389,0
LF:104
LH:0
BRDA:17,0,0,0
BRDA:17,1,0,0
BRDA:17,1,1,0
BRDA:28,2,0,0
BRDA:40,3,0,0
BRDA:75,4,0,0
BRDA:75,5,0,0
BRDA:75,5,1,0
BRDA:109,6,0,0
BRDA:109,6,1,0
BRDA:109,7,0,0
BRDA:109,7,1,0
BRDA:109,8,0,0
BRDA:109,8,1,0
BRDA:110,9,0,0
BRDA:110,9,1,0
BRDA:110,10,0,0
BRDA:110,10,1,0
BRDA:110,11,0,0
BRDA:110,11,1,0
BRDA:111,12,0,0
BRDA:111,12,1,0
BRDA:111,13,0,0
BRDA:111,13,1,0
BRDA:111,14,0,0
BRDA:111,14,1,0
BRDA:116,15,0,0
BRDA:116,15,1,0
BRDA:165,16,0,0
BRDA:165,16,1,0
BRDA:165,17,0,0
BRDA:165,17,1,0
BRDA:166,18,0,0
BRDA:166,18,1,0
BRDA:166,19,0,0
BRDA:166,19,1,0
BRDA:166,20,0,0
BRDA:166,20,1,0
BRDA:166,21,0,0
BRDA:166,21,1,0
BRDA:166,22,0,0
BRDA:166,22,1,0
BRDA:167,23,0,0
BRDA:167,23,1,0
BRDA:167,23,2,0
BRDA:174,24,0,0
BRDA:174,24,1,0
BRDA:174,25,0,0
BRDA:174,25,1,0
BRDA:174,26,0,0
BRDA:174,26,1,0
BRDA:175,27,0,0
BRDA:175,27,1,0
BRDA:175,28,0,0
BRDA:175,28,1,0
BRDA:175,29,0,0
BRDA:175,29,1,0
BRDA:176,30,0,0
BRDA:176,30,1,0
BRDA:176,31,0,0
BRDA:176,31,1,0
BRDA:176,32,0,0
BRDA:176,32,1,0
BRDA:182,33,0,0
BRDA:182,33,1,0
BRDA:241,34,0,0
BRDA:248,35,0,0
BRDA:256,36,0,0
BRDA:258,37,0,0
BRDA:258,37,1,0
BRDA:258,37,2,0
BRDA:259,38,0,0
BRDA:259,38,1,0
BRDA:259,39,0,0
BRDA:259,39,1,0
BRDA:259,40,0,0
BRDA:259,40,1,0
BRDA:279,41,0,0
BRDA:279,42,0,0
BRDA:279,42,1,0
BRDA:319,43,0,0
BRDA:319,44,0,0
BRDA:319,44,1,0
BRDA:339,45,0,0
BRDA:339,45,1,0
BRDA:339,46,0,0
BRDA:339,46,1,0
BRDA:339,47,0,0
BRDA:339,47,1,0
BRDA:377,48,0,0
BRDA:382,49,0,0
BRDA:382,49,1,0
BRDA:384,50,0,0
BRDA:384,50,1,0
BRDA:386,51,0,0
BRDA:386,51,1,0
BRDA:387,52,0,0
BRDA:387,52,1,0
BRF:98
BRH:0
end_of_record
TN:
SF:src/modules/reviews/reviews.controller.ts
FN:8,(anonymous_11)
FN:13,(anonymous_12)
FN:18,(anonymous_14)
FN:23,(anonymous_16)
FN:29,(anonymous_18)
FNF:5
FNH:0
FNDA:0,(anonymous_11)
FNDA:0,(anonymous_12)
FNDA:0,(anonymous_14)
FNDA:0,(anonymous_16)
FNDA:0,(anonymous_18)
DA:1,0
DA:2,0
DA:3,0
DA:4,0
DA:7,0
DA:8,0
DA:13,0
DA:14,0
DA:18,0
DA:19,0
DA:23,0
DA:24,0
DA:29,0
DA:30,0
LF:14
LH:0
BRF:0
BRH:0
end_of_record
TN:
SF:src/modules/reviews/reviews.repository.ts
FN:8,(anonymous_9)
FN:10,(anonymous_10)
FN:27,(anonymous_12)
FN:60,(anonymous_14)
FN:80,(anonymous_16)
FN:97,(anonymous_18)
FN:115,(anonymous_20)
FN:125,(anonymous_22)
FNF:8
FNH:0
FNDA:0,(anonymous_9)
FNDA:0,(anonymous_10)
FNDA:0,(anonymous_12)
FNDA:0,(anonymous_14)
FNDA:0,(anonymous_16)
FNDA:0,(anonymous_18)
FNDA:0,(anonymous_20)
FNDA:0,(anonymous_22)
DA:1,0
DA:2,0
DA:4,0
DA:7,0
DA:8,0
DA:11,0
DA:12,0
DA:23,0
DA:28,0
DA:29,0
DA:56,0
DA:61,0
DA:62,0
DA:76,0
DA:81,0
DA:82,0
DA:93,0
DA:98,0
DA:99,0
DA:111,0
DA:116,0
DA:117,0
DA:121,0
DA:126,0
DA:127,0
DA:137,0
DA:142,0
LF:27
LH:0
BRDA:138,0,0,0
BRDA:138,0,1,0
BRF:2
BRH:0
end_of_record
TN:
SF:src/modules/reviews/reviews.resolver.ts
FN:10,(anonymous_11)
FN:14,(anonymous_12)
FN:44,(anonymous_14)
FN:47,(anonymous_16)
FN:62,(anonymous_17)
FN:68,(anonymous_19)
FN:13,(anonymous_21)
FN:15,(anonymous_22)
FN:16,(anonymous_23)
FN:43,(anonymous_24)
FN:44,(anonymous_25)
FN:61,(anonymous_26)
FN:62,(anonymous_27)
FN:67,(anonymous_28)
FN:69,(anonymous_29)
FN:8,(anonymous_30)
FNF:16
FNH:0
FNDA:0,(anonymous_11)
FNDA:0,(anonymous_12)
FNDA:0,(anonymous_14)
FNDA:0,(anonymous_16)
FNDA:0,(anonymous_17)
FNDA:0,(anonymous_19)
FNDA:0,(anonymous_21)
FNDA:0,(anonymous_22)
FNDA:0,(anonymous_23)
FNDA:0,(anonymous_24)
FNDA:0,(anonymous_25)
FNDA:0,(anonymous_26)
FNDA:0,(anonymous_27)
FNDA:0,(anonymous_28)
FNDA:0,(anonymous_29)
FNDA:0,(anonymous_30)
DA:1,0
DA:2,0
DA:3,0
DA:4,0
DA:5,0
DA:8,0
DA:9,0
DA:10,0
DA:13,0
DA:14,0
DA:15,0
DA:16,0
DA:20,0
DA:21,0
DA:27,0
DA:29,0
DA:43,0
DA:44,0
DA:45,0
DA:47,0
DA:61,0
DA:62,0
DA:63,0
DA:67,0
DA:68,0
DA:69,0
DA:72,0
DA:73,0
DA:75,0
DA:77,0
LF:30
LH:0
BRDA:36,0,0,0
BRDA:36,0,1,0
BRDA:54,1,0,0
BRDA:54,1,1,0
BRDA:75,2,0,0
BRF:5
BRH:0
end_of_record
TN:
SF:src/modules/reviews/reviews.service.ts
FN:8,(anonymous_9)
FN:13,(anonymous_10)
FN:35,(anonymous_12)
FN:38,(anonymous_14)
FN:38,(anonymous_15)
FN:71,(anonymous_16)
FN:75,(anonymous_18)
FNF:7
FNH:0
FNDA:0,(anonymous_9)
FNDA:0,(anonymous_10)
FNDA:0,(anonymous_12)
FNDA:0,(anonymous_14)
FNDA:0,(anonymous_15)
FNDA:0,(anonymous_16)
FNDA:0,(anonymous_18)
DA:1,0
DA:2,0
DA:3,0
DA:7,0
DA:9,0
DA:10,0
DA:14,0
DA:16,0
DA:17,0
DA:23,0
DA:36,0
DA:38,0
DA:39,0
DA:46,0
DA:47,0
DA:48,0
DA:49,0
DA:51,0
DA:53,0
DA:54,0
DA:57,0
DA:58,0
DA:61,0
DA:72,0
DA:76,0
LF:25
LH:0
BRDA:16,0,0,0
BRDA:47,1,0,0
BRDA:47,1,1,0
BRDA:47,2,0,0
BRDA:47,2,1,0
BRDA:49,3,0,0
BRDA:49,3,1,0
BRDA:49,4,0,0
BRDA:49,4,1,0
BRDA:51,5,0,0
BRDA:51,5,1,0
BRDA:53,6,0,0
BRDA:53,7,0,0
BRDA:53,7,1,0
BRDA:53,7,2,0
BRDA:57,8,0,0
BRDA:58,9,0,0
BRDA:58,9,1,0
BRF:18
BRH:0
end_of_record
TN:
SF:src/modules/users/users.controller.ts
FN:28,(anonymous_11)
FN:31,(anonymous_12)
FN:41,(anonymous_13)
FN:50,(anonymous_14)
FN:57,(anonymous_16)
FN:64,(anonymous_18)
FN:75,(anonymous_20)
FN:87,(anonymous_22)
FN:121,(anonymous_24)
FN:167,(anonymous_26)
FN:218,(anonymous_28)
FN:273,(anonymous_30)
FN:289,(anonymous_32)
FN:292,(anonymous_34)
FN:310,(anonymous_35)
FN:110,(anonymous_37)
FN:113,(anonymous_38)
FNF:17
FNH:0
FNDA:0,(anonymous_11)
FNDA:0,(anonymous_12)
FNDA:0,(anonymous_13)
FNDA:0,(anonymous_14)
FNDA:0,(anonymous_16)
FNDA:0,(anonymous_18)
FNDA:0,(anonymous_20)
FNDA:0,(anonymous_22)
FNDA:0,(anonymous_24)
FNDA:0,(anonymous_26)
FNDA:0,(anonymous_28)
FNDA:0,(anonymous_30)
FNDA:0,(anonymous_32)
FNDA:0,(anonymous_34)
FNDA:0,(anonymous_35)
FNDA:0,(anonymous_37)
FNDA:0,(anonymous_38)
DA:1,0
DA:17,0
DA:18,0
DA:19,0
DA:20,0
DA:25,0
DA:26,0
DA:28,0
DA:32,0
DA:33,0
DA:38,0
DA:42,0
DA:43,0
DA:44,0
DA:45,0
DA:50,0
DA:51,0
DA:52,0
DA:57,0
DA:58,0
DA:59,0
DA:64,0
DA:65,0
DA:66,0
DA:67,0
DA:69,0
DA:75,0
DA:76,0
DA:77,0
DA:78,0
DA:80,0
DA:87,0
DA:92,0
DA:93,0
DA:96,0
DA:97,0
DA:98,0
DA:99,0
DA:101,0
DA:111,0
DA:114,0
DA:115,0
DA:116,0
DA:121,0
DA:127,0
DA:129,0
DA:130,0
DA:131,0
DA:132,0
DA:133,0
DA:134,0
DA:135,0
DA:140,0
DA:142,0
DA:144,0
DA:145,0
DA:148,0
DA:150,0
DA:162,0
DA:167,0
DA:172,0
DA:174,0
DA:175,0
DA:176,0
DA:177,0
DA:178,0
DA:179,0
DA:180,0
DA:185,0
DA:187,0
DA:188,0
DA:190,0
DA:191,0
DA:197,0
DA:199,0
DA:200,0
DA:203,0
DA:205,0
DA:218,0
DA:222,0
DA:224,0
DA:225,0
DA:226,0
DA:227,0
DA:228,0
DA:229,0
DA:230,0
DA:235,0
DA:237,0
DA:239,0
DA:240,0
DA:246,0
DA:248,0
DA:249,0
DA:250,0
DA:252,0
DA:259,0
DA:261,0
DA:273,0
DA:274,0
DA:275,0
DA:277,0
DA:289,0
DA:290,0
DA:291,0
DA:292,0
DA:301,0
DA:310,0
DA:311,0
DA:313,0
DA:314,0
DA:315,0
DA:316,0
DA:317,0
DA:318,0
DA:319,0
DA:324,0
DA:325,0
DA:326,0
DA:329,0
DA:331,0
DA:332,0
DA:344,0
DA:345,0
DA:355,0
LF:125
LH:0
BRDA:32,0,0,0
BRDA:43,1,0,0
BRDA:44,2,0,0
BRDA:51,3,0,0
BRDA:51,3,1,0
BRDA:58,4,0,0
BRDA:58,4,1,0
BRDA:92,5,0,0
BRDA:102,6,0,0
BRDA:102,6,1,0
BRDA:130,7,0,0
BRDA:130,7,1,0
BRDA:130,8,0,0
BRDA:130,8,1,0
BRDA:130,9,0,0
BRDA:130,9,1,0
BRDA:130,10,0,0
BRDA:130,10,1,0
BRDA:131,11,0,0
BRDA:131,12,0,0
BRDA:131,12,1,0
BRDA:135,13,0,0
BRDA:135,13,1,0
BRDA:135,13,2,0
BRDA:135,13,3,0
BRDA:135,14,0,0
BRDA:135,14,1,0
BRDA:135,15,0,0
BRDA:135,15,1,0
BRDA:135,16,0,0
BRDA:135,16,1,0
BRDA:135,17,0,0
BRDA:135,17,1,0
BRDA:135,18,0,0
BRDA:135,18,1,0
BRDA:135,19,0,0
BRDA:135,19,1,0
BRDA:140,20,0,0
BRDA:140,20,1,0
BRDA:140,21,0,0
BRDA:140,21,1,0
BRDA:140,21,2,0
BRDA:140,21,3,0
BRDA:140,22,0,0
BRDA:140,22,1,0
BRDA:140,23,0,0
BRDA:140,23,1,0
BRDA:140,24,0,0
BRDA:140,24,1,0
BRDA:140,25,0,0
BRDA:140,25,1,0
BRDA:144,26,0,0
BRDA:144,27,0,0
BRDA:144,27,1,0
BRDA:151,28,0,0
BRDA:151,28,1,0
BRDA:151,29,0,0
BRDA:151,29,1,0
BRDA:151,30,0,0
BRDA:151,30,1,0
BRDA:154,31,0,0
BRDA:154,31,1,0
BRDA:154,32,0,0
BRDA:154,32,1,0
BRDA:154,33,0,0
BRDA:154,33,1,0
BRDA:155,34,0,0
BRDA:155,34,1,0
BRDA:155,35,0,0
BRDA:155,35,1,0
BRDA:155,36,0,0
BRDA:155,36,1,0
BRDA:156,37,0,0
BRDA:156,37,1,0
BRDA:156,38,0,0
BRDA:156,38,1,0
BRDA:156,39,0,0
BRDA:156,39,1,0
BRDA:157,40,0,0
BRDA:157,40,1,0
BRDA:157,41,0,0
BRDA:157,41,1,0
BRDA:157,42,0,0
BRDA:157,42,1,0
BRDA:175,43,0,0
BRDA:175,43,1,0
BRDA:175,44,0,0
BRDA:175,44,1,0
BRDA:175,45,0,0
BRDA:175,45,1,0
BRDA:175,46,0,0
BRDA:175,46,1,0
BRDA:176,47,0,0
BRDA:176,48,0,0
BRDA:176,48,1,0
BRDA:180,49,0,0
BRDA:180,49,1,0
BRDA:180,49,2,0
BRDA:180,49,3,0
BRDA:180,50,0,0
BRDA:180,50,1,0
BRDA:180,51,0,0
BRDA:180,51,1,0
BRDA:180,52,0,0
BRDA:180,52,1,0
BRDA:180,53,0,0
BRDA:180,53,1,0
BRDA:180,54,0,0
BRDA:180,54,1,0
BRDA:180,55,0,0
BRDA:180,55,1,0
BRDA:185,56,0,0
BRDA:185,56,1,0
BRDA:185,57,0,0
BRDA:185,57,1,0
BRDA:185,57,2,0
BRDA:185,58,0,0
BRDA:185,58,1,0
BRDA:185,59,0,0
BRDA:185,59,1,0
BRDA:188,60,0,0
BRDA:188,60,1,0
BRDA:188,60,2,0
BRDA:188,61,0,0
BRDA:188,61,1,0
BRDA:188,62,0,0
BRDA:188,62,1,0
BRDA:190,63,0,0
BRDA:190,64,0,0
BRDA:190,64,1,0
BRDA:199,65,0,0
BRDA:199,66,0,0
BRDA:199,66,1,0
BRDA:206,67,0,0
BRDA:206,67,1,0
BRDA:206,68,0,0
BRDA:206,68,1,0
BRDA:206,69,0,0
BRDA:206,69,1,0
BRDA:209,70,0,0
BRDA:209,70,1,0
BRDA:209,71,0,0
BRDA:209,71,1,0
BRDA:209,72,0,0
BRDA:209,72,1,0
BRDA:210,73,0,0
BRDA:210,73,1,0
BRDA:210,74,0,0
BRDA:210,74,1,0
BRDA:210,75,0,0
BRDA:210,75,1,0
BRDA:211,76,0,0
BRDA:211,76,1,0
BRDA:211,77,0,0
BRDA:211,77,1,0
BRDA:211,78,0,0
BRDA:211,78,1,0
BRDA:212,79,0,0
BRDA:212,79,1,0
BRDA:212,79,2,0
BRDA:212,80,0,0
BRDA:212,80,1,0
BRDA:212,81,0,0
BRDA:212,81,1,0
BRDA:212,82,0,0
BRDA:212,82,1,0
BRDA:212,83,0,0
BRDA:212,83,1,0
BRDA:225,84,0,0
BRDA:225,84,1,0
BRDA:225,85,0,0
BRDA:225,85,1,0
BRDA:225,86,0,0
BRDA:225,86,1,0
BRDA:225,87,0,0
BRDA:225,87,1,0
BRDA:226,88,0,0
BRDA:226,89,0,0
BRDA:226,89,1,0
BRDA:230,90,0,0
BRDA:230,90,1,0
BRDA:230,90,2,0
BRDA:230,90,3,0
BRDA:230,91,0,0
BRDA:230,91,1,0
BRDA:230,92,0,0
BRDA:230,92,1,0
BRDA:230,93,0,0
BRDA:230,93,1,0
BRDA:230,94,0,0
BRDA:230,94,1,0
BRDA:230,95,0,0
BRDA:230,95,1,0
BRDA:230,96,0,0
BRDA:230,96,1,0
BRDA:235,97,0,0
BRDA:235,97,1,0
BRDA:239,98,0,0
BRDA:239,99,0,0
BRDA:239,99,1,0
BRDA:248,100,0,0
BRDA:248,101,0,0
BRDA:248,101,1,0
BRDA:253,102,0,0
BRDA:253,102,1,0
BRDA:262,103,0,0
BRDA:262,103,1,0
BRDA:262,104,0,0
BRDA:262,104,1,0
BRDA:262,105,0,0
BRDA:262,105,1,0
BRDA:265,106,0,0
BRDA:265,106,1,0
BRDA:265,107,0,0
BRDA:265,107,1,0
BRDA:265,108,0,0
BRDA:265,108,1,0
BRDA:266,109,0,0
BRDA:266,109,1,0
BRDA:266,110,0,0
BRDA:266,110,1,0
BRDA:266,111,0,0
BRDA:266,111,1,0
BRDA:267,112,0,0
BRDA:267,112,1,0
BRDA:267,113,0,0
BRDA:267,113,1,0
BRDA:267,114,0,0
BRDA:267,114,1,0
BRDA:268,115,0,0
BRDA:268,115,1,0
BRDA:268,115,2,0
BRDA:268,116,0,0
BRDA:268,116,1,0
BRDA:268,117,0,0
BRDA:268,117,1,0
BRDA:268,118,0,0
BRDA:268,118,1,0
BRDA:268,119,0,0
BRDA:268,119,1,0
BRDA:274,120,0,0
BRDA:274,120,1,0
BRDA:274,120,2,0
BRDA:274,121,0,0
BRDA:274,121,1,0
BRDA:274,122,0,0
BRDA:274,122,1,0
BRDA:274,123,0,0
BRDA:274,123,1,0
BRDA:274,124,0,0
BRDA:274,124,1,0
BRDA:274,125,0,0
BRDA:274,125,1,0
BRDA:274,126,0,0
BRDA:274,126,1,0
BRDA:274,127,0,0
BRDA:274,127,1,0
BRDA:274,128,0,0
BRDA:274,128,1,0
BRDA:296,129,0,0
BRDA:296,129,1,0
BRDA:297,130,0,0
BRDA:297,130,1,0
BRDA:298,131,0,0
BRDA:298,131,1,0
BRDA:314,132,0,0
BRDA:314,132,1,0
BRDA:314,133,0,0
BRDA:314,133,1,0
BRDA:314,134,0,0
BRDA:314,134,1,0
BRDA:314,135,0,0
BRDA:314,135,1,0
BRDA:315,136,0,0
BRDA:315,137,0,0
BRDA:315,137,1,0
BRDA:319,138,0,0
BRDA:319,138,1,0
BRDA:319,138,2,0
BRDA:319,138,3,0
BRDA:319,139,0,0
BRDA:319,139,1,0
BRDA:319,140,0,0
BRDA:319,140,1,0
BRDA:319,141,0,0
BRDA:319,141,1,0
BRDA:319,142,0,0
BRDA:319,142,1,0
BRDA:319,143,0,0
BRDA:319,143,1,0
BRDA:319,144,0,0
BRDA:319,144,1,0
BRDA:324,145,0,0
BRDA:324,145,1,0
BRDA:324,146,0,0
BRDA:324,146,1,0
BRDA:324,147,0,0
BRDA:324,147,1,0
BRDA:324,148,0,0
BRDA:324,148,1,0
BRDA:325,149,0,0
BRDA:331,150,0,0
BRDA:337,151,0,0
BRDA:337,151,1,0
BRDA:338,152,0,0
BRDA:338,152,1,0
BRDA:339,153,0,0
BRDA:339,153,1,0
BRDA:115,154,0,0
BRDA:115,154,1,0
BRF:310
BRH:0
end_of_record
TN:
SF:src/modules/users/users.repository.ts
FN:8,(anonymous_9)
FN:10,(anonymous_10)
FN:20,(anonymous_12)
FN:32,(anonymous_14)
FN:42,(anonymous_16)
FN:52,(anonymous_18)
FN:62,(anonymous_20)
FN:73,(anonymous_22)
FN:84,(anonymous_24)
FN:94,(anonymous_26)
FN:105,(anonymous_28)
FN:116,(anonymous_30)
FN:127,(anonymous_32)
FN:138,(anonymous_34)
FNF:14
FNH:0
FNDA:0,(anonymous_9)
FNDA:0,(anonymous_10)
FNDA:0,(anonymous_12)
FNDA:0,(anonymous_14)
FNDA:0,(anonymous_16)
FNDA:0,(anonymous_18)
FNDA:0,(anonymous_20)
FNDA:0,(anonymous_22)
FNDA:0,(anonymous_24)
FNDA:0,(anonymous_26)
FNDA:0,(anonymous_28)
FNDA:0,(anonymous_30)
FNDA:0,(anonymous_32)
FNDA:0,(anonymous_34)
DA:1,0
DA:2,0
DA:4,0
DA:7,0
DA:8,0
DA:11,0
DA:12,0
DA:16,0
DA:21,0
DA:22,0
DA:28,0
DA:33,0
DA:34,0
DA:38,0
DA:43,0
DA:44,0
DA:48,0
DA:53,0
DA:54,0
DA:58,0
DA:63,0
DA:64,0
DA:69,0
DA:74,0
DA:75,0
DA:80,0
DA:85,0
DA:86,0
DA:90,0
DA:95,0
DA:96,0
DA:101,0
DA:106,0
DA:107,0
DA:112,0
DA:117,0
DA:118,0
DA:123,0
DA:128,0
DA:129,0
DA:134,0
DA:139,0
DA:140,0
DA:144,0
LF:44
LH:0
BRF:0
BRH:0
end_of_record
TN:
SF:src/modules/users/users.resolver.ts
FN:9,(anonymous_11)
FN:13,(anonymous_12)
FN:34,(anonymous_14)
FN:12,(anonymous_16)
FN:14,(anonymous_17)
FN:33,(anonymous_18)
FNF:6
FNH:0
FNDA:0,(anonymous_11)
FNDA:0,(anonymous_12)
FNDA:0,(anonymous_14)
FNDA:0,(anonymous_16)
FNDA:0,(anonymous_17)
FNDA:0,(anonymous_18)
DA:1,0
DA:2,0
DA:3,0
DA:4,0
DA:5,0
DA:8,0
DA:9,0
DA:12,0
DA:13,0
DA:14,0
DA:17,0
DA:18,0
DA:19,0
DA:20,0
DA:25,0
DA:33,0
DA:34,0
DA:35,0
DA:36,0
DA:37,0
LF:20
LH:0
BRF:0
BRH:0
end_of_record
TN:
SF:src/modules/users/users.service.ts
FN:10,(anonymous_9)
FN:16,(anonymous_10)
FN:42,(anonymous_12)
FN:46,(anonymous_14)
FN:59,(anonymous_16)
FN:63,(anonymous_18)
FN:67,(anonymous_20)
FN:81,(anonymous_22)
FN:85,(anonymous_24)
FN:105,(anonymous_26)
FN:111,(anonymous_28)
FN:117,(anonymous_30)
FN:119,(anonymous_32)
FN:130,(anonymous_33)
FN:141,(anonymous_35)
FNF:15
FNH:0
FNDA:0,(anonymous_9)
FNDA:0,(anonymous_10)
FNDA:0,(anonymous_12)
FNDA:0,(anonymous_14)
FNDA:0,(anonymous_16)
FNDA:0,(anonymous_18)
FNDA:0,(anonymous_20)
FNDA:0,(anonymous_22)
FNDA:0,(anonymous_24)
FNDA:0,(anonymous_26)
FNDA:0,(anonymous_28)
FNDA:0,(anonymous_30)
FNDA:0,(anonymous_32)
FNDA:0,(anonymous_33)
FNDA:0,(anonymous_35)
DA:1,0
DA:4,0
DA:5,0
DA:6,0
DA:9,0
DA:11,0
DA:12,0
DA:13,0
DA:17,0
DA:19,0
DA:20,0
DA:23,0
DA:32,0
DA:43,0
DA:47,0
DA:49,0
DA:51,0
DA:60,0
DA:64,0
DA:68,0
DA:69,0
DA:71,0
DA:72,0
DA:76,0
DA:82,0
DA:86,0
DA:93,0
DA:94,0
DA:97,0
DA:106,0
DA:112,0
DA:118,0
DA:119,0
DA:121,0
DA:122,0
DA:125,0
DA:131,0
DA:132,0
DA:133,0
DA:137,0
DA:142,0
DA:143,0
DA:145,0
DA:146,0
DA:147,0
DA:150,0
LF:46
LH:0
BRDA:19,0,0,0
BRDA:49,1,0,0
BRDA:68,2,0,0
BRDA:71,3,0,0
BRDA:71,4,0,0
BRDA:71,4,1,0
BRDA:93,5,0,0
BRDA:93,6,0,0
BRDA:93,6,1,0
BRDA:119,7,0,0
BRDA:119,7,1,0
BRDA:121,8,0,0
BRDA:146,9,0,0
BRF:13
BRH:0
end_of_record
TN:
SF:src/types/css-modules.d.ts
FNF:0
FNH:0
LF:0
LH:0
BRF:0
BRH:0
end_of_record
TN:
SF:src/utils/imageUtils.ts
FN:1,(anonymous_0)
FN:42,(anonymous_1)
FN:51,(anonymous_2)
FN:95,(anonymous_3)
FN:97,(anonymous_4)
FNF:5
FNH:0
FNDA:0,(anonymous_0)
FNDA:0,(anonymous_1)
FNDA:0,(anonymous_2)
FNDA:0,(anonymous_3)
FNDA:0,(anonymous_4)
DA:1,0
DA:7,0
DA:8,0
DA:9,0
DA:10,0
DA:14,0
DA:15,0
DA:18,0
DA:20,0
DA:21,0
DA:23,0
DA:24,0
DA:25,0
DA:27,0
DA:28,0
DA:31,0
DA:34,0
DA:35,0
DA:36,0
DA:39,0
DA:42,0
DA:43,0
DA:48,0
DA:51,0
DA:52,0
DA:56,0
DA:57,0
DA:80,0
DA:83,0
DA:84,0
DA:89,0
DA:92,0
DA:95,0
DA:96,0
DA:97,0
DA:98,0
DA:99,0
DA:101,0
DA:102,0
LF:39
LH:0
BRDA:3,0,0,0
BRDA:4,1,0,0
BRDA:7,2,0,0
BRDA:7,3,0,0
BRDA:7,3,1,0
BRDA:7,3,2,0
BRDA:7,3,3,0
BRDA:9,4,0,0
BRDA:14,5,0,0
BRDA:20,6,0,0
BRDA:20,6,1,0
BRDA:23,7,0,0
BRDA:23,7,1,0
BRDA:23,8,0,0
BRDA:23,8,1,0
BRDA:24,9,0,0
BRDA:24,9,1,0
BRDA:27,10,0,0
BRDA:27,10,1,0
BRDA:34,11,0,0
BRDA:35,12,0,0
BRDA:35,12,1,0
BRDA:42,13,0,0
BRDA:56,14,0,0
BRDA:80,15,0,0
BRDA:80,15,1,0
BRDA:83,16,0,0
BRDA:89,17,0,0
BRDA:89,17,1,0
BRDA:98,18,0,0
BRDA:98,19,0,0
BRDA:98,19,1,0
BRF:32
BRH:0
end_of_record
